
                                        PROGRAM TRAMO+

             (based on program TRAMO, Victor Gomez and Agustin Maravall©,1996)

         Developed at the Bank of Spain by Gianluca Caporello and Agustin Maravall,
         with programming support from Domingo Pérez Cañete and Roberto López Pavón.

                 VERSION: 1.0 (Revision: 942  Build: 2017/09/25 09:39:13)


 SERIES TITLE=FATEXP_26                                                                       

 INPUT PARAMETERS
   lam= 0   imean= 0   ireg= 3   seats= 2   int2=227   rsa= 0   modelsumm= 1   va=   3.742
 
   Name : NOT DEFINED.
   Reglist01
    Iuser= 2   Nser= 3   Ilong=   0
 
   Fixed Outliers:
   #Observ. Type
      11     AO
     108     AO
      61     LS
 

 NUMBER OF OBSERVATIONS: 227


 ORIGINAL SERIES 

 YEAR        JAN       FEB       MAR       APR       MAY       JUN       JUL       AUG       SEP       OCT       NOV       DEC 

 2005      50.200    52.200    55.700    50.400    52.800    47.700    51.900    60.400    47.600    46.400    54.500    41.200
 2006      50.600    48.600    48.300    48.700    48.800    46.600    48.500    59.800    48.700    51.500    52.100    44.400
 2007      53.400    51.800    49.400    51.600    50.600    48.600    50.600    55.100    45.500    47.600    45.000    40.200
 2008      48.600    49.500    45.600    48.200    48.900    46.800    46.100    54.400    46.100    48.100    49.400    41.500
 2009      50.900    46.800    45.200    52.200    48.200    43.400    51.200    56.500    46.200    48.300    47.900    42.200
 2010      59.200    59.100    55.000    57.300    58.000    55.300    62.600    67.000    55.500    60.900    56.200    50.300
 2011      64.000    59.900    59.700    62.900    64.300    55.500    60.100    68.000    56.200    56.700    57.100    49.900
 2012      63.700    60.300    56.100    60.100    57.100    51.100    58.400    67.900    59.300    59.500    56.300    50.700
 2013      63.600    62.200    59.700    62.900    61.600    57.200    61.800    69.300    55.700    58.700    61.800    46.000
 2014      63.800    60.700    57.100    61.800    59.400    56.000    64.600    69.600    60.200    61.200    58.700    55.800
 2015      64.200    61.900    62.500    62.300    61.000    54.700    64.500    69.000    63.100    57.900    59.900    51.700
 2016      65.300    64.400    68.400    65.500    63.700    61.700    65.700    72.500    62.500    61.300    61.600    58.200
 2017      67.600    63.600    64.900    66.600    61.900    60.900    62.500    71.500    63.100    66.400    61.000    57.900
 2018      67.800    67.600    62.600    66.000    65.400    59.200    66.200    71.600    66.200    66.200    63.900    56.500
 2019      67.600    67.300    66.900    68.700    60.500    64.900    65.300    72.600    64.500    68.500    61.700    61.000
 2020      69.200    68.700    67.100    68.500    67.300    64.800    63.600    70.300    66.600    65.900    61.900    53.200
 2021      71.300    67.900    66.200    63.900    65.600    66.500    64.200    69.100    65.400    60.900    62.100    61.700
 2022      69.100    68.900    65.700    68.000    66.200    65.100    65.400    73.600    66.800    69.200    66.300    60.600
 2023      70.400    68.200    66.400    68.400    65.400    62.900    67.400    71.300    66.100    60.400    61.900


 MODEL PARAMETERS            
 ----------------
  MQ= 12         IMEAN=  0      LAM=  0      D=  1       BD=  1
  P=  0          BP=  0         Q=  1        BQ=  1      IREG=  3
  ITRAD=  0      SMPDAY=  0     IEAST=  0      IDUR=  6     M= 36       IQM= 24
  INCON=  0      NBACK=  0      NPRED= 24    INTERP=  2  INIT=  0
  IFILT=  2      IROOT=  2    INIC=  0    ICONCE=  1
  ICDET=  1      IATIP=  0      IMVX=  0     IDIF=  0    PG=  0
  AIO=  2        INT1=  1       INT2= 227    RSA=  0     SEATS=  2
  VA= 3.74       TOL=  0.100E-03             PC=  0.120E+00
  NOADMISS= 1    STOCHTD 0    BIAS= 1
  THLIM=  0.000  BTHLIM=  0.000   RMOD=  0.500



TH =        -0.10

BTH =        -0.10

WARNING: When adjusting for degrees of freedom in
 order to compute white-noise residuals, the Housholder
 transformation contains an element of arbitrariness 
 that, when multiple regressors are entered, may produce
 a slight variation in results when the order in which
 regressors are entered changes



NUMBER OF INITIAL OBS. =  13

Log-Level pretest : LOGS are Selected
 DIFFERENCED TRANSFORMED SERIES

 YEAR        JAN       FEB       MAR       APR       MAY       JUN       JUL       AUG       SEP       OCT       NOV       DEC 

 2006                -0.079    -0.071     0.108    -0.044     0.055    -0.044     0.058     0.033     0.081    -0.149     0.120
 2007      -0.021     0.010    -0.041     0.035    -0.022     0.006     0.000    -0.124     0.014    -0.011    -0.068     0.047
 2008       0.005     0.049    -0.035     0.012     0.034    -0.004    -0.055     0.080     0.026    -0.003     0.083    -0.061
 2009       0.014    -0.102     0.047     0.089    -0.094    -0.061     0.180    -0.067    -0.036     0.002    -0.035     0.048
 2010       0.134     0.082    -0.037    -0.103     0.092     0.057    -0.041    -0.031     0.013     0.048    -0.072     0.016
 2011      -0.098    -0.065     0.069     0.011     0.010    -0.100    -0.044     0.056    -0.002    -0.084     0.087    -0.024
 2012       0.003     0.011    -0.069     0.017    -0.073     0.036     0.054     0.027     0.055    -0.005    -0.062     0.030
 2013      -0.017     0.033     0.031    -0.017     0.030     0.037    -0.056    -0.036    -0.083     0.049     0.107    -0.190
 2014       0.100    -0.028    -0.020     0.027    -0.019     0.015     0.066    -0.040     0.073    -0.036    -0.093     0.245
 2015      -0.187     0.013     0.071    -0.082     0.019    -0.050     0.022    -0.007     0.056    -0.102     0.076    -0.097
 2016       0.093     0.023     0.051    -0.040    -0.007     0.077    -0.102     0.031    -0.059     0.067    -0.029     0.090
 2017      -0.084    -0.047    -0.040     0.069    -0.045     0.016    -0.037     0.036     0.023     0.070    -0.090     0.005
 2018       0.008     0.058    -0.097     0.027     0.064    -0.083     0.086    -0.056     0.047    -0.051     0.049    -0.071
 2019       0.022    -0.001     0.071    -0.026    -0.118     0.170    -0.106     0.028    -0.040     0.060    -0.069     0.112
 2020      -0.053    -0.003    -0.018    -0.006     0.109    -0.108    -0.025    -0.006     0.064    -0.071     0.042    -0.140
 2021       0.167    -0.042    -0.002    -0.056     0.044     0.051    -0.017    -0.027    -0.001    -0.061     0.082     0.145
 2022      -0.180     0.046    -0.022     0.070    -0.053    -0.030     0.040     0.045    -0.042     0.107    -0.062    -0.083
 2023       0.037    -0.029     0.021    -0.005    -0.018    -0.022     0.065    -0.062     0.021    -0.125     0.067




 AUTOCORRELATIONS
 ----------------
     -0.4455   0.0398  -0.1264   0.1010  -0.0382   0.0479  -0.0879   0.0706  -0.0526   0.0372   0.2414  -0.5216
 SE   0.0684   0.0808   0.0809   0.0818   0.0824   0.0825   0.0826   0.0830   0.0833   0.0835   0.0835   0.0867
      0.2210  -0.0706   0.1552  -0.1129   0.0475  -0.0617   0.1150  -0.1406   0.1558  -0.0919   0.0010   0.0684
 SE   0.1003   0.1026   0.1028   0.1039   0.1045   0.1046   0.1047   0.1053   0.1062   0.1073   0.1076   0.1076
     -0.0651   0.0455  -0.0246   0.0030  -0.0441   0.0811  -0.1109   0.1645  -0.1567   0.0749  -0.1221   0.1129
 SE   0.1078   0.1080   0.1081   0.1081   0.1081   0.1082   0.1085   0.1090   0.1102   0.1112   0.1115   0.1121


 PARTIAL AUTOCORRELATIONS
 ---------------------
     -0.4455  -0.1980  -0.2510  -0.0989  -0.0765  -0.0103  -0.0832  -0.0132  -0.0459  -0.0265   0.3574  -0.3625
 SE   0.0684   0.0684   0.0684   0.0684   0.0684   0.0684   0.0684   0.0684   0.0684   0.0684   0.0684   0.0684
     -0.1814  -0.1669  -0.0879  -0.0635  -0.0597  -0.0289  -0.0250  -0.0642   0.0313   0.0159   0.2110  -0.0791
 SE   0.0684   0.0684   0.0684   0.0684   0.0684   0.0684   0.0684   0.0684   0.0684   0.0684   0.0684   0.0684
     -0.1325  -0.1083  -0.0023  -0.0226  -0.1242   0.0112  -0.0975   0.0387   0.0366  -0.0111  -0.0409  -0.0661
 SE   0.0684   0.0684   0.0684   0.0684   0.0684   0.0684   0.0684   0.0684   0.0684   0.0684   0.0684   0.0684
  
 ARIMA MODEL ESTIMATION 
  
 METHOD OF ESTIMATION: EXACT MAXIMUM LIKELIHOOD           
  
 PARAMETER      ESTIMATE           STD ERROR      T RATIO   LAG  
  
 TH1         -0.75980           0.45891E-01      -16.56      1
 BTH         -0.77500           0.44605E-01      -17.37     12
  
 
 REGULAR MA INVERSE ROOTS ARE 
 NO.     REAL P.     IMAG.P.     MODULUS    ARGUMENT      PERIOD
  1      0.75980       0.0000      0.75980       0.0000            -  
 
 SEASONAL MA INVERSE ROOTS ARE 
 NO.     REAL P.     IMAG.P.     MODULUS    ARGUMENT      PERIOD
  1      0.77500       0.0000      0.77500       0.0000            -  
  
 CORRELATIONS OF THE ESTIMATES 
  
  1.000   -0.249
 -0.249    1.000
  
 AIC 
    -758.304
  
 BIC 
     -6.3585
  
 FINAL VALUE OF OBJECTIVE FUNCTION: 
               0.34573    
  
 RADETN:    1.02827295217974     
 ITERATIONS:            2
  
  NUMBER OF FUNCTION EVALUATIONS:            8
  

 ESTIMATES OF REGRESSION PARAMETERS 
 CONCENTRATED OUT OF THE LIKELIHOOD 

 PARAMETER           VALUE          ST. ERROR     T VALUE
 OUT 1 ( 11)         0.11677        (     0.03713)    3.15   AO    (11 2005)
 OUT 2 (108)        -0.13106        (     0.03499)   -3.75   AO    (12 2013)
 OUT 3 ( 61)         0.16337        (     0.02455)    6.65   LS    ( 1 2010)

 VAR-CORRELATION MATRIX OF ESTIMATORS 

   0.138E-02
  -0.400E-02   0.122E-02
  -0.277E-01  -0.196E-01   0.603E-03


 VARIANCES ARE IN THE MAIN DIAGONAL; 
 OFF-DIAGONAL ELEMENTS ARE CORRELATIONS. 



ACF DIFFERENCED SERIES




 AUTOCORRELATIONS
 ----------------
     -0.4703   0.0485  -0.0907   0.0830  -0.0342   0.0273  -0.0842   0.0886  -0.0696   0.0242   0.2663  -0.5330
 SE   0.0684   0.0821   0.0822   0.0827   0.0831   0.0832   0.0832   0.0836   0.0840   0.0843   0.0843   0.0882
      0.2472  -0.0878   0.1362  -0.1097   0.0347  -0.0212   0.1035  -0.1383   0.1517  -0.0832  -0.0224   0.0893
 SE   0.1021   0.1049   0.1052   0.1060   0.1066   0.1066   0.1066   0.1071   0.1079   0.1089   0.1092   0.1093
     -0.0856   0.0711  -0.0354   0.0140  -0.0267   0.0658  -0.1172   0.1524  -0.1553   0.1006  -0.1274   0.1014
 SE   0.1096   0.1099   0.1101   0.1102   0.1102   0.1102   0.1104   0.1110   0.1120   0.1130   0.1134   0.1140
  
  
  NUMBER OF WHITE NOISE RESIDUALS          211
  
 WHITE NOISE RESIDUALS
  

 YEAR        JAN       FEB       MAR       APR       MAY       JUN       JUL       AUG       SEP       OCT       NOV       DEC 

 2006                                              -0.013     0.034    -0.010     0.038     0.055     0.106     0.054     0.044
 2007       0.037     0.001    -0.067     0.029    -0.017     0.017    -0.006    -0.092    -0.043    -0.007    -0.080    -0.017
 2008      -0.001     0.028    -0.057     0.021     0.022     0.033    -0.040    -0.012     0.033     0.040     0.059     0.016
 2009       0.033    -0.053    -0.050     0.094    -0.016    -0.060     0.083     0.011     0.004     0.016    -0.002     0.024
 2010       0.006     0.027    -0.023    -0.021     0.010     0.028     0.076    -0.011     0.001     0.058    -0.037     0.006
 2011       0.061    -0.001     0.034     0.034     0.055    -0.041    -0.034    -0.022    -0.012    -0.049    -0.012    -0.007
 2012       0.040     0.006    -0.037    -0.005    -0.054    -0.069    -0.001     0.029     0.081     0.025    -0.023     0.014
 2013       0.028     0.035     0.025     0.020     0.007     0.021    -0.000    -0.014    -0.048    -0.015     0.062     0.012
 2014      -0.008    -0.023    -0.038    -0.002    -0.026     0.007     0.058    -0.006     0.040     0.010    -0.028     0.065
 2015      -0.020    -0.015     0.043    -0.028    -0.022    -0.046     0.028    -0.025     0.071    -0.064    -0.001    -0.030
 2016       0.017     0.036     0.120     0.004    -0.005     0.051    -0.015    -0.015    -0.001    -0.025    -0.011     0.059
 2017      -0.008    -0.036     0.005     0.005    -0.047     0.022    -0.061    -0.014     0.021     0.067    -0.033     0.032
 2018      -0.008     0.029    -0.051    -0.010     0.017    -0.026     0.006    -0.027     0.051     0.028     0.006    -0.023
 2019      -0.021     0.010     0.022     0.012    -0.090     0.072    -0.031    -0.020    -0.000     0.051    -0.042     0.059
 2020      -0.012     0.008     0.000    -0.009     0.026     0.020    -0.076    -0.061     0.030    -0.008    -0.027    -0.090
 2021       0.054     0.013     0.003    -0.061     0.023     0.069    -0.035    -0.055     0.016    -0.073     0.011     0.099
 2022      -0.009     0.017    -0.014     0.010     0.008     0.016    -0.016     0.010     0.011     0.049     0.026     0.005
 2023      -0.022    -0.027    -0.021    -0.005    -0.021    -0.031     0.020    -0.030     0.001    -0.093    -0.012
 
 
  STABILITY TEST
 
 
     1. FULL PERIOD
                  FIRST HALF                    SECOND HALF
           Mean(t)          Variance      Mean(t)          Variance
       0.56E-02(  1.5    )  0.15E-02 -0.16E-02(-0.43    )  0.15E-02
 
      Mean assumed equal to 0
      VR(variance ratio)=  1.0    
 
      MEAN STABILITY IS NOT REJECTED.
      VARIANCE STABILITY IS NOT REJECTED.


 
     2. LAST 10 YEARS
                  FIRST HALF                    SECOND HALF
           Mean(t)          Variance      Mean(t)          Variance
       0.22E-02( 0.47    )  0.13E-02 -0.42E-02(-0.84    )  0.15E-02
 
      Mean assumed equal to 0
      VR(variance ratio)=  1.2    
 
      LAST 10 YEARS MEAN STABILITY IS NOT REJECTED.
      LAST 10 YEARS VARIANCE STABILITY IS NOT REJECTED.


 
  OUT-OF-SAMPLE TEST
  ------------------
      Model re-estimated on Linearized series for first 209 observations.
       18 One-Period-Ahead Forecasts computed with model fixed.
      Comparison between forecast errors (last   18 observations) and residuals (in-sample):

        Mean(Forecast Errors)
            p-value= 0.4002
            Mean of forecast errors can be assumed zero.

        Out-of-Sample MSE is :  0.9754E-03
        In-Sample MSE is :  0.1581E-02
        F( 18,196) is :  0.617E+00
            p-value(%)=88.4103

        Mean and Variance of forecast Errors and In-Sample residuals ARE NOT significantly different.


 TEST-STATISTICS ON RESIDUALS
 ----------------------------


           MEAN=   0.1976474E-02
        ST.DEV.=   0.2665989E-02
        OF MEAN
        T-VALUE=  0.7414

 NORMALITY TEST=  0.7331        ( CHI-SQUARE(2) )

       SKEWNESS=  0.1094          ( SE =  0.1686 )
       KURTOSIS=  3.1885          ( SE =  0.3373 )

 SUM OF SQUARES=   0.3129266    

  DURBIN-WATSON=  2.0083

 STANDARD ERROR=   0.3955354E-01
 OF RESID.
  MSE OF RESID.=   0.1564483E-02




 AUTOCORRELATIONS
 ----------------
      0.0090  -0.0161   0.0469   0.0429  -0.0689   0.0607  -0.0707   0.0523   0.0122  -0.0752  -0.0487  -0.1273
 SE   0.0688   0.0688   0.0688   0.0688   0.0688   0.0688   0.0688   0.0688   0.0688   0.0688   0.0688   0.0688
 Q      0.02     0.07     0.55     0.95     1.99     2.80     3.89     4.50     4.53     5.80     6.33     9.99
 PV    -1.00    -1.00     0.46     0.62     0.58     0.59     0.56     0.61     0.72     0.67     0.71     0.44
     -0.1276  -0.1332   0.1125  -0.0895  -0.0698   0.0655   0.0466  -0.0181   0.1071  -0.0717  -0.0218   0.1163
 SE   0.0688   0.0688   0.0688   0.0688   0.0688   0.0688   0.0688   0.0688   0.0688   0.0688   0.0688   0.0688
 Q     13.69    17.73    20.63    22.48    23.61    24.61    25.12    25.19    27.91    29.13    29.24    32.49
 PV     0.25     0.12     0.08     0.07     0.07     0.08     0.09     0.12     0.09     0.09     0.11     0.07
     -0.0492   0.0159   0.1156  -0.0535  -0.0426   0.0977  -0.0375   0.0426  -0.0322  -0.0318  -0.0678   0.0985
 SE   0.0688   0.0688   0.0688   0.0688   0.0688   0.0688   0.0688   0.0688   0.0688   0.0688   0.0688   0.0688
 Q     33.08    33.14    36.41    37.11    37.56    39.93    40.28    40.74    41.00    41.26    42.43    44.92
 PV     0.08     0.10     0.07     0.07     0.09     0.07     0.08     0.09     0.11     0.13     0.13     0.10

  LJUNG-BOX Q VALUE OF ORDER  24 IS     32.49 AND IF RESIDUALS ARE RANDOM IT SHOULD BE DISTRIBUTED AS CHI-SQUARE(22)
  p-value= 0.0693

  Given that the lag-12 autocorrelation is <0, the statistics Qs is not associated with
   the presence of residual seasonality. Thus Qs is set =0.

 APPROXIMATE TEST OF RUNS ON RESIDUALS
 -------------------------------------
  NUM.DATA= 211
   NUM.(+)= 106
   NUM.(-)= 105
  NUM.RUNS= 103
   T-VALUE= -0.4141


  NON-PARAMETRIC TEST FOR RESIDUAL SEASONALITY (FRIEDMAN) SEAS_NP =     17.86
    ASYMP. DISTRIBUTED AS CHI-SQUARE(11)
    p-value= 0.0849



 SQUARED RESIDUALS:
 ------------------




 AUTOCORRELATIONS
 ----------------
     -0.0301  -0.0478   0.0224  -0.0250   0.0604   0.0249  -0.0944  -0.0166  -0.0446  -0.0101  -0.0609   0.0630
 SE   0.0688   0.0688   0.0688   0.0688   0.0688   0.0688   0.0688   0.0688   0.0688   0.0688   0.0688   0.0688
 Q      0.19     0.68     0.79     0.93     1.73     1.86     3.82     3.89     4.33     4.35     5.18     6.08
 PV    -1.00    -1.00     0.37     0.63     0.63     0.76     0.58     0.69     0.74     0.82     0.82     0.81
     -0.0419  -0.0085   0.0760  -0.0353  -0.0372  -0.0357   0.0359   0.0798  -0.1385   0.0694  -0.0045   0.0401
 SE   0.0688   0.0688   0.0688   0.0688   0.0688   0.0688   0.0688   0.0688   0.0688   0.0688   0.0688   0.0688
 Q      6.48     6.50     7.82     8.10     8.42     8.72     9.02    10.52    15.06    16.20    16.21    16.59
 PV     0.84     0.89     0.86     0.88     0.91     0.92     0.94     0.91     0.72     0.70     0.76     0.79
     -0.0088  -0.0607  -0.0245   0.0288  -0.0534   0.1193  -0.0127  -0.0996  -0.0332  -0.0192  -0.0382  -0.0660
 SE   0.0688   0.0688   0.0688   0.0688   0.0688   0.0688   0.0688   0.0688   0.0688   0.0688   0.0688   0.0688
 Q     16.61    17.51    17.65    17.86    18.56    22.10    22.14    24.63    24.91    25.00    25.38    26.49
 PV     0.83     0.83     0.86     0.88     0.89     0.78     0.81     0.74     0.77     0.81     0.83     0.82

  McLEOD-LI Q VALUE OF ORDER  24 IS     16.59 AND IF RESIDUALS ARE RANDOM IT SHOULD BE DISTRIBUTED AS CHI-SQUARE(24)
  p-value= 0.8655
 
 
 
SPECTRAL DIAGNOSTICS
 --------------------
 
A. SEASONAL SPECTRAL PEAKS
 
                           Frequency (cycles per year)
                     One    Two   Three  Four   Five    Six  
 Original series      -T     AT     -t     AT     AT     --
 Linearized series    -T     AT     -t     AT     AT     --
 Residuals            -T     --     --     at     -t     --
 
 AT : peaks detected in AR(30) and using Tukey spectrum  estimator
 A- : only peaks detected in AR(30) spectrum estimator
 -T : only peaks detected using Tukey spectrum estimator
 -- : No peaks detected in AR(30) nor using Tukey spectrum estimator
 
 
 
B. STOCHASTIC SEASONALITY: SPECTRAL EVIDENCE
 
 1 :  SERIES CONTAINS SEASONALITY THAT CAN BE RELIABLY EXTRACTED.
 0 :  SEASONALITY IS NOT PRESENT IN THE SERIES OR IS TOO WEAK TO BE RELIABLY CAPTURED.
 
 ORIGINAL SERIES :   1
 LINEARIZED SERIES : 1
 RESIDUALS :         0
 
 
 
C. TRADING DAY EFFECT: SPECTRAL EVIDENCE
 
 1 :  TRADING DAY EFFECT DETECTED
 0 :  NO TRADING DAY EFFECT DETECTED
 
 LINEARIZED SERIES : 0
 RESIDUALS :         0
 
 
OVERALL TEST FOR IDENTIFIABLE SEASONALITY 
----------------------------------------- 
 
  AUTOCORRELATION FUNCTION EVIDENCE : YES
  NON-PARAMETRIC EVIDENCE           : YES
  F-TEST                            :  - 
  SPECTRAL EVIDENCE                 : YES
 
IDENTIFIABLE SEASONALITY FOUND IN SERIES
 
 
OVERALL TEST FOR RESIDUALS SEASONALITY 
----------------------------------------- 
 
  AUTOCORRELATION FUNCTION EVIDENCE : NO 
  NON-PARAMETRIC EVIDENCE           : NO 
  F-TEST                            : NO 
  SPECTRAL EVIDENCE                 : NO 
 
NO IDENTIFIABLE SEASONALITY FOUND IN RESIDUALS
 
 
ARIMA MODEL : GOOD FIT
----------------------

ALL TEST ARE PASSED
 
QUALITY ARIMA MODEL TESTS
----------------------------------------

  Mean in residuals                      :GOOD        
  Autocorrelation in residuals           :GOOD        
  Normality of residuals                 :GOOD        
  Skewness of residuals                  :GOOD        
  Kurtosis of residuals                  :GOOD        
  Randomness of residual sign            :GOOD        
  Instability of residual mean           :GOOD        
  Instability of residual variance       :GOOD        
  Seasonality in residuals               :GOOD        
  Trading day in residuals               :GOOD        
  Out-of-sample forecast errors          :GOOD        
  Number of outliers                     :GOOD        
 


 LINEAR SERIES


 YEAR        JAN       FEB       MAR       APR       MAY       JUN       JUL       AUG       SEP       OCT       NOV       DEC 

 2005      59.109    61.464    65.585    59.344    62.170    56.165    61.111    71.119    56.047    54.634    57.100    48.512
 2006      59.580    57.225    56.872    57.343    57.460    54.870    57.107    70.413    57.343    60.640    61.346    52.280
 2007      62.877    60.993    58.167    60.757    59.580    57.225    59.580    64.878    53.575    56.047    52.986    47.334
 2008      57.225    58.285    53.692    56.754    57.578    55.105    54.281    64.054    54.281    56.636    58.167    48.865
 2009      59.933    55.105    53.221    61.464    56.754    51.102    60.286    66.527    54.399    56.872    56.401    49.689
 2010      59.200    59.100    55.000    57.300    58.000    55.300    62.600    67.000    55.500    60.900    56.200    50.300
 2011      64.000    59.900    59.700    62.900    64.300    55.500    60.100    68.000    56.200    56.700    57.100    49.900
 2012      63.700    60.300    56.100    60.100    57.100    51.100    58.400    67.900    59.300    59.500    56.300    50.700
 2013      63.600    62.200    59.700    62.900    61.600    57.200    61.800    69.300    55.700    58.700    61.800    52.442
 2014      63.800    60.700    57.100    61.800    59.400    56.000    64.600    69.600    60.200    61.200    58.700    55.800
 2015      64.200    61.900    62.500    62.300    61.000    54.700    64.500    69.000    63.100    57.900    59.900    51.700
 2016      65.300    64.400    68.400    65.500    63.700    61.700    65.700    72.500    62.500    61.300    61.600    58.200
 2017      67.600    63.600    64.900    66.600    61.900    60.900    62.500    71.500    63.100    66.400    61.000    57.900
 2018      67.800    67.600    62.600    66.000    65.400    59.200    66.200    71.600    66.200    66.200    63.900    56.500
 2019      67.600    67.300    66.900    68.700    60.500    64.900    65.300    72.600    64.500    68.500    61.700    61.000
 2020      69.200    68.700    67.100    68.500    67.300    64.800    63.600    70.300    66.600    65.900    61.900    53.200
 2021      71.300    67.900    66.200    63.900    65.600    66.500    64.200    69.100    65.400    60.900    62.100    61.700
 2022      69.100    68.900    65.700    68.000    66.200    65.100    65.400    73.600    66.800    69.200    66.300    60.600
 2023      70.400    68.200    66.400    68.400    65.400    62.900    67.400    71.300    66.100    60.400    61.900


  AUTOCORRELATION FUNCTION TEST FOR SEASONALITY IN LINEARIZEDSERIES QS =   268.67  ASIMPTOTICALLY DISTRIBUTED AS CHI-SQUARE(2)
    p-value= 0.0000


  NON-PARAMETRIC TEST FOR SEASONALITY IN LINEARIZED SERIES (FRIEDMAN) SEAS_NP =    148.91
    ASYMP. DISTRIBUTED AS CHI-SQUARE(11)
    p-value= 0.0000


TOTAL OUTLIER EFFECT FACTORS


 YEAR        JAN       FEB       MAR       APR       MAY       JUN       JUL       AUG       SEP       OCT       NOV       DEC 

 2005      84.928    84.928    84.928    84.928    84.928    84.928    84.928    84.928    84.928    84.928    95.447    84.928
 2006      84.928    84.928    84.928    84.928    84.928    84.928    84.928    84.928    84.928    84.928    84.928    84.928
 2007      84.928    84.928    84.928    84.928    84.928    84.928    84.928    84.928    84.928    84.928    84.928    84.928
 2008      84.928    84.928    84.928    84.928    84.928    84.928    84.928    84.928    84.928    84.928    84.928    84.928
 2009      84.928    84.928    84.928    84.928    84.928    84.928    84.928    84.928    84.928    84.928    84.928    84.928
 2010     100.000   100.000   100.000   100.000   100.000   100.000   100.000   100.000   100.000   100.000   100.000   100.000
 2011     100.000   100.000   100.000   100.000   100.000   100.000   100.000   100.000   100.000   100.000   100.000   100.000
 2012     100.000   100.000   100.000   100.000   100.000   100.000   100.000   100.000   100.000   100.000   100.000   100.000
 2013     100.000   100.000   100.000   100.000   100.000   100.000   100.000   100.000   100.000   100.000   100.000    87.716
 2014     100.000   100.000   100.000   100.000   100.000   100.000   100.000   100.000   100.000   100.000   100.000   100.000
 2015     100.000   100.000   100.000   100.000   100.000   100.000   100.000   100.000   100.000   100.000   100.000   100.000
 2016     100.000   100.000   100.000   100.000   100.000   100.000   100.000   100.000   100.000   100.000   100.000   100.000
 2017     100.000   100.000   100.000   100.000   100.000   100.000   100.000   100.000   100.000   100.000   100.000   100.000
 2018     100.000   100.000   100.000   100.000   100.000   100.000   100.000   100.000   100.000   100.000   100.000   100.000
 2019     100.000   100.000   100.000   100.000   100.000   100.000   100.000   100.000   100.000   100.000   100.000   100.000
 2020     100.000   100.000   100.000   100.000   100.000   100.000   100.000   100.000   100.000   100.000   100.000   100.000
 2021     100.000   100.000   100.000   100.000   100.000   100.000   100.000   100.000   100.000   100.000   100.000   100.000
 2022     100.000   100.000   100.000   100.000   100.000   100.000   100.000   100.000   100.000   100.000   100.000   100.000
 2023     100.000   100.000   100.000   100.000   100.000   100.000   100.000   100.000   100.000   100.000   100.000
 
 
 
 FORECAST FUNCTION OF ORIGINAL SERIES: 
  
ORIGIN: 227 PERIODS AHEAD: 24
  
 OBS    DATE         FORECAST          STD ERROR        FORECAST          STD ERROR   
                        (SERIES IN LOGS)                     (SERIES IN LEVELS)       
 228  Dec-2023       4.05484          0.387033E-01       57.6759           2.23309    
 229  Jan-2024       4.22689          0.397965E-01       68.5037           2.72728    
 230  Feb-2024       4.20306          0.408675E-01       66.8909           2.73480    
 231  Mar-2024       4.17658          0.419111E-01       65.1427           2.73140    
 232  Apr-2024       4.19745          0.429294E-01       66.5165           2.85683    
 233  May-2024       4.16621          0.439241E-01       64.4706           2.83318    
 234  Jun-2024       4.13858          0.448967E-01       62.7134           2.81705    
 235  Jul-2024       4.17448          0.458487E-01       65.0059           2.98200    
 236  Aug-2024       4.26537          0.467814E-01       71.1914           3.33226    
 237  Sep-2024       4.17145          0.476958E-01       64.8092           3.09289    
 238  Oct-2024       4.15385          0.485930E-01       63.6789           3.09618    
 239  Nov-2024       4.13293          0.494740E-01       62.3603           3.08710    
 240  Dec-2024       4.05512          0.526533E-01       57.6921           3.03979    
 241  Jan-2025       4.22717          0.538661E-01       68.5230           3.69374    
 242  Feb-2025       4.20334          0.550563E-01       66.9097           3.68659    
 243  Mar-2025       4.17686          0.562214E-01       65.1610           3.66634    
 244  Apr-2025       4.19773          0.573628E-01       66.5352           3.81978    
 245  May-2025       4.16649          0.584819E-01       64.4887           3.77465    
 246  Jun-2025       4.13886          0.595800E-01       62.7310           3.74083    
 247  Jul-2025       4.17476          0.606582E-01       65.0242           3.94788    
 248  Aug-2025       4.26565          0.617176E-01       71.2114           4.39918    
 249  Sep-2025       4.17173          0.627591E-01       64.8274           4.07252    
 250  Oct-2025       4.15413          0.637836E-01       63.6968           4.06695    
 251  Nov-2025       4.13321          0.647919E-01       62.3779           4.04582    
