
                                        PROGRAM TRAMO+

             (based on program TRAMO, Victor Gomez and Agustin Maravall©,1996)

         Developed at the Bank of Spain by Gianluca Caporello and Agustin Maravall,
         with programming support from Domingo Pérez Cañete and Roberto López Pavón.

                 VERSION: 1.0 (Revision: 942  Build: 2017/09/25 09:39:13)


 SERIES TITLE=DIVIZ13                                                                         

 INPUT PARAMETERS
   lam= 0   imean= 0   ireg= 8   ieast= 3   seats= 2   int2=227   rsa= 0   modelsumm= 1   va=   3.742
 
  WARNING :
    Remember to define the regression variable name in the first line of the external regression file.
   Name : NOT DEFINED.
   Reglist01
    Iuser=-1   Nser= 1   Ilong= 312
 
   Name : NOT DEFINED.
   Reglist02
    Iuser= 2   Nser= 7   Ilong=   0
 
   Fixed Outliers:
   #Observ. Type
     128     AO
      56     AO
      48     LS
       8     AO
     184     AO
     183     LS
     188     AO
 

 NUMBER OF OBSERVATIONS: 227


 ORIGINAL SERIES 

 YEAR        JAN       FEB       MAR       APR       MAY       JUN       JUL       AUG       SEP       OCT       NOV       DEC 

 2005      91.800    97.000   111.300   116.000   117.600   110.800   106.800    42.200   113.300   115.000   118.700    91.800
 2006      91.100    95.800   119.100   101.000   121.700   115.600   108.400    49.000   112.200   124.200   125.000    92.400
 2007     100.700    99.600   119.600   108.600   123.800   113.400   110.800    51.800   108.700   130.300   117.700    90.200
 2008     101.000   102.000   105.100   120.200   114.400   105.500   109.200    40.100    99.200   113.000   100.700    70.900
 2009      71.600    72.000    85.300    84.700    80.900    79.500    91.100    31.500    84.200    96.100    93.000    72.400
 2010      71.000    79.300    97.100    95.500   100.000    96.900   100.400    43.900    96.000   105.200   100.900    86.100
 2011      79.900    95.800   109.800   106.000   115.400   105.200   108.700    51.200   101.400   102.500   105.200    87.400
 2012      84.300    94.400   110.100    97.300   111.000   101.000   105.500    48.600    91.700   110.300   102.300    73.000
 2013      87.800    83.700    97.200   103.700   112.500    96.700   106.800    45.700    98.200   111.100   102.600    78.500
 2014      89.900    93.100   103.300   111.800   110.600   100.900   113.700    46.300   104.000   117.800    99.100    84.400
 2015      86.200    92.100   112.900   114.900   108.400   111.500   117.500    44.200   105.400   113.800   105.400    87.600
 2016      86.900    97.700   112.800   113.000   118.700   110.000   110.900    53.800   103.100   105.300   106.800    91.200
 2017      93.200    98.800   124.000   103.800   125.300   117.600   117.000    61.100   109.500   121.800   114.200    90.500
 2018     100.100   100.200   116.500   113.400   126.500   122.000   124.600    61.600   109.500   124.700   114.900    86.600
 2019     104.700   104.100   123.400   114.900   124.700   108.200   122.000    56.600   103.500   121.500   106.200    86.300
 2020     106.000   107.700   103.000    45.100    80.000    88.700   100.300    50.700    87.300    97.300    87.900    71.900
 2021      78.400    89.300   107.900   100.300   103.800   111.100   110.600    59.100   112.800   112.900   116.300    96.800
 2022      99.500   121.100   134.600   126.200   136.200   125.200   127.900    73.900   129.800   127.600   129.300    97.700
 2023     115.100   125.200   145.600   119.000   132.700   132.300   129.600    64.500   120.800   127.200   110.300

DATES OF EASTER DURING THE REQUESTED TIME SPAN 

 YEAR MONTH  DAY 

   2005   MARCH   27
   2006   APRIL   16
   2007   APRIL    8
   2008   MARCH   23
   2009   APRIL   12
   2010   APRIL    4
   2011   APRIL   24
   2012   APRIL    8
   2013   MARCH   31
   2014   APRIL   20
   2015   APRIL    5
   2016   MARCH   27
   2017   APRIL   16
   2018   APRIL    1
   2019   APRIL   21
   2020   APRIL   12
   2021   APRIL    4
   2022   APRIL   17
   2023   APRIL    9
   2024   MARCH   31
   2025   APRIL   20
   2026   APRIL    5


 MODEL PARAMETERS            
 ----------------
  MQ= 12         IMEAN=  0      LAM=  0      D=  1       BD=  1
  P=  0          BP=  0         Q=  1        BQ=  1      IREG=  8
  ITRAD=  0      SMPDAY=  0     IEAST=  3      IDUR=  6     M= 36       IQM= 24
  INCON=  0      NBACK=  0      NPRED= 24    INTERP=  2  INIT=  0
  IFILT=  2      IROOT=  2    INIC=  0    ICONCE=  1
  ICDET=  1      IATIP=  0      IMVX=  0     IDIF=  0    PG=  0
  AIO=  2        INT1=  1       INT2= 227    RSA=  0     SEATS=  2
  VA= 3.74       TOL=  0.100E-03             PC=  0.120E+00
  NOADMISS= 1    STOCHTD 0    BIAS= 1
  THLIM=  0.000  BTHLIM=  0.000   RMOD=  0.500



TH =        -0.10

BTH =        -0.10

WARNING: When adjusting for degrees of freedom in
 order to compute white-noise residuals, the Housholder
 transformation contains an element of arbitrariness 
 that, when multiple regressors are entered, may produce
 a slight variation in results when the order in which
 regressors are entered changes



NUMBER OF INITIAL OBS. =  13

Log-Level pretest : LOGS are Selected
 DIFFERENCED TRANSFORMED SERIES

 YEAR        JAN       FEB       MAR       APR       MAY       JUN       JUL       AUG       SEP       OCT       NOV       DEC 

 2006                -0.005     0.080    -0.206     0.173     0.008    -0.028     0.135    -0.159     0.087    -0.025    -0.045
 2007       0.094    -0.061    -0.035     0.068    -0.055    -0.036     0.041     0.034    -0.087     0.080    -0.108     0.036
 2008       0.027     0.021    -0.153     0.231    -0.180     0.007     0.058    -0.241     0.165    -0.051    -0.014    -0.085
 2009      -0.103    -0.004     0.140    -0.141     0.004     0.064     0.102    -0.060     0.077     0.002     0.082     0.100
 2010      -0.029     0.105     0.033    -0.010     0.092    -0.014    -0.101     0.235    -0.201    -0.041    -0.009     0.092
 2011      -0.055     0.071    -0.066    -0.019     0.039    -0.061    -0.003     0.074    -0.099    -0.081     0.068    -0.027
 2012       0.039    -0.068     0.017    -0.088     0.047    -0.002     0.011    -0.022    -0.048     0.174    -0.101    -0.152
 2013       0.221    -0.161    -0.004     0.188    -0.050    -0.057     0.056    -0.074     0.130    -0.061    -0.004     0.070
 2014      -0.049     0.083    -0.046     0.014    -0.092     0.060     0.020    -0.050     0.044     0.001    -0.093     0.107
 2015      -0.114     0.031     0.100    -0.062    -0.047     0.120    -0.067    -0.079     0.060    -0.048     0.096    -0.024
 2016      -0.029     0.051    -0.060    -0.016     0.107    -0.104    -0.044     0.254    -0.219    -0.056     0.091     0.027
 2017       0.030    -0.059     0.083    -0.180     0.139     0.013    -0.013     0.074    -0.067     0.085    -0.079    -0.075
 2018       0.079    -0.057    -0.076     0.151    -0.079     0.027     0.026    -0.055    -0.008     0.024    -0.017    -0.050
 2019       0.089    -0.007     0.019    -0.044    -0.027    -0.106     0.099    -0.064     0.028     0.030    -0.053     0.075
 2020       0.016     0.022    -0.215    -0.754     0.491     0.245     0.003     0.086    -0.060    -0.052     0.033     0.007
 2021      -0.119     0.114     0.234     0.753    -0.539    -0.035    -0.127     0.056     0.103    -0.108     0.131     0.017
 2022      -0.059     0.066    -0.084     0.009     0.042    -0.152     0.026     0.078    -0.083    -0.018    -0.016    -0.097
 2023       0.136    -0.112     0.045    -0.137     0.033     0.081    -0.042    -0.149     0.064     0.069    -0.156




 AUTOCORRELATIONS
 ----------------
     -0.3257  -0.0876   0.1063  -0.0191   0.0038   0.0667  -0.0743   0.1276  -0.0630   0.1211   0.1131  -0.2709
 SE   0.0684   0.0753   0.0757   0.0764   0.0765   0.0765   0.0767   0.0771   0.0780   0.0783   0.0791   0.0799
      0.0282  -0.0124   0.0320  -0.0785   0.0794  -0.0180   0.0776  -0.1595   0.0453  -0.0849   0.0376  -0.2477
 SE   0.0841   0.0841   0.0841   0.0842   0.0845   0.0849   0.0849   0.0852   0.0866   0.0867   0.0871   0.0872
      0.2107  -0.0261  -0.0912   0.0238   0.0266  -0.1469   0.0008   0.0375  -0.0617   0.0398  -0.0565   0.0970
 SE   0.0904   0.0927   0.0927   0.0931   0.0932   0.0932   0.0943   0.0943   0.0943   0.0945   0.0946   0.0948


 PARTIAL AUTOCORRELATIONS
 ---------------------
     -0.3257  -0.2166   0.0013   0.0053   0.0248   0.0853  -0.0206   0.1272   0.0051   0.1620   0.2289  -0.1454
 SE   0.0684   0.0684   0.0684   0.0684   0.0684   0.0684   0.0684   0.0684   0.0684   0.0684   0.0684   0.0684
     -0.1351  -0.2070  -0.0404  -0.1537   0.0237   0.0185   0.1184  -0.0597  -0.0465  -0.0602   0.0765  -0.3193
 SE   0.0684   0.0684   0.0684   0.0684   0.0684   0.0684   0.0684   0.0684   0.0684   0.0684   0.0684   0.0684
     -0.0211  -0.0584  -0.0643  -0.1023   0.0376  -0.0520  -0.0023   0.0377  -0.0212   0.0452  -0.0149  -0.1303
 SE   0.0684   0.0684   0.0684   0.0684   0.0684   0.0684   0.0684   0.0684   0.0684   0.0684   0.0684   0.0684
  
 ARIMA MODEL ESTIMATION 
  
 METHOD OF ESTIMATION: EXACT MAXIMUM LIKELIHOOD           
  
 PARAMETER      ESTIMATE           STD ERROR      T RATIO   LAG  
  
 TH1         -0.44000           0.62466E-01       -7.04      1
 BTH         -0.57042           0.57134E-01       -9.98     12
  
 
 REGULAR MA INVERSE ROOTS ARE 
 NO.     REAL P.     IMAG.P.     MODULUS    ARGUMENT      PERIOD
  1      0.44000       0.0000      0.44000       0.0000            -  
 
 SEASONAL MA INVERSE ROOTS ARE 
 NO.     REAL P.     IMAG.P.     MODULUS    ARGUMENT      PERIOD
  1      0.57042       0.0000      0.57042       0.0000            -  
  
 CORRELATIONS OF THE ESTIMATES 
  
  1.000   -0.185
 -0.185    1.000
  
 AIC 
    -707.099
  
 BIC 
     -5.9921
  
 FINAL VALUE OF OBJECTIVE FUNCTION: 
               0.41524    
  
 RADETN:    1.01160511839147     
 ITERATIONS:            2
  
  NUMBER OF FUNCTION EVALUATIONS:            8
  

 ESTIMATES OF REGRESSION PARAMETERS 
 CONCENTRATED OUT OF THE LIKELIHOOD 

 PARAMETER           VALUE          ST. ERROR     T VALUE
 REG      1          0.37811E-01    (     0.00258)   14.63
 EAST     1         -0.32300E-01    (     0.01077)   -3.00
 OUT 1 (128)        -0.14845        (     0.03370)   -4.41   AO    ( 8 2015)
 OUT 2 ( 56)        -0.15799        (     0.03382)   -4.67   AO    ( 8 2009)
 OUT 3 ( 48)        -0.15508        (     0.03571)   -4.34   LS    (12 2008)
 OUT 4 (  8)        -0.14676        (     0.03804)   -3.86   AO    ( 8 2005)
 OUT 5 (184)        -0.70608        (     0.03549)  -19.90   AO    ( 4 2020)
 OUT 6 (183)        -0.26233        (     0.03682)   -7.12   LS    ( 3 2020)
 OUT 7 (188)         0.10032        (     0.03390)    2.96   AO    ( 8 2020)

 VAR-CORRELATION MATRIX OF ESTIMATORS 

   0.668E-05
   0.187E+00   0.116E-03
   0.637E-01   0.126E-01   0.114E-02
   0.662E-01   0.141E-01   0.175E-01   0.114E-02
  -0.836E-02   0.128E-02  -0.102E-02  -0.116E-01   0.128E-02
  -0.239E-01  -0.746E-02   0.184E-02   0.691E-01  -0.618E-02   0.145E-02
  -0.166E+00  -0.156E+00  -0.107E-01  -0.112E-01   0.102E-02   0.435E-02   0.126E-02
   0.448E-01   0.644E-01   0.272E-02   0.306E-02  -0.141E-03  -0.125E-02  -0.242E+00   0.136E-02
   0.891E-01   0.144E-01   0.288E-01   0.702E-02  -0.794E-03  -0.183E-02   0.114E-01  -0.116E-01   0.115E-02


 VARIANCES ARE IN THE MAIN DIAGONAL; 
 OFF-DIAGONAL ELEMENTS ARE CORRELATIONS. 



ACF DIFFERENCED SERIES




 AUTOCORRELATIONS
 ----------------
     -0.3438  -0.1107   0.1536  -0.0400  -0.0122   0.0749  -0.0822   0.1371  -0.0749   0.0978   0.1590  -0.3036
 SE   0.0684   0.0760   0.0768   0.0782   0.0783   0.0783   0.0786   0.0790   0.0801   0.0805   0.0810   0.0825
      0.0286   0.0343   0.0141  -0.0911   0.0931  -0.0132   0.0781  -0.1525   0.0333  -0.0514   0.0083  -0.2156
 SE   0.0875   0.0876   0.0876   0.0876   0.0881   0.0885   0.0885   0.0889   0.0901   0.0901   0.0903   0.0903
      0.2235  -0.0596  -0.1229   0.0870   0.0130  -0.1707   0.0311   0.0350  -0.0673   0.0463  -0.0564   0.0958
 SE   0.0927   0.0951   0.0953   0.0961   0.0964   0.0964   0.0978   0.0979   0.0979   0.0982   0.0983   0.0984
  
  
  NUMBER OF WHITE NOISE RESIDUALS          205
  
 WHITE NOISE RESIDUALS
  

 YEAR        JAN       FEB       MAR       APR       MAY       JUN       JUL       AUG       SEP       OCT       NOV       DEC 

 2006                                                                                                           0.018     0.034
 2007      -0.008    -0.012     0.002    -0.018     0.002    -0.031    -0.022     0.054    -0.013     0.003    -0.061    -0.016
 2008       0.045    -0.002    -0.004     0.003    -0.028    -0.023    -0.032    -0.106    -0.054     0.005    -0.008    -0.003
 2009       0.037    -0.038    -0.025    -0.009    -0.011    -0.023     0.116     0.059    -0.020     0.047     0.022    -0.044
 2010       0.048     0.058     0.032     0.011     0.071     0.045     0.029     0.018    -0.023     0.019    -0.038     0.007
 2011      -0.014     0.123     0.014     0.018    -0.007    -0.019     0.032     0.054    -0.093    -0.105    -0.005     0.060
 2012      -0.058    -0.020     0.023    -0.034    -0.014    -0.017    -0.012     0.033    -0.025    -0.025    -0.013    -0.085
 2013       0.060    -0.056     0.022     0.033     0.034    -0.010    -0.027     0.012     0.037    -0.015     0.026    -0.040
 2014       0.065     0.026    -0.040     0.075    -0.042    -0.011     0.002     0.003    -0.012     0.016    -0.068     0.048
 2015      -0.009    -0.012     0.038    -0.014    -0.010     0.044    -0.006     0.030    -0.045    -0.018    -0.030     0.007
 2016       0.032    -0.015     0.018    -0.031    -0.000    -0.001     0.017     0.018    -0.058    -0.042     0.022     0.086
 2017      -0.029     0.025     0.000    -0.023     0.028     0.025     0.007     0.083    -0.030    -0.013    -0.023     0.034
 2018      -0.057    -0.023    -0.023    -0.013     0.008     0.037     0.003     0.030     0.005    -0.050    -0.012    -0.068
 2019       0.056     0.019     0.026    -0.046    -0.034    -0.064    -0.012     0.023    -0.042     0.020    -0.000    -0.036
 2020       0.124     0.035     0.036    -0.065    -0.138     0.043     0.069     0.032    -0.013     0.040    -0.030    -0.027
 2021       0.062     0.055    -0.015    -0.000     0.083     0.098    -0.018     0.073     0.057    -0.019     0.058    -0.003
 2022      -0.018     0.112    -0.073     0.088    -0.001    -0.080    -0.006     0.084    -0.032    -0.057    -0.003    -0.040
 2023      -0.002    -0.008    -0.029    -0.044    -0.046     0.015    -0.020    -0.105     0.013    -0.024    -0.117
 
 
  STABILITY TEST
 
 
     1. FULL PERIOD
                  FIRST HALF                    SECOND HALF
           Mean(t)          Variance      Mean(t)          Variance
       0.66E-03( 0.16    )  0.17E-02 -0.70E-04(-0.15E-01)  0.22E-02
 
      Mean assumed equal to 0
      VR(variance ratio)=  1.3    
 
      MEAN STABILITY IS NOT REJECTED.
      VARIANCE STABILITY IS NOT REJECTED.


 
     2. LAST 10 YEARS
                  FIRST HALF                    SECOND HALF
           Mean(t)          Variance      Mean(t)          Variance
       0.79E-03( 0.18    )  0.12E-02 -0.45E-03(-0.64E-01)  0.30E-02
 
      Mean assumed equal to 0
      VR(variance ratio)=  2.6    
 
      LAST 10 YEARS MEAN STABILITY IS NOT REJECTED.
      LAST 10 YEARS VARIANCE STABILITY IS REJECTED.


 
  OUT-OF-SAMPLE TEST
  ------------------
      Model re-estimated on Linearized series for first 209 observations.
       18 One-Period-Ahead Forecasts computed with model fixed.
      Comparison between forecast errors (last   18 observations) and residuals (in-sample):

        Mean(Forecast Errors)
            p-value= 0.0037
            Mean of forecast errors cannot be assumed zero.

        Out-of-Sample MSE is :  0.2926E-02
        In-Sample MSE is :  0.1814E-02
        F( 18,196) is :  0.161E+01
            p-value(%)= 5.9714

        Mean and Variance of forecast Errors and In-Sample residuals ARE significantly different


 TEST-STATISTICS ON RESIDUALS
 ----------------------------


           MEAN=   0.2946834E-03
        ST.DEV.=   0.3084945E-02
        OF MEAN
        T-VALUE=  0.0955

 NORMALITY TEST=   3.408        ( CHI-SQUARE(2) )

       SKEWNESS=  0.0905          ( SE =  0.1711 )
       KURTOSIS=  3.6051          ( SE =  0.3422 )

 SUM OF SQUARES=   0.3725783    

  DURBIN-WATSON=  2.1185

 STANDARD ERROR=   0.4470834E-01
 OF RESID.
  MSE OF RESID.=   0.1998836E-02




 AUTOCORRELATIONS
 ----------------
     -0.0042  -0.0546   0.1122  -0.0199   0.0731   0.1462   0.0388   0.0643  -0.0032   0.0706   0.0500   0.0332
 SE   0.0698   0.0698   0.0698   0.0698   0.0698   0.0698   0.0698   0.0698   0.0698   0.0698   0.0698   0.0698
 Q      0.00     0.63     3.27     3.35     4.49     9.04     9.37    10.26    10.26    11.34    11.89    12.13
 PV    -1.00    -1.00     0.07     0.19     0.21     0.06     0.10     0.11     0.17     0.18     0.22     0.28
     -0.0218  -0.0665  -0.0790  -0.1068   0.0866  -0.0004   0.0195  -0.1436  -0.1488  -0.0978  -0.1129  -0.1706
 SE   0.0698   0.0698   0.0698   0.0698   0.0698   0.0698   0.0698   0.0698   0.0698   0.0698   0.0698   0.0698
 Q     12.24    13.22    14.62    17.18    18.87    18.87    18.96    23.68    28.79    31.01    33.98    40.80
 PV     0.35     0.35     0.33     0.25     0.22     0.28     0.33     0.17     0.07     0.06     0.04     0.01
      0.1270  -0.0866  -0.1373  -0.0608  -0.0547  -0.1251   0.0127  -0.0147  -0.1455  -0.0261  -0.0010   0.0568
 SE   0.0698   0.0698   0.0698   0.0698   0.0698   0.0698   0.0698   0.0698   0.0698   0.0698   0.0698   0.0698
 Q     44.60    46.38    50.88    51.76    52.48    56.28    56.32    56.37    61.60    61.76    61.76    62.57
 PV     0.00     0.00     0.00     0.00     0.00     0.00     0.00     0.00     0.00     0.00     0.00     0.00

  LJUNG-BOX Q VALUE OF ORDER  24 IS     40.80 AND IF RESIDUALS ARE RANDOM IT SHOULD BE DISTRIBUTED AS CHI-SQUARE(22)
  p-value= 0.0087
  THE PIERCE QS VALUE IS      0.24 AND IF RESIDUALS ARE RANDOM IT SHOULD BE DISTRIBUTED AS CHI-SQUARE(2)

 APPROXIMATE TEST OF RUNS ON RESIDUALS
 -------------------------------------
  NUM.DATA= 205
   NUM.(+)= 103
   NUM.(-)= 102
  NUM.RUNS= 110
   T-VALUE=  0.9802


  NON-PARAMETRIC TEST FOR RESIDUAL SEASONALITY (FRIEDMAN) SEAS_NP =     16.89
    ASYMP. DISTRIBUTED AS CHI-SQUARE(11)
    p-value= 0.1111



 SQUARED RESIDUALS:
 ------------------




 AUTOCORRELATIONS
 ----------------
      0.0541  -0.0014   0.0545   0.0869  -0.0652  -0.0051  -0.0030   0.0690  -0.0297  -0.0093   0.0418   0.0880
 SE   0.0698   0.0698   0.0698   0.0698   0.0698   0.0698   0.0698   0.0698   0.0698   0.0698   0.0698   0.0698
 Q      0.61     0.61     1.23     2.83     3.73     3.74     3.74     4.76     4.95     4.97     5.36     7.06
 PV    -1.00    -1.00     0.27     0.24     0.29     0.44     0.59     0.57     0.67     0.76     0.80     0.72
      0.0977   0.0072   0.0216   0.1077   0.0528  -0.0252   0.0811  -0.0530   0.0998   0.0091   0.0352   0.0108
 SE   0.0698   0.0698   0.0698   0.0698   0.0698   0.0698   0.0698   0.0698   0.0698   0.0698   0.0698   0.0698
 Q      9.17     9.18     9.28    11.88    12.51    12.66    14.16    14.80    17.10    17.12    17.41    17.44
 PV     0.61     0.69     0.75     0.62     0.64     0.70     0.66     0.68     0.58     0.65     0.69     0.74
      0.0697   0.0511   0.1338  -0.0894   0.1058   0.0650  -0.0100  -0.0550   0.0002  -0.0883  -0.0532  -0.0767
 SE   0.0698   0.0698   0.0698   0.0698   0.0698   0.0698   0.0698   0.0698   0.0698   0.0698   0.0698   0.0698
 Q     18.58    19.20    23.47    25.39    28.08    29.11    29.14    29.88    29.88    31.81    32.52    34.00
 PV     0.73     0.74     0.55     0.50     0.41     0.41     0.46     0.47     0.52     0.48     0.49     0.47

  McLEOD-LI Q VALUE OF ORDER  24 IS     17.44 AND IF RESIDUALS ARE RANDOM IT SHOULD BE DISTRIBUTED AS CHI-SQUARE(24)
  p-value= 0.8295
 
 
 
SPECTRAL DIAGNOSTICS
 --------------------
 
A. SEASONAL SPECTRAL PEAKS
 
                           Frequency (cycles per year)
                     One    Two   Three  Four   Five    Six  
 Original series      aT     AT     AT     aT     aT     aT
 Linearized series    AT     AT     AT     AT     AT     aT
 Residuals            --     At     --     --     --     --
 
 AT : peaks detected in AR(30) and using Tukey spectrum  estimator
 A- : only peaks detected in AR(30) spectrum estimator
 -T : only peaks detected using Tukey spectrum estimator
 -- : No peaks detected in AR(30) nor using Tukey spectrum estimator
 
 
 
B. STOCHASTIC SEASONALITY: SPECTRAL EVIDENCE
 
 1 :  SERIES CONTAINS SEASONALITY THAT CAN BE RELIABLY EXTRACTED.
 0 :  SEASONALITY IS NOT PRESENT IN THE SERIES OR IS TOO WEAK TO BE RELIABLY CAPTURED.
 
 ORIGINAL SERIES :   1
 LINEARIZED SERIES : 1
 RESIDUALS :         0
 
 
 
C. TRADING DAY EFFECT: SPECTRAL EVIDENCE
 
 1 :  TRADING DAY EFFECT DETECTED
 0 :  NO TRADING DAY EFFECT DETECTED
 
 LINEARIZED SERIES : 0
 RESIDUALS :         0
 
 
OVERALL TEST FOR IDENTIFIABLE SEASONALITY 
----------------------------------------- 
 
  AUTOCORRELATION FUNCTION EVIDENCE : YES
  NON-PARAMETRIC EVIDENCE           : YES
  F-TEST                            :  - 
  SPECTRAL EVIDENCE                 : YES
 
IDENTIFIABLE SEASONALITY FOUND IN SERIES
 
 
OVERALL TEST FOR RESIDUALS SEASONALITY 
----------------------------------------- 
 
  AUTOCORRELATION FUNCTION EVIDENCE : NO 
  NON-PARAMETRIC EVIDENCE           : NO 
  F-TEST                            : NO 
  SPECTRAL EVIDENCE                 : NO 
 
NO IDENTIFIABLE SEASONALITY FOUND IN RESIDUALS
 
 
ARIMA MODEL : MILDLY POOR FIT
-----------------------------
 
QUALITY ARIMA MODEL TESTS
----------------------------------------

  Mean in residuals                      :GOOD        
  Autocorrelation in residuals           :ACCEPTABLE  
  Normality of residuals                 :GOOD        
  Skewness of residuals                  :GOOD        
  Kurtosis of residuals                  :GOOD        
  Randomness of residual sign            :GOOD        
  Instability of residual mean           :GOOD        
  Instability of residual variance       :POOR        
  Seasonality in residuals               :GOOD        
  Trading day in residuals               :GOOD        
  Out-of-sample forecast errors          :GOOD        
  Number of outliers                     :GOOD        
 


 LINEAR SERIES


 YEAR        JAN       FEB       MAR       APR       MAY       JUN       JUL       AUG       SEP       OCT       NOV       DEC 

 2005      62.124    64.323    74.344    75.001    75.809    72.216    73.468    31.504    73.037    79.109    77.356    60.474
 2006      59.363    63.528    74.168    72.745    78.452    75.344    74.568    31.587    75.115    82.267    81.462    65.650
 2007      63.183    66.048    77.349    75.316    79.806    73.910    73.391    33.392    75.576    83.105    76.704    61.709
 2008      63.372    65.129    75.718    74.833    76.588    71.411    69.648    27.881    63.948    72.071    68.154    54.541
 2009      56.582    55.754    64.420    63.599    65.683    60.508    67.850    28.841    63.384    74.332    70.774    53.628
 2010      58.270    61.407    71.761    70.560    78.178    73.751    77.658    33.047    72.266    84.507    76.786    61.409
 2011      63.141    74.184    82.923    82.660    86.870    80.068    87.318    38.542    76.331    82.338    80.059    67.233
 2012      64.146    70.388    83.150    78.799    83.558    76.871    81.603    36.585    74.452    82.150    77.852    58.320
 2013      64.331    64.815    78.739    78.296    84.687    76.435    79.544    35.727    76.771    82.746    81.089    60.387
 2014      68.408    72.094    81.021    87.182    86.465    79.754    84.683    37.591    78.288    87.736    78.323    64.926
 2015      68.120    71.319    86.188    85.351    88.011    84.863    87.513    40.085    79.342    88.023    80.211    64.887
 2016      71.319    72.849    87.986    85.317    89.354    83.721    89.086    40.499    77.611    84.587    81.276    70.157
 2017      70.919    76.508    90.173    87.302    94.323    89.506    93.986    45.994    85.605    94.211    86.908    75.087
 2018      73.343    77.592    90.872    88.919    95.226    92.854    96.377    46.371    88.904    92.875    87.441    69.185
 2019      76.713    80.612    96.786    89.600    93.871    85.525    90.864    44.249    80.914    90.492    83.934    66.387
 2020      80.659    83.399   101.120    89.190    84.435    87.759    97.109    46.607    85.429    97.835    86.958    69.232
 2021      83.643    89.893   103.661    96.334   105.489   109.922   111.208    57.833   110.382   117.895   115.053    89.750
 2022     102.215   121.904   127.240   132.860   133.281   123.872   133.559    72.316   127.018   133.246   127.914    97.700
 2023     113.853   126.031   137.639   130.108   129.856   130.897   135.334    63.118   122.766   127.899   109.118


  AUTOCORRELATION FUNCTION TEST FOR SEASONALITY IN LINEARIZEDSERIES QS =   403.38  ASIMPTOTICALLY DISTRIBUTED AS CHI-SQUARE(2)
    p-value= 0.0000


  NON-PARAMETRIC TEST FOR SEASONALITY IN LINEARIZED SERIES (FRIEDMAN) SEAS_NP =    179.12
    ASYMP. DISTRIBUTED AS CHI-SQUARE(11)
    p-value= 0.0000


TOTAL OUTLIER EFFECT FACTORS


 YEAR        JAN       FEB       MAR       APR       MAY       JUN       JUL       AUG       SEP       OCT       NOV       DEC 

 2005     151.802   151.802   151.802   151.802   151.802   151.802   151.802   131.081   151.802   151.802   151.802   151.802
 2006     151.802   151.802   151.802   151.802   151.802   151.802   151.802   151.802   151.802   151.802   151.802   151.802
 2007     151.802   151.802   151.802   151.802   151.802   151.802   151.802   151.802   151.802   151.802   151.802   151.802
 2008     151.802   151.802   151.802   151.802   151.802   151.802   151.802   151.802   151.802   151.802   151.802   129.995
 2009     129.995   129.995   129.995   129.995   129.995   129.995   129.995   110.997   129.995   129.995   129.995   129.995
 2010     129.995   129.995   129.995   129.995   129.995   129.995   129.995   129.995   129.995   129.995   129.995   129.995
 2011     129.995   129.995   129.995   129.995   129.995   129.995   129.995   129.995   129.995   129.995   129.995   129.995
 2012     129.995   129.995   129.995   129.995   129.995   129.995   129.995   129.995   129.995   129.995   129.995   129.995
 2013     129.995   129.995   129.995   129.995   129.995   129.995   129.995   129.995   129.995   129.995   129.995   129.995
 2014     129.995   129.995   129.995   129.995   129.995   129.995   129.995   129.995   129.995   129.995   129.995   129.995
 2015     129.995   129.995   129.995   129.995   129.995   129.995   129.995   112.061   129.995   129.995   129.995   129.995
 2016     129.995   129.995   129.995   129.995   129.995   129.995   129.995   129.995   129.995   129.995   129.995   129.995
 2017     129.995   129.995   129.995   129.995   129.995   129.995   129.995   129.995   129.995   129.995   129.995   129.995
 2018     129.995   129.995   129.995   129.995   129.995   129.995   129.995   129.995   129.995   129.995   129.995   129.995
 2019     129.995   129.995   129.995   129.995   129.995   129.995   129.995   129.995   129.995   129.995   129.995   129.995
 2020     129.995   129.995   100.000    49.357   100.000   100.000   100.000   110.553   100.000   100.000   100.000   100.000
 2021     100.000   100.000   100.000   100.000   100.000   100.000   100.000   100.000   100.000   100.000   100.000   100.000
 2022     100.000   100.000   100.000   100.000   100.000   100.000   100.000   100.000   100.000   100.000   100.000   100.000
 2023     100.000   100.000   100.000   100.000   100.000   100.000   100.000   100.000   100.000   100.000   100.000


TOTAL TRADING DAY - EASTER - LEAP YEAR EFFECT FACTORS


 YEAR        JAN       FEB       MAR       APR       MAY       JUN       JUL       AUG       SEP       OCT       NOV       DEC 

 2005     100.000   100.000    98.398   101.628   100.000   100.000   100.000   100.000   100.000   100.000   100.000   100.000
 2006     100.000   100.000   101.628    98.398   100.000   100.000   100.000   100.000   100.000   100.000   100.000   100.000
 2007     100.000   100.000   101.628    98.398   100.000   100.000   100.000   100.000   100.000   100.000   100.000   100.000
 2008     100.000   100.000    98.398   101.628   100.000   100.000   100.000   100.000   100.000   100.000   100.000   100.000
 2009     100.000   100.000   101.628    98.398   100.000   100.000   100.000   100.000   100.000   100.000   100.000   100.000
 2010     100.000   100.000   100.000   100.000   100.000   100.000   100.000   100.000   100.000   100.000   100.000   100.000
 2011     100.000   100.000   101.628    98.398   100.000   100.000   100.000   100.000   100.000   100.000   100.000   100.000
 2012     100.000   100.000   101.628    98.398   100.000   100.000   100.000   100.000   100.000   100.000   100.000   100.000
 2013     100.000   100.000    98.398   101.628   100.000   100.000   100.000   100.000   100.000   100.000   100.000   100.000
 2014     100.000   100.000   101.628    98.398   100.000   100.000   100.000   100.000   100.000   100.000   100.000   100.000
 2015     100.000   100.000   100.540    99.463   100.000   100.000   100.000   100.000   100.000   100.000   100.000   100.000
 2016     100.000   100.000    98.398   101.628   100.000   100.000   100.000   100.000   100.000   100.000   100.000   100.000
 2017     100.000   100.000   101.628    98.398   100.000   100.000   100.000   100.000   100.000   100.000   100.000   100.000
 2018     100.000   100.000    98.398   101.628   100.000   100.000   100.000   100.000   100.000   100.000   100.000   100.000
 2019     100.000   100.000   101.628    98.398   100.000   100.000   100.000   100.000   100.000   100.000   100.000   100.000
 2020     100.000   100.000   101.628    98.398   100.000   100.000   100.000   100.000   100.000   100.000   100.000   100.000
 2021     100.000   100.000   100.000   100.000   100.000   100.000   100.000   100.000   100.000   100.000   100.000   100.000
 2022     100.000   100.000   101.628    98.398   100.000   100.000   100.000   100.000   100.000   100.000   100.000   100.000
 2023     100.000   100.000   101.628    98.398   100.000   100.000   100.000   100.000   100.000   100.000   100.000


TOTAL REGRESSION EFFECT FACTORS


 YEAR        JAN       FEB       MAR       APR       MAY       JUN       JUL       AUG       SEP       OCT       NOV       DEC 

 2005      97.344    99.340   100.227   100.254   102.190   101.072    95.763   102.190   102.190    95.763   101.083   100.000
 2006     101.095    99.340   104.089    92.952   102.190   101.072    95.763   102.190    98.398    99.453   101.083    92.717
 2007     104.991    99.340   100.227    96.534   102.190   101.072    99.453   102.190    94.747   103.286   101.083    96.290
 2008     104.991   103.169    92.927   104.117    98.398    97.322   103.286    94.747   102.190   103.286    97.333   100.000
 2009      97.344    99.340   100.227   104.117    94.747   101.072   103.286    98.398   102.190    99.453   101.083   103.853
 2010      93.732    99.340   104.089   104.117    98.398   101.072    99.453   102.190   102.190    95.763   101.083   107.855
 2011      97.344    99.340   100.227   100.254   102.190   101.072    95.763   102.190   102.190    95.763   101.083   100.000
 2012     101.095   103.169   100.227    96.534   102.190   101.072    99.453   102.190    94.747   103.286   101.083    96.290
 2013     104.991    99.340    96.508   100.254   102.190    97.322   103.286    98.398    98.398   103.286    97.333   100.000
 2014     101.095    99.340    96.508   100.254    98.398    97.322   103.286    94.747   102.190   103.286    97.333   100.000
 2015      97.344    99.340   100.227   104.117    94.747   101.072   103.286    98.398   102.190    99.453   101.083   103.853
 2016      93.732   103.169   100.227   100.254   102.190   101.072    95.763   102.190   102.190    95.763   101.083   100.000
 2017     101.095    99.340   104.089    92.952   102.190   101.072    95.763   102.190    98.398    99.453   101.083    92.717
 2018     104.991    99.340   100.227    96.534   102.190   101.072    99.453   102.190    94.747   103.286   101.083    96.290
 2019     104.991    99.340    96.508   100.254   102.190    97.322   103.286    98.398    98.398   103.286    97.333   100.000
 2020     101.095    99.340   100.227   104.117    94.747   101.072   103.286    98.398   102.190    99.453   101.083   103.853
 2021      93.732    99.340   104.089   104.117    98.398   101.072    99.453   102.190   102.190    95.763   101.083   107.855
 2022      97.344    99.340   104.089    96.534   102.190   101.072    95.763   102.190   102.190    95.763   101.083   100.000
 2023     101.095    99.340   104.089    92.952   102.190   101.072    95.763   102.190    98.398    99.453   101.083
 
 
 
 FORECAST FUNCTION OF ORIGINAL SERIES: 
  
ORIGIN: 227 PERIODS AHEAD: 24
  
 OBS    DATE         FORECAST          STD ERROR        FORECAST          STD ERROR   
                        (SERIES IN LOGS)                     (SERIES IN LEVELS)       
 228  Dec-2023       4.41996          0.433770E-01       83.0932           3.60603    
 229  Jan-2024       4.68961          0.492324E-01       108.811           5.36028    
 230  Feb-2024       4.77724          0.546991E-01       118.777           6.50183    
 231  Mar-2024       4.79627          0.605523E-01       121.058           7.33708    
 232  Apr-2024       4.82808          0.650861E-01       124.971           8.14250    
 233  May-2024       4.84513          0.687176E-01       127.120           8.74568    
 234  Jun-2024       4.78370          0.728381E-01       119.546           8.71910    
 235  Jul-2024       4.89112          0.767243E-01       133.103           10.2273    
 236  Aug-2024       4.13684          0.803896E-01       62.6049           5.04092    
 237  Sep-2024       4.76637          0.838244E-01       117.492           9.86600    
 238  Oct-2024       4.87370          0.872297E-01       130.804           11.4317    
 239  Nov-2024       4.71588          0.904612E-01       111.707           10.1259    
 240  Dec-2024       4.51678          0.998806E-01       91.5407           9.16599    
 241  Jan-2025       4.67300          0.105592           107.019           11.3318    
 242  Feb-2025       4.76063          0.111020           116.820           13.0094    
 243  Mar-2025       4.84977          0.116442           127.711           14.9215    
 244  Apr-2025       4.81698          0.121290           123.592           15.0457    
 245  May-2025       4.82852          0.126038           125.026           15.8208    
 246  Jun-2025       4.80490          0.130635           122.108           16.0199    
 247  Jul-2025       4.91232          0.135073           135.955           18.4478    
 248  Aug-2025       4.12023          0.139449           61.5735           8.62826    
 249  Sep-2025       4.82538          0.143478           124.634           17.9746    
 250  Oct-2025       4.89490          0.147545           133.606           19.8207    
 251  Nov-2025       4.73708          0.151483           114.101           17.3839    
