
                                        PROGRAM TRAMO+

             (based on program TRAMO, Victor Gomez and Agustin Maravall©,1996)

         Developed at the Bank of Spain by Gianluca Caporello and Agustin Maravall,
         with programming support from Domingo Pérez Cañete and Roberto López Pavón.

                 VERSION: 1.0 (Revision: 942  Build: 2017/09/25 09:39:13)


 SERIES TITLE=DIVIE18                                                                         

 INPUT PARAMETERS
   lam= 0   imean= 0   ireg= 3   ieast= 3   seats= 2   int2=227   rsa= 0   modelsumm= 1   va=   3.742
 
  WARNING :
    Remember to define the regression variable name in the first line of the external regression file.
   Name : NOT DEFINED.
   Reglist01
    Iuser=-1   Nser= 1   Ilong= 312
 
   Name : NOT DEFINED.
   Reglist02
    Iuser= 2   Nser= 2   Ilong=   0
 
   Fixed Outliers:
   #Observ. Type
      51     LS
     184     TC
 

 NUMBER OF OBSERVATIONS: 227


 ORIGINAL SERIES 

 YEAR        JAN       FEB       MAR       APR       MAY       JUN       JUL       AUG       SEP       OCT       NOV       DEC 

 2005      91.000   108.400   119.400   104.400   111.100   123.000   142.600   130.300   154.400   154.400   144.800   128.200
 2006     101.100   107.600   152.500   102.800   114.700   119.100   118.500   116.900   156.900   150.200   139.700   117.100
 2007     108.200   109.900   130.200    98.100   109.500   124.300   149.500   139.300   149.500   166.100   147.900   132.100
 2008     133.000   128.500   128.200   133.100   128.600   136.400   150.600   126.200   168.000   170.700   141.400   134.500
 2009     105.300   122.200   114.100   100.500   104.100   118.200   138.500   113.200   137.600   139.000   125.500   109.100
 2010      95.500   108.000   123.800   116.100   111.600   115.300   118.300   127.400   144.600   145.300   135.100   124.800
 2011      98.100   120.500   136.300   119.900   129.700   119.800   123.800   145.800   155.200   161.600   136.000   119.300
 2012     107.100   108.900   125.100   114.400   111.000   114.700   129.700   122.600   137.500   146.300   122.200    99.200
 2013     101.700    99.200   102.800   105.900   103.800   100.400   120.300   106.500   126.300   136.700   103.000    89.200
 2014      91.200    88.700   103.600   103.600   100.300   102.800   109.700   105.000   125.700   134.500   105.100    88.700
 2015      80.700    84.000   103.700    99.200    95.000   103.200   111.800    87.600   118.200   119.400   105.100    91.900
 2016      84.200    91.600   105.600   104.000   100.000   104.200   105.000   101.200   122.100   123.200   107.800    92.500
 2017      83.200    87.400   113.800    87.800   106.000   106.200   107.900    90.700   133.500   123.300   101.800    84.800
 2018      91.900    88.200    97.100    89.100    95.500    98.700   103.200    96.300   111.600   127.300   113.300    89.200
 2019      92.800    97.000    98.300    97.300   108.800   102.500   123.500   110.600   128.200   135.900   112.200    85.300
 2020      89.000    83.600    85.700    60.100    62.800    78.100    91.300    76.500   109.600   110.400    95.400    86.900
 2021      71.800    82.700    97.500    99.600   100.100   104.000   107.100    90.400   120.600   128.700   125.600   105.400
 2022      90.100   125.200   138.200   111.700   132.100   131.400   123.100   109.800   138.300   130.900   125.900    95.900
 2023      92.400    99.100   115.700    93.000   106.000   110.400   103.600    89.800   112.000   113.400   108.600

DATES OF EASTER DURING THE REQUESTED TIME SPAN 

 YEAR MONTH  DAY 

   2005   MARCH   27
   2006   APRIL   16
   2007   APRIL    8
   2008   MARCH   23
   2009   APRIL   12
   2010   APRIL    4
   2011   APRIL   24
   2012   APRIL    8
   2013   MARCH   31
   2014   APRIL   20
   2015   APRIL    5
   2016   MARCH   27
   2017   APRIL   16
   2018   APRIL    1
   2019   APRIL   21
   2020   APRIL   12
   2021   APRIL    4
   2022   APRIL   17
   2023   APRIL    9
   2024   MARCH   31
   2025   APRIL   20
   2026   APRIL    5


 MODEL PARAMETERS            
 ----------------
  MQ= 12         IMEAN=  0      LAM=  0      D=  1       BD=  1
  P=  0          BP=  0         Q=  1        BQ=  1      IREG=  3
  ITRAD=  0      SMPDAY=  0     IEAST=  3      IDUR=  6     M= 36       IQM= 24
  INCON=  0      NBACK=  0      NPRED= 24    INTERP=  2  INIT=  0
  IFILT=  2      IROOT=  2    INIC=  0    ICONCE=  1
  ICDET=  1      IATIP=  0      IMVX=  0     IDIF=  0    PG=  0
  AIO=  2        INT1=  1       INT2= 227    RSA=  0     SEATS=  2
  VA= 3.74       TOL=  0.100E-03             PC=  0.120E+00
  NOADMISS= 1    STOCHTD 0    BIAS= 1
  THLIM=  0.000  BTHLIM=  0.000   RMOD=  0.500



TH =        -0.10

BTH =        -0.10

WARNING: When adjusting for degrees of freedom in
 order to compute white-noise residuals, the Housholder
 transformation contains an element of arbitrariness 
 that, when multiple regressors are entered, may produce
 a slight variation in results when the order in which
 regressors are entered changes



NUMBER OF INITIAL OBS. =  13

Log-Level pretest : LOGS are Selected
 DIFFERENCED TRANSFORMED SERIES

 YEAR        JAN       FEB       MAR       APR       MAY       JUN       JUL       AUG       SEP       OCT       NOV       DEC 

 2006                -0.113     0.252    -0.260     0.047    -0.064    -0.153     0.077     0.125    -0.044    -0.008    -0.055
 2007       0.158    -0.047    -0.179     0.111     0.000     0.089     0.190    -0.057    -0.224     0.149    -0.044     0.063
 2008       0.086    -0.050    -0.172     0.321    -0.144    -0.068    -0.086    -0.106     0.215    -0.089    -0.072     0.063
 2009      -0.252     0.183    -0.066    -0.164     0.070     0.068     0.059    -0.025    -0.091    -0.006     0.086    -0.090
 2010       0.112    -0.026     0.205     0.063    -0.075    -0.094    -0.133     0.276    -0.069    -0.005     0.029     0.061
 2011      -0.108     0.083    -0.013    -0.064     0.118    -0.112     0.007     0.089    -0.064     0.036    -0.100    -0.052
 2012       0.133    -0.189     0.015     0.039    -0.109     0.112     0.090    -0.220     0.052     0.022    -0.008    -0.078
 2013       0.133    -0.042    -0.103     0.119     0.010    -0.066     0.058    -0.066     0.056     0.017    -0.103     0.065
 2014      -0.003    -0.003     0.120    -0.030    -0.012     0.058    -0.116     0.078     0.009    -0.011     0.036    -0.026
 2015      -0.117     0.068     0.055    -0.044    -0.011     0.058     0.015    -0.200     0.120    -0.058     0.119     0.035
 2016       0.007     0.044    -0.068     0.029     0.004    -0.042    -0.072     0.207    -0.112    -0.001    -0.006    -0.019
 2017      -0.018    -0.035     0.122    -0.244     0.228    -0.039     0.008    -0.137     0.199    -0.088    -0.058    -0.030
 2018       0.186    -0.090    -0.168     0.173    -0.119     0.031     0.029     0.104    -0.239     0.211     0.075    -0.056
 2019      -0.041     0.085    -0.083     0.076     0.042    -0.093     0.142    -0.041     0.000    -0.073    -0.075    -0.035
 2020       0.003    -0.107     0.011    -0.345    -0.068     0.278    -0.030    -0.067     0.212    -0.051     0.046     0.181
 2021      -0.233     0.204     0.140     0.376    -0.039    -0.180    -0.127     0.007    -0.071     0.058     0.122    -0.082
 2022       0.034     0.188    -0.066    -0.234     0.163    -0.044    -0.095     0.055    -0.057    -0.120    -0.015    -0.097
 2023       0.120    -0.259     0.056    -0.006    -0.037     0.046     0.002    -0.029    -0.010     0.067    -0.004




 AUTOCORRELATIONS
 ----------------
     -0.3671  -0.0643   0.1389  -0.1081   0.0011   0.1107  -0.0863   0.0257  -0.0027  -0.0328   0.2612  -0.5103
 SE   0.0684   0.0770   0.0773   0.0784   0.0791   0.0791   0.0798   0.0803   0.0803   0.0803   0.0804   0.0843
      0.1617   0.0575  -0.1146   0.0682   0.0748  -0.1878   0.0459   0.0321  -0.0278   0.0222  -0.0690   0.1036
 SE   0.0976   0.0989   0.0990   0.0997   0.0999   0.1001   0.1018   0.1019   0.1019   0.1019   0.1020   0.1022
     -0.0753  -0.0069  -0.0035  -0.0147  -0.0342   0.1265  -0.0617   0.0258  -0.0060   0.0354   0.0052  -0.0674
 SE   0.1027   0.1029   0.1029   0.1029   0.1029   0.1030   0.1037   0.1039   0.1039   0.1039   0.1040   0.1040


 PARTIAL AUTOCORRELATIONS
 ---------------------
     -0.3671  -0.2301   0.0310  -0.0597  -0.0448   0.0808  -0.0002   0.0147  -0.0208  -0.0252   0.2861  -0.4146
 SE   0.0684   0.0684   0.0684   0.0684   0.0684   0.0684   0.0684   0.0684   0.0684   0.0684   0.0684   0.0684
     -0.1426  -0.0944  -0.0204  -0.0336   0.0310  -0.0412  -0.0861  -0.0505   0.0256  -0.0360   0.1063  -0.1357
 SE   0.0684   0.0684   0.0684   0.0684   0.0684   0.0684   0.0684   0.0684   0.0684   0.0684   0.0684   0.0684
     -0.1092  -0.0859  -0.1228  -0.0743   0.0059   0.0404  -0.0682   0.0112   0.0002   0.0641   0.0854  -0.1003
 SE   0.0684   0.0684   0.0684   0.0684   0.0684   0.0684   0.0684   0.0684   0.0684   0.0684   0.0684   0.0684
  
 ARIMA MODEL ESTIMATION 
  
 METHOD OF ESTIMATION: EXACT MAXIMUM LIKELIHOOD           
  
 PARAMETER      ESTIMATE           STD ERROR      T RATIO   LAG  
  
 TH1         -0.47596           0.61474E-01       -7.74      1
 BTH         -0.68161           0.51146E-01      -13.33     12
  
 
 REGULAR MA INVERSE ROOTS ARE 
 NO.     REAL P.     IMAG.P.     MODULUS    ARGUMENT      PERIOD
  1      0.47596       0.0000      0.47596       0.0000            -  
 
 SEASONAL MA INVERSE ROOTS ARE 
 NO.     REAL P.     IMAG.P.     MODULUS    ARGUMENT      PERIOD
  1      0.68161       0.0000      0.68161       0.0000            -  
  
 CORRELATIONS OF THE ESTIMATES 
  
  1.000   -0.209
 -0.209    1.000
  
 AIC 
    -558.331
  
 BIC 
     -5.3888
  
 FINAL VALUE OF OBJECTIVE FUNCTION: 
               0.87197    
  
 RADETN:    1.01828118289038     
 ITERATIONS:            2
  
  NUMBER OF FUNCTION EVALUATIONS:            8
  

 ESTIMATES OF REGRESSION PARAMETERS 
 CONCENTRATED OUT OF THE LIKELIHOOD 

 PARAMETER           VALUE          ST. ERROR     T VALUE
 REG      1          0.36613E-01    (     0.00375)    9.76
 EAST     1         -0.44898E-01    (     0.01634)   -2.75
 OUT 1 ( 51)        -0.20128        (     0.05154)   -3.91   LS    ( 3 2009)
 OUT 2 (184)        -0.40451        (     0.05413)   -7.47   TC    ( 4 2020)

 VAR-CORRELATION MATRIX OF ESTIMATORS 

   0.141E-04
   0.164E+00   0.267E-03
  -0.327E-01   0.302E-01   0.266E-02
  -0.763E-01  -0.124E+00  -0.193E-03   0.293E-02


 VARIANCES ARE IN THE MAIN DIAGONAL; 
 OFF-DIAGONAL ELEMENTS ARE CORRELATIONS. 



ACF DIFFERENCED SERIES




 AUTOCORRELATIONS
 ----------------
     -0.3780  -0.0699   0.1521  -0.1179   0.0083   0.1041  -0.0870   0.0333  -0.0048  -0.0348   0.2662  -0.5045
 SE   0.0684   0.0775   0.0778   0.0792   0.0800   0.0800   0.0806   0.0811   0.0811   0.0811   0.0812   0.0852
      0.1650   0.0583  -0.1252   0.0695   0.0715  -0.1695   0.0305   0.0384  -0.0356   0.0348  -0.0735   0.0968
 SE   0.0982   0.0995   0.0996   0.1003   0.1006   0.1008   0.1021   0.1022   0.1022   0.1023   0.1024   0.1026
     -0.0717  -0.0086   0.0046  -0.0147  -0.0317   0.1065  -0.0417   0.0147  -0.0001   0.0273   0.0167  -0.0719
 SE   0.1030   0.1033   0.1033   0.1033   0.1033   0.1033   0.1038   0.1039   0.1039   0.1039   0.1040   0.1040
  
  
  NUMBER OF WHITE NOISE RESIDUALS          210
  
 WHITE NOISE RESIDUALS
  

 YEAR        JAN       FEB       MAR       APR       MAY       JUN       JUL       AUG       SEP       OCT       NOV       DEC 

 2006                                                        -0.080    -0.164    -0.015     0.126    -0.037     0.006     0.018
 2007       0.054    -0.019    -0.067    -0.023    -0.007     0.052     0.101     0.062    -0.075    -0.016    -0.002     0.032
 2008       0.158    -0.037    -0.071     0.054     0.038    -0.014    -0.113    -0.042    -0.017    -0.012    -0.037    -0.007
 2009      -0.051     0.049    -0.031     0.041     0.088     0.016     0.033    -0.037    -0.070    -0.005    -0.010    -0.087
 2010       0.110     0.038    -0.028     0.078    -0.005    -0.077    -0.116     0.111    -0.014     0.043     0.008    -0.027
 2011      -0.019     0.101     0.017     0.051     0.018    -0.117    -0.065     0.134    -0.045     0.048    -0.085    -0.040
 2012      -0.000    -0.114    -0.023     0.093    -0.105    -0.023     0.036    -0.054     0.026    -0.065    -0.039    -0.059
 2013       0.044    -0.025    -0.049     0.004    -0.008    -0.015     0.009    -0.036     0.000     0.001    -0.071    -0.070
 2014       0.086    -0.030     0.035     0.095     0.018     0.022    -0.094     0.042    -0.032     0.011    -0.007    -0.054
 2015      -0.024    -0.029     0.054     0.005     0.061     0.023    -0.009    -0.182     0.035     0.013     0.044     0.022
 2016       0.092     0.003     0.046     0.013    -0.030     0.014    -0.006    -0.027    -0.005     0.031    -0.003     0.017
 2017      -0.065     0.016     0.041    -0.030     0.070     0.013     0.006    -0.150     0.169    -0.059    -0.061     0.027
 2018       0.040    -0.003    -0.065    -0.055    -0.006     0.015    -0.001     0.036    -0.021     0.033     0.105    -0.005
 2019       0.012     0.076    -0.098     0.029     0.062    -0.015     0.056     0.084    -0.059    -0.036     0.005    -0.143
 2020       0.018    -0.087    -0.158     0.037    -0.029     0.039     0.008    -0.065     0.047     0.019    -0.018     0.063
 2021      -0.042     0.041     0.062     0.067     0.067     0.008    -0.035    -0.088     0.005     0.115     0.136     0.005
 2022      -0.006     0.268     0.072    -0.054     0.030    -0.008    -0.087    -0.071    -0.059    -0.071     0.007    -0.059
 2023      -0.027    -0.049    -0.011    -0.026    -0.057     0.007    -0.048    -0.074    -0.022    -0.048     0.038
 
 
  STABILITY TEST
 
 
     1. FULL PERIOD
                  FIRST HALF                    SECOND HALF
           Mean(t)          Variance      Mean(t)          Variance
      -0.55E-02(-0.92    )  0.37E-02  0.62E-03( 0.10    )  0.41E-02
 
      Mean assumed equal to 0
      VR(variance ratio)=  1.1    
 
      MEAN STABILITY IS NOT REJECTED.
      VARIANCE STABILITY IS NOT REJECTED.


 
     2. LAST 10 YEARS
                  FIRST HALF                    SECOND HALF
           Mean(t)          Variance      Mean(t)          Variance
       0.23E-02( 0.31    )  0.31E-02 -0.11E-02(-0.12    )  0.49E-02
 
      Mean assumed equal to 0
      VR(variance ratio)=  1.6    
 
      LAST 10 YEARS MEAN STABILITY IS NOT REJECTED.
      LAST 10 YEARS VARIANCE STABILITY IS NOT REJECTED.


 
  OUT-OF-SAMPLE TEST
  ------------------
      Model re-estimated on Linearized series for first 209 observations.
       18 One-Period-Ahead Forecasts computed with model fixed.
      Comparison between forecast errors (last   18 observations) and residuals (in-sample):

        Mean(Forecast Errors)
            p-value= 0.0090
            Mean of forecast errors cannot be assumed zero.

        Out-of-Sample MSE is :  0.2647E-02
        In-Sample MSE is :  0.4052E-02
        F( 18,196) is :  0.653E+00
            p-value(%)=85.3429

        Mean and Variance of forecast Errors and In-Sample residuals ARE significantly different


 TEST-STATISTICS ON RESIDUALS
 ----------------------------


           MEAN=  -0.2393919E-02
        ST.DEV.=   0.4312309E-02
        OF MEAN
        T-VALUE= -0.5551

 NORMALITY TEST=   23.09        ( CHI-SQUARE(2) )

       SKEWNESS=  0.3186          ( SE =  0.1690 )
       KURTOSIS=  4.4945          ( SE =  0.3381 )

 SUM OF SQUARES=   0.8180627    

  DURBIN-WATSON=  1.9765

 STANDARD ERROR=   0.6358449E-01
 OF RESID.
  MSE OF RESID.=   0.4042987E-02




 AUTOCORRELATIONS
 ----------------
      0.0109  -0.0738   0.1163  -0.0411  -0.0265   0.0559  -0.0691   0.0021   0.0455  -0.0677   0.0681  -0.0195
 SE   0.0690   0.0690   0.0690   0.0690   0.0690   0.0690   0.0690   0.0690   0.0690   0.0690   0.0690   0.0690
 Q      0.03     1.19     4.10     4.47     4.62     5.30     6.35     6.35     6.81     7.83     8.87     8.95
 PV    -1.00    -1.00     0.04     0.11     0.20     0.26     0.27     0.39     0.45     0.45     0.45     0.54
     -0.0529  -0.0514  -0.1007  -0.0198   0.0027  -0.1256  -0.0809   0.0410  -0.0000  -0.0535  -0.0228   0.0384
 SE   0.0690   0.0690   0.0690   0.0690   0.0690   0.0690   0.0690   0.0690   0.0690   0.0690   0.0690   0.0690
 Q      9.58    10.18    12.50    12.59    12.59    16.25    17.77    18.17    18.17    18.85    18.97    19.32
 PV     0.57     0.60     0.49     0.56     0.63     0.44     0.40     0.44     0.51     0.53     0.59     0.63
     -0.0923  -0.0546  -0.0301   0.0211   0.0181   0.0389   0.0139   0.0629   0.0433   0.0047  -0.0453   0.0019
 SE   0.0690   0.0690   0.0690   0.0690   0.0690   0.0690   0.0690   0.0690   0.0690   0.0690   0.0690   0.0690
 Q     21.37    22.10    22.32    22.42    22.51    22.88    22.93    23.92    24.39    24.39    24.91    24.92
 PV     0.56     0.57     0.62     0.67     0.71     0.74     0.78     0.78     0.79     0.83     0.84     0.87

  LJUNG-BOX Q VALUE OF ORDER  24 IS     19.32 AND IF RESIDUALS ARE RANDOM IT SHOULD BE DISTRIBUTED AS CHI-SQUARE(22)
  p-value= 0.6253

  Given that the lag-12 autocorrelation is <0, the statistics Qs is not associated with
   the presence of residual seasonality. Thus Qs is set =0.

 APPROXIMATE TEST OF RUNS ON RESIDUALS
 -------------------------------------
  NUM.DATA= 210
   NUM.(+)= 105
   NUM.(-)= 105
  NUM.RUNS= 102
   T-VALUE= -0.5534


  NON-PARAMETRIC TEST FOR RESIDUAL SEASONALITY (FRIEDMAN) SEAS_NP =     12.29
    ASYMP. DISTRIBUTED AS CHI-SQUARE(11)
    p-value= 0.3419



 SQUARED RESIDUALS:
 ------------------




 AUTOCORRELATIONS
 ----------------
      0.0083  -0.0418   0.1029   0.0071  -0.0333   0.0795  -0.0454  -0.0314  -0.0894  -0.0210  -0.0743  -0.0104
 SE   0.0690   0.0690   0.0690   0.0690   0.0690   0.0690   0.0690   0.0690   0.0690   0.0690   0.0690   0.0690
 Q      0.01     0.39     2.66     2.68     2.92     4.29     4.75     4.96     6.74     6.83     8.07     8.09
 PV    -1.00    -1.00     0.10     0.26     0.40     0.37     0.45     0.55     0.46     0.55     0.53     0.62
     -0.0380  -0.0424  -0.0912  -0.0288  -0.0600   0.0553  -0.0212   0.0130  -0.0294  -0.0402   0.1251   0.1033
 SE   0.0690   0.0690   0.0690   0.0690   0.0690   0.0690   0.0690   0.0690   0.0690   0.0690   0.0690   0.0690
 Q      8.42     8.83    10.73    10.92    11.75    12.46    12.56    12.60    12.80    13.19    16.92    19.47
 PV     0.68     0.72     0.63     0.69     0.70     0.71     0.76     0.81     0.85     0.87     0.72     0.62
      0.0192   0.0676  -0.0036  -0.0119   0.0107   0.0583   0.0487  -0.0625  -0.0518  -0.0587   0.0035  -0.0058
 SE   0.0690   0.0690   0.0690   0.0690   0.0690   0.0690   0.0690   0.0690   0.0690   0.0690   0.0690   0.0690
 Q     19.56    20.66    20.67    20.70    20.73    21.57    22.16    23.14    23.82    24.69    24.69    24.70
 PV     0.67     0.66     0.71     0.76     0.80     0.80     0.81     0.81     0.82     0.82     0.85     0.88

  McLEOD-LI Q VALUE OF ORDER  24 IS     19.47 AND IF RESIDUALS ARE RANDOM IT SHOULD BE DISTRIBUTED AS CHI-SQUARE(24)
  p-value= 0.7264
 
 
 
SPECTRAL DIAGNOSTICS
 --------------------
 
A. SEASONAL SPECTRAL PEAKS
 
                           Frequency (cycles per year)
                     One    Two   Three  Four   Five    Six  
 Original series      AT     AT     AT     -t     -T     At
 Linearized series    AT     AT     AT     aT     aT     AT
 Residuals            --     --     -t     --     -t     a-
 
 AT : peaks detected in AR(30) and using Tukey spectrum  estimator
 A- : only peaks detected in AR(30) spectrum estimator
 -T : only peaks detected using Tukey spectrum estimator
 -- : No peaks detected in AR(30) nor using Tukey spectrum estimator
 
 
 
B. STOCHASTIC SEASONALITY: SPECTRAL EVIDENCE
 
 1 :  SERIES CONTAINS SEASONALITY THAT CAN BE RELIABLY EXTRACTED.
 0 :  SEASONALITY IS NOT PRESENT IN THE SERIES OR IS TOO WEAK TO BE RELIABLY CAPTURED.
 
 ORIGINAL SERIES :   1
 LINEARIZED SERIES : 1
 RESIDUALS :         0
 
 
 
C. TRADING DAY EFFECT: SPECTRAL EVIDENCE
 
 1 :  TRADING DAY EFFECT DETECTED
 0 :  NO TRADING DAY EFFECT DETECTED
 
 LINEARIZED SERIES : 0
 RESIDUALS :         0
 
 
OVERALL TEST FOR IDENTIFIABLE SEASONALITY 
----------------------------------------- 
 
  AUTOCORRELATION FUNCTION EVIDENCE : YES
  NON-PARAMETRIC EVIDENCE           : YES
  F-TEST                            :  - 
  SPECTRAL EVIDENCE                 : YES
 
IDENTIFIABLE SEASONALITY FOUND IN SERIES
 
 
OVERALL TEST FOR RESIDUALS SEASONALITY 
----------------------------------------- 
 
  AUTOCORRELATION FUNCTION EVIDENCE : NO 
  NON-PARAMETRIC EVIDENCE           : NO 
  F-TEST                            : NO 
  SPECTRAL EVIDENCE                 : NO 
 
NO IDENTIFIABLE SEASONALITY FOUND IN RESIDUALS
 
 
ARIMA MODEL : POOR FIT
----------------------
 
QUALITY ARIMA MODEL TESTS
----------------------------------------

  Mean in residuals                      :GOOD        
  Autocorrelation in residuals           :GOOD        
  Normality of residuals                 :POOR        
  Skewness of residuals                  :GOOD        
  Kurtosis of residuals                  :POOR        
  Randomness of residual sign            :GOOD        
  Instability of residual mean           :GOOD        
  Instability of residual variance       :GOOD        
  Seasonality in residuals               :GOOD        
  Trading day in residuals               :GOOD        
  Out-of-sample forecast errors          :GOOD        
  Number of outliers                     :GOOD        
 


 LINEAR SERIES


 YEAR        JAN       FEB       MAR       APR       MAY       JUN       JUL       AUG       SEP       OCT       NOV       DEC 

 2005      76.374    89.206    99.629    83.266    88.958    99.542   121.593   104.332   123.629   131.655   117.171   104.827
 2006      81.800    88.548   117.287    92.271    91.841    96.386   101.044    93.602   130.316   123.470   113.044   103.025
 2007      84.398    90.441   103.870    84.886    87.677   100.594   122.894   111.538   128.800   131.631   119.680   112.044
 2008     103.742   101.946   115.098   102.340   106.811   114.503   119.348   108.726   134.519   135.277   118.687   109.978
 2009      88.376   100.563   111.322    98.844   109.684   116.986   134.232   114.984   134.743   139.740   124.197   105.178
 2010     101.678   108.694   119.087   111.652   113.358   114.116   118.930   124.755   141.598   151.521   133.698   115.988
 2011     100.691   121.275   132.982   122.322   127.007   118.569   129.100   142.773   151.978   168.519   134.588   119.300
 2012     105.977   105.660   122.054   121.063   108.696   113.522   130.390   120.055   144.875   141.791   120.931   102.899
 2013      97.015    99.838   108.815   103.295   101.645   103.074   116.592   108.178   128.290   132.487   105.732    89.200
 2014      90.243    89.270   104.847   105.692   101.880   105.538   106.319   110.632   123.090   130.355   107.888    88.700
 2015      82.831    84.540   102.701    96.116   100.095   102.140   108.354    88.980   115.746   120.036   104.009    88.596
 2016      89.647    88.875   107.760   101.442    97.924   103.130   109.495    99.099   119.565   128.475   106.681    92.500
 2017      82.327    87.962   107.038    96.379   103.799   105.109   112.520    88.817   135.604   123.956   100.743    91.243
 2018      87.667    88.767    99.087    90.150    93.517    97.686   103.749    94.301   117.586   123.377   112.124    92.526
 2019      88.525    97.624    99.483    99.265   106.541   105.230   119.694   112.343   130.220   131.712   115.176    85.300
 2020      88.066    84.137    83.614    88.580    87.826    94.243   101.656    85.631   114.875   116.397    97.608    85.752
 2021      77.703    84.188    94.542    96.322   102.077   103.215   107.877    88.642   118.207   134.299   124.354    97.989
 2022      92.501   126.025   130.002   118.215   129.365   130.055   128.374   107.522   135.431   136.506   124.594    95.900
 2023      91.431    99.737   108.825   102.087   103.799   109.266   108.036    87.936   113.765   114.004   107.473


  AUTOCORRELATION FUNCTION TEST FOR SEASONALITY IN LINEARIZEDSERIES QS =   202.56  ASIMPTOTICALLY DISTRIBUTED AS CHI-SQUARE(2)
    p-value= 0.0000


  NON-PARAMETRIC TEST FOR SEASONALITY IN LINEARIZED SERIES (FRIEDMAN) SEAS_NP =    125.26
    ASYMP. DISTRIBUTED AS CHI-SQUARE(11)
    p-value= 0.0000


TOTAL OUTLIER EFFECT FACTORS


 YEAR        JAN       FEB       MAR       APR       MAY       JUN       JUL       AUG       SEP       OCT       NOV       DEC 

 2005     122.297   122.297   122.297   122.297   122.297   122.297   122.297   122.297   122.297   122.297   122.297   122.297
 2006     122.297   122.297   122.297   122.297   122.297   122.297   122.297   122.297   122.297   122.297   122.297   122.297
 2007     122.297   122.297   122.297   122.297   122.297   122.297   122.297   122.297   122.297   122.297   122.297   122.297
 2008     122.297   122.297   122.297   122.297   122.297   122.297   122.297   122.297   122.297   122.297   122.297   122.297
 2009     122.297   122.297   100.000   100.000   100.000   100.000   100.000   100.000   100.000   100.000   100.000   100.000
 2010     100.000   100.000   100.000   100.000   100.000   100.000   100.000   100.000   100.000   100.000   100.000   100.000
 2011     100.000   100.000   100.000   100.000   100.000   100.000   100.000   100.000   100.000   100.000   100.000   100.000
 2012     100.000   100.000   100.000   100.000   100.000   100.000   100.000   100.000   100.000   100.000   100.000   100.000
 2013     100.000   100.000   100.000   100.000   100.000   100.000   100.000   100.000   100.000   100.000   100.000   100.000
 2014     100.000   100.000   100.000   100.000   100.000   100.000   100.000   100.000   100.000   100.000   100.000   100.000
 2015     100.000   100.000   100.000   100.000   100.000   100.000   100.000   100.000   100.000   100.000   100.000   100.000
 2016     100.000   100.000   100.000   100.000   100.000   100.000   100.000   100.000   100.000   100.000   100.000   100.000
 2017     100.000   100.000   100.000   100.000   100.000   100.000   100.000   100.000   100.000   100.000   100.000   100.000
 2018     100.000   100.000   100.000   100.000   100.000   100.000   100.000   100.000   100.000   100.000   100.000   100.000
 2019     100.000   100.000   100.000   100.000   100.000   100.000   100.000   100.000   100.000   100.000   100.000   100.000
 2020     100.000   100.000   100.000    66.730    75.340    82.020    87.045    90.744    93.427    95.352    96.724    97.695
 2021      98.381    98.864    99.203    99.442    99.609    99.726    99.808    99.866    99.906    99.934    99.954    99.968
 2022      99.977    99.984    99.989    99.992    99.995    99.996    99.997    99.998    99.999    99.999    99.999   100.000
 2023     100.000   100.000   100.000   100.000   100.000   100.000   100.000   100.000   100.000   100.000   100.000


TOTAL TRADING DAY - EASTER - LEAP YEAR EFFECT FACTORS


 YEAR        JAN       FEB       MAR       APR       MAY       JUN       JUL       AUG       SEP       OCT       NOV       DEC 

 2005     100.000   100.000    97.780   102.270   100.000   100.000   100.000   100.000   100.000   100.000   100.000   100.000
 2006     100.000   100.000   102.270    97.780   100.000   100.000   100.000   100.000   100.000   100.000   100.000   100.000
 2007     100.000   100.000   102.270    97.780   100.000   100.000   100.000   100.000   100.000   100.000   100.000   100.000
 2008     100.000   100.000    97.780   102.270   100.000   100.000   100.000   100.000   100.000   100.000   100.000   100.000
 2009     100.000   100.000   102.270    97.780   100.000   100.000   100.000   100.000   100.000   100.000   100.000   100.000
 2010     100.000   100.000   100.000   100.000   100.000   100.000   100.000   100.000   100.000   100.000   100.000   100.000
 2011     100.000   100.000   102.270    97.780   100.000   100.000   100.000   100.000   100.000   100.000   100.000   100.000
 2012     100.000   100.000   102.270    97.780   100.000   100.000   100.000   100.000   100.000   100.000   100.000   100.000
 2013     100.000   100.000    97.780   102.270   100.000   100.000   100.000   100.000   100.000   100.000   100.000   100.000
 2014     100.000   100.000   102.270    97.780   100.000   100.000   100.000   100.000   100.000   100.000   100.000   100.000
 2015     100.000   100.000   100.751    99.254   100.000   100.000   100.000   100.000   100.000   100.000   100.000   100.000
 2016     100.000   100.000    97.780   102.270   100.000   100.000   100.000   100.000   100.000   100.000   100.000   100.000
 2017     100.000   100.000   102.270    97.780   100.000   100.000   100.000   100.000   100.000   100.000   100.000   100.000
 2018     100.000   100.000    97.780   102.270   100.000   100.000   100.000   100.000   100.000   100.000   100.000   100.000
 2019     100.000   100.000   102.270    97.780   100.000   100.000   100.000   100.000   100.000   100.000   100.000   100.000
 2020     100.000   100.000   102.270    97.780   100.000   100.000   100.000   100.000   100.000   100.000   100.000   100.000
 2021     100.000   100.000   100.000   100.000   100.000   100.000   100.000   100.000   100.000   100.000   100.000   100.000
 2022     100.000   100.000   102.270    97.780   100.000   100.000   100.000   100.000   100.000   100.000   100.000   100.000
 2023     100.000   100.000   102.270    97.780   100.000   100.000   100.000   100.000   100.000   100.000   100.000


TOTAL REGRESSION EFFECT FACTORS


 YEAR        JAN       FEB       MAR       APR       MAY       JUN       JUL       AUG       SEP       OCT       NOV       DEC 

 2005      97.427    99.361   100.220   100.246   102.120   101.038    95.894   102.120   102.120    95.894   101.049   100.000
 2006     101.060    99.361   103.957    93.167   102.120   101.038    95.894   102.120    98.449    99.471   101.049    92.939
 2007     104.829    99.361   100.220    96.642   102.120   101.038    99.471   102.120    94.909   103.180   101.049    96.405
 2008     104.829   103.067    93.143   103.984    98.449    97.405   103.180    94.909   102.120   103.180    97.416   100.000
 2009      97.427    99.361   100.220   103.984    94.909   101.038   103.180    98.449   102.120    99.471   101.049   103.729
 2010      93.924    99.361   103.957   103.984    98.449   101.038    99.471   102.120   102.120    95.894   101.049   107.597
 2011      97.427    99.361   100.220   100.246   102.120   101.038    95.894   102.120   102.120    95.894   101.049   100.000
 2012     101.060   103.067   100.220    96.642   102.120   101.038    99.471   102.120    94.909   103.180   101.049    96.405
 2013     104.829    99.361    96.617   100.246   102.120    97.405   103.180    98.449    98.449   103.180    97.416   100.000
 2014     101.060    99.361    96.617   100.246    98.449    97.405   103.180    94.909   102.120   103.180    97.416   100.000
 2015      97.427    99.361   100.220   103.984    94.909   101.038   103.180    98.449   102.120    99.471   101.049   103.729
 2016      93.924   103.067   100.220   100.246   102.120   101.038    95.894   102.120   102.120    95.894   101.049   100.000
 2017     101.060    99.361   103.957    93.167   102.120   101.038    95.894   102.120    98.449    99.471   101.049    92.939
 2018     104.829    99.361   100.220    96.642   102.120   101.038    99.471   102.120    94.909   103.180   101.049    96.405
 2019     104.829    99.361    96.617   100.246   102.120    97.405   103.180    98.449    98.449   103.180    97.416   100.000
 2020     101.060    99.361   100.220   103.984    94.909   101.038   103.180    98.449   102.120    99.471   101.049   103.729
 2021      93.924    99.361   103.957   103.984    98.449   101.038    99.471   102.120   102.120    95.894   101.049   107.597
 2022      97.427    99.361   103.957    96.642   102.120   101.038    95.894   102.120   102.120    95.894   101.049   100.000
 2023     101.060    99.361   103.957    93.167   102.120   101.038    95.894   102.120    98.449    99.471   101.049
 
 
 
 FORECAST FUNCTION OF ORIGINAL SERIES: 
  
ORIGIN: 227 PERIODS AHEAD: 24
  
 OBS    DATE         FORECAST          STD ERROR        FORECAST          STD ERROR   
                        (SERIES IN LOGS)                     (SERIES IN LEVELS)       
 228  Dec-2023       4.36821          0.634268E-01       78.9022           5.00955    
 229  Jan-2024       4.43792          0.709927E-01       84.5986           6.01346    
 230  Feb-2024       4.53375          0.781332E-01       93.1068           7.28585    
 231  Mar-2024       4.52154          0.858676E-01       91.9773           7.91246    
 232  Apr-2024       4.55924          0.918953E-01       95.5105           8.79553    
 233  May-2024       4.59610          0.966618E-01       99.0974           9.60135    
 234  Jun-2024       4.57893          0.102122           97.4098           9.97372    
 235  Jul-2024       4.66278          0.107328           105.930           11.4021    
 236  Aug-2024       4.44339          0.112178           85.0632           9.57232    
 237  Sep-2024       4.69416          0.116867           109.307           12.8181    
 238  Oct-2024       4.76722          0.121463           117.592           14.3360    
 239  Nov-2024       4.60978          0.125810           100.462           12.6893    
 240  Dec-2024       4.41237          0.136419           82.4644           11.3023    
 241  Jan-2025       4.37224          0.143126           79.2205           11.3969    
 242  Feb-2025       4.46807          0.149537           87.1879           13.1111    
 243  Mar-2025       4.53737          0.155867           93.4448           14.6539    
 244  Apr-2025       4.48527          0.161709           88.7009           14.4380    
 245  May-2025       4.53042          0.167344           92.7976           15.6385    
 246  Jun-2025       4.54986          0.172871           94.6190           16.4799    
 247  Jul-2025       4.63371          0.178244           102.895           18.4871    
 248  Aug-2025       4.37771          0.183504           79.6556           14.7410    
 249  Sep-2025       4.70171          0.188425           110.135           20.9378    
 250  Oct-2025       4.73816          0.193384           114.223           22.2972    
 251  Nov-2025       4.58071          0.198171           97.5839           19.5297    
