
                                        PROGRAM TRAMO+

             (based on program TRAMO, Victor Gomez and Agustin Maravall©,1996)

         Developed at the Bank of Spain by Gianluca Caporello and Agustin Maravall,
         with programming support from Domingo Pérez Cañete and Roberto López Pavón.

                 VERSION: 1.0 (Revision: 942  Build: 2017/09/25 09:39:13)


 SERIES TITLE=DIVIE15                                                                         

 INPUT PARAMETERS
   lam= 0   imean= 0   ireg=10   ieast= 3   seats= 2   tabtablet='xo,xi,xl,re,me,td,ee,to,ls,reg'   int2=227   rsa= 0   modelsumm= 1   va=   3.742
 
  WARNING :
    Remember to define the regression variable name in the first line of the external regression file.
   Name : NOT DEFINED.
   Reglist01
    Iuser=-1   Nser= 1   Ilong= 312
 
   Name : NOT DEFINED.
   Reglist02
    Iuser= 2   Nser= 9   Ilong=   0
 
   Fixed Outliers:
   #Observ. Type
      51     LS
      61     LS
      49     LS
      56     AO
      20     TC
     184     AO
     183     TC
     185     AO
     188     TC
 

 NUMBER OF OBSERVATIONS: 227


 ORIGINAL SERIES 

 YEAR        JAN       FEB       MAR       APR       MAY       JUN       JUL       AUG       SEP       OCT       NOV       DEC 

 2005      57.400    62.900    59.000    47.400    49.200    60.000    82.600    44.000    59.800    53.300    54.900    52.900
 2006      66.900    68.800    73.700    50.600    59.500    70.900    88.900    56.300    71.100    69.700    63.500    54.100
 2007      73.600    71.400    71.000    51.800    65.400    80.900    96.100    54.100    67.200    69.500    67.300    57.900
 2008      81.600    83.700    68.600    59.300    59.000    74.400   107.900    47.900    71.100    67.000    63.800    56.400
 2009      86.900    84.400    64.700    43.200    48.100    64.100    96.300    51.000    62.500    52.000    52.900    50.700
 2010      74.400    76.500    84.300    57.400    61.000    76.700   103.000    59.600    80.100    66.100    71.000    72.000
 2011      88.400    87.500    95.300    68.700    81.400    92.300   120.300    68.500    93.900    80.300    83.600    84.000
 2012      95.900    97.300    97.800    70.100    91.300   100.000   127.200    72.100    90.400    92.200    89.800    83.300
 2013     104.300    94.800   100.900    79.700    96.000   103.400   139.700    76.100   104.200   101.400    93.500    93.300
 2014     110.300   102.000   105.400    86.100    93.200   107.000   145.900    70.500   108.800   102.900    98.700    92.000
 2015     105.500   105.200   112.700    97.800    97.200   109.300   133.700    69.000    96.100    94.900    94.700    83.800
 2016      93.800   100.000    95.200    85.300    95.900    99.600   117.300    70.500    97.500    93.300    98.900    89.400
 2017      96.900   101.400   114.400    83.000   107.500   113.900   124.100    66.800   104.900   104.100   103.800    95.200
 2018     107.100   103.500   113.800    95.300   113.500   120.100   132.500    73.900   107.100   121.400   111.800    93.000
 2019     111.300    96.500    99.100    84.300   101.500    99.700   126.400    60.600    99.300   108.100   101.000    97.800
 2020     105.500    94.800    68.800    13.600    53.200    82.900   106.700    65.100    97.300    91.200    89.000    80.700
 2021      73.800    81.600    92.700    80.400    86.700    90.900   109.100    60.800    96.700    92.500    92.100    92.900
 2022      88.800   104.700   116.600    94.600   116.100   111.700   120.800    78.000   122.500   115.100   113.500   102.000
 2023     111.800   114.500   123.900    88.800   114.000   109.600   118.700    77.800   105.800   108.800   107.000

DATES OF EASTER DURING THE REQUESTED TIME SPAN 

 YEAR MONTH  DAY 

   2005   MARCH   27
   2006   APRIL   16
   2007   APRIL    8
   2008   MARCH   23
   2009   APRIL   12
   2010   APRIL    4
   2011   APRIL   24
   2012   APRIL    8
   2013   MARCH   31
   2014   APRIL   20
   2015   APRIL    5
   2016   MARCH   27
   2017   APRIL   16
   2018   APRIL    1
   2019   APRIL   21
   2020   APRIL   12
   2021   APRIL    4
   2022   APRIL   17
   2023   APRIL    9
   2024   MARCH   31
   2025   APRIL   20
   2026   APRIL    5


 MODEL PARAMETERS            
 ----------------
  MQ= 12         IMEAN=  0      LAM=  0      D=  1       BD=  1
  P=  0          BP=  0         Q=  1        BQ=  1      IREG= 10
  ITRAD=  0      SMPDAY=  0     IEAST=  3      IDUR=  6     M= 36       IQM= 24
  INCON=  0      NBACK=  0      NPRED= 24    INTERP=  2  INIT=  0
  IFILT=  2      IROOT=  2    INIC=  0    ICONCE=  1
  ICDET=  1      IATIP=  0      IMVX=  0     IDIF=  0    PG=  0
  AIO=  2        INT1=  1       INT2= 227    RSA=  0     SEATS=  2
  VA= 3.74       TOL=  0.100E-03             PC=  0.120E+00
  NOADMISS= 1    STOCHTD 0    BIAS= 1
  THLIM=  0.000  BTHLIM=  0.000   RMOD=  0.500



TH =        -0.10

BTH =        -0.10

WARNING: When adjusting for degrees of freedom in
 order to compute white-noise residuals, the Housholder
 transformation contains an element of arbitrariness 
 that, when multiple regressors are entered, may produce
 a slight variation in results when the order in which
 regressors are entered changes



NUMBER OF INITIAL OBS. =  13

Log-Level pretest : LOGS are Selected
 DIFFERENCED TRANSFORMED SERIES

 YEAR        JAN       FEB       MAR       APR       MAY       JUN       JUL       AUG       SEP       OCT       NOV       DEC 

 2006                -0.063     0.133    -0.157     0.125    -0.023    -0.093     0.173    -0.073     0.095    -0.123    -0.123
 2007       0.073    -0.058    -0.074     0.061     0.071     0.037    -0.054    -0.118    -0.017     0.054     0.061     0.010
 2008       0.035     0.056    -0.193     0.170    -0.238     0.019     0.200    -0.238     0.178    -0.093    -0.017     0.027
 2009       0.089    -0.055    -0.067    -0.258     0.113     0.055     0.035     0.176    -0.192    -0.125     0.066     0.081
 2010      -0.049     0.057     0.363     0.020    -0.047    -0.058    -0.112     0.089     0.092    -0.008     0.054     0.056
 2011      -0.178    -0.038    -0.012     0.057     0.109    -0.103    -0.030    -0.016     0.020     0.036    -0.031    -0.009
 2012      -0.073     0.025    -0.080    -0.006     0.095    -0.035    -0.024    -0.005    -0.089     0.176    -0.067    -0.080
 2013       0.092    -0.110     0.057     0.097    -0.078    -0.017     0.060    -0.040     0.088    -0.047    -0.055     0.073
 2014      -0.057     0.017    -0.030     0.034    -0.107     0.064     0.009    -0.120     0.120    -0.029     0.039    -0.068
 2015      -0.030     0.075     0.036     0.060    -0.085    -0.021    -0.109     0.066    -0.103     0.043     0.040    -0.052
 2016      -0.024     0.067    -0.118     0.032     0.123    -0.079    -0.038     0.152    -0.007    -0.031     0.060     0.021
 2017      -0.032    -0.019     0.170    -0.211     0.142     0.020    -0.078    -0.110     0.127     0.036    -0.061     0.015
 2018       0.037    -0.080    -0.026     0.143    -0.084    -0.001     0.012     0.036    -0.080     0.133    -0.079    -0.098
 2019       0.062    -0.108    -0.068     0.016     0.011    -0.074     0.139    -0.151     0.123    -0.040     0.014     0.152
 2020      -0.104     0.036    -0.347    -1.459     1.178     0.461     0.015     0.241    -0.092    -0.150     0.044    -0.066
 2021      -0.165     0.207     0.448     1.479    -1.289    -0.396    -0.070    -0.091     0.062     0.020     0.020     0.107
 2022       0.044     0.064    -0.020    -0.067     0.129    -0.086    -0.104     0.147    -0.013    -0.018    -0.010    -0.115
 2023       0.137    -0.141    -0.029    -0.124     0.045    -0.001     0.001     0.015    -0.144     0.090    -0.003




 AUTOCORRELATIONS
 ----------------
     -0.2586   0.0098   0.0399  -0.1043   0.0063   0.1072   0.0472   0.0337  -0.1039   0.0255  -0.0478  -0.1994
 SE   0.0684   0.0728   0.0728   0.0729   0.0736   0.0736   0.0743   0.0745   0.0745   0.0752   0.0752   0.0754
      0.1835  -0.1056  -0.0668   0.0852  -0.0750   0.0508  -0.0333   0.0298  -0.0354  -0.0044   0.0217  -0.1891
 SE   0.0778   0.0798   0.0805   0.0807   0.0811   0.0815   0.0816   0.0817   0.0817   0.0818   0.0818   0.0818
      0.1018   0.0628  -0.0811  -0.0027   0.0012  -0.1417   0.1313  -0.1140   0.0906  -0.0395   0.0594  -0.0027
 SE   0.0838   0.0844   0.0846   0.0850   0.0850   0.0850   0.0861   0.0870   0.0877   0.0882   0.0882   0.0884


 PARTIAL AUTOCORRELATIONS
 ---------------------
     -0.2586  -0.0612   0.0288  -0.0920  -0.0471   0.0998   0.1170   0.0792  -0.0900  -0.0098  -0.0334  -0.2484
 SE   0.0684   0.0684   0.0684   0.0684   0.0684   0.0684   0.0684   0.0684   0.0684   0.0684   0.0684   0.0684
      0.0260  -0.0764  -0.1085   0.0129  -0.0072   0.0942   0.0002   0.0472  -0.0371   0.0018  -0.0296  -0.3072
 SE   0.0684   0.0684   0.0684   0.0684   0.0684   0.0684   0.0684   0.0684   0.0684   0.0684   0.0684   0.0684
      0.0037   0.0179  -0.0670  -0.0452  -0.0117  -0.0527   0.0932  -0.0879  -0.0109  -0.0255   0.0535  -0.0998
 SE   0.0684   0.0684   0.0684   0.0684   0.0684   0.0684   0.0684   0.0684   0.0684   0.0684   0.0684   0.0684
  
 ARIMA MODEL ESTIMATION 
  
 METHOD OF ESTIMATION: EXACT MAXIMUM LIKELIHOOD           
  
 PARAMETER      ESTIMATE           STD ERROR      T RATIO   LAG  
  
 TH1         -0.31912           0.65160E-01       -4.90      1
 BTH         -0.38395           0.63485E-01       -6.05     12
  
 
 REGULAR MA INVERSE ROOTS ARE 
 NO.     REAL P.     IMAG.P.     MODULUS    ARGUMENT      PERIOD
  1      0.31912       0.0000      0.31912       0.0000            -  
 
 SEASONAL MA INVERSE ROOTS ARE 
 NO.     REAL P.     IMAG.P.     MODULUS    ARGUMENT      PERIOD
  1      0.38395       0.0000      0.38395       0.0000            -  
  
 CORRELATIONS OF THE ESTIMATES 
  
  1.000   -0.107
 -0.107    1.000
  
 AIC 
    -631.106
  
 BIC 
     -5.5919
  
 FINAL VALUE OF OBJECTIVE FUNCTION: 
               0.58130    
  
 RADETN:    1.00473361726581     
 ITERATIONS:            2
  
  NUMBER OF FUNCTION EVALUATIONS:            8
  

 ESTIMATES OF REGRESSION PARAMETERS 
 CONCENTRATED OUT OF THE LIKELIHOOD 

 PARAMETER           VALUE          ST. ERROR     T VALUE
 REG      1          0.38986E-01    (     0.00289)   13.47
 EAST     1         -0.31071E-01    (     0.01104)   -2.81
 OUT 1 ( 51)        -0.32819        (     0.04252)   -7.72   LS    ( 3 2009)
 OUT 2 ( 61)         0.23321        (     0.04469)    5.22   LS    ( 1 2010)
 OUT 3 ( 49)         0.17844        (     0.04471)    3.99   LS    ( 1 2009)
 OUT 4 ( 56)         0.12548        (     0.03626)    3.46   AO    ( 8 2009)
 OUT 5 ( 20)         0.13576        (     0.04251)    3.19   TC    ( 8 2006)
 OUT 6 (184)         -1.5737        (     0.03964)  -39.70   AO    ( 4 2020)
 OUT 7 (183)        -0.40469        (     0.04238)   -9.55   TC    ( 3 2020)
 OUT 8 (185)        -0.32863        (     0.03896)   -8.44   AO    ( 5 2020)
 OUT 9 (188)         0.16573        (     0.04177)    3.97   TC    ( 8 2020)

 VAR-CORRELATION MATRIX OF ESTIMATORS 

   0.838E-05
   0.202E+00   0.122E-03
  -0.352E-01   0.513E-01   0.181E-02
   0.120E+00   0.220E-01  -0.428E-02   0.200E-02
   0.690E-01   0.130E-01  -0.987E-01   0.313E+00   0.200E-02
   0.614E-01   0.134E-01  -0.429E-02   0.125E-01   0.340E-02   0.131E-02
  -0.470E-01  -0.863E-02  -0.562E-02  -0.192E-01  -0.249E-01   0.356E-01   0.181E-02
  -0.108E+00  -0.147E+00  -0.383E-02  -0.127E-01  -0.734E-02  -0.678E-02   0.497E-02   0.157E-02
   0.423E-01   0.842E-01   0.314E-02   0.490E-02   0.285E-02   0.268E-02  -0.192E-02  -0.184E+00   0.180E-02
   0.136E+00   0.341E-02  -0.625E-02   0.164E-01   0.942E-02   0.833E-02  -0.642E-02   0.325E+00  -0.446E-01   0.152E-02
   0.791E-01   0.200E-01  -0.254E-02   0.948E-02   0.546E-02   0.488E-02  -0.371E-02   0.943E-02   0.678E-01   0.624E-01   0.174E-02


 VARIANCES ARE IN THE MAIN DIAGONAL; 
 OFF-DIAGONAL ELEMENTS ARE CORRELATIONS. 



ACF DIFFERENCED SERIES




 AUTOCORRELATIONS
 ----------------
     -0.2962   0.0271   0.0478  -0.0718  -0.0045   0.1017   0.0150   0.0322  -0.0973  -0.0019  -0.0073  -0.2371
 SE   0.0684   0.0741   0.0742   0.0743   0.0746   0.0746   0.0753   0.0753   0.0754   0.0759   0.0759   0.0759
      0.1845  -0.1058  -0.0711   0.0783  -0.0615   0.0348   0.0032   0.0126  -0.0378   0.0454  -0.0002  -0.1496
 SE   0.0793   0.0813   0.0819   0.0822   0.0826   0.0828   0.0829   0.0829   0.0829   0.0830   0.0831   0.0831
      0.1205   0.0389  -0.0868  -0.0108   0.0166  -0.1169   0.1113  -0.1159   0.0850  -0.0703   0.0794  -0.0122
 SE   0.0843   0.0851   0.0852   0.0856   0.0856   0.0856   0.0864   0.0870   0.0878   0.0881   0.0884   0.0887
  
  
  NUMBER OF WHITE NOISE RESIDUALS          203
  
 WHITE NOISE RESIDUALS
  

 YEAR        JAN       FEB       MAR       APR       MAY       JUN       JUL       AUG       SEP       OCT       NOV       DEC 

 2007      -0.046    -0.034    -0.020    -0.013     0.112     0.067    -0.101     0.037    -0.004    -0.038     0.046    -0.038
 2008       0.041     0.015    -0.049    -0.070    -0.070     0.007     0.076    -0.070    -0.007    -0.032     0.034    -0.060
 2009       0.029    -0.084     0.066    -0.118     0.064     0.009     0.105     0.009    -0.018    -0.103    -0.028     0.045
 2010       0.007    -0.015     0.042    -0.012    -0.035    -0.035    -0.045     0.112     0.034     0.004     0.019     0.044
 2011       0.066     0.015     0.035     0.089     0.032    -0.063    -0.024    -0.014     0.014     0.038    -0.013     0.079
 2012      -0.144    -0.024    -0.037     0.051     0.073    -0.039    -0.077     0.007    -0.002     0.032     0.012    -0.005
 2013      -0.052    -0.040     0.064     0.002     0.014     0.003    -0.042     0.037     0.020     0.011    -0.011    -0.012
 2014      -0.003    -0.032    -0.041     0.075    -0.070     0.002    -0.007    -0.064     0.025     0.020     0.040    -0.059
 2015      -0.010     0.021     0.002     0.074    -0.009    -0.092    -0.102    -0.029    -0.056     0.069    -0.003    -0.080
 2016       0.032     0.008    -0.057     0.040     0.027    -0.027     0.004     0.038     0.026     0.049     0.027     0.039
 2017      -0.115     0.061     0.057     0.009     0.041     0.019    -0.067    -0.118     0.134     0.017    -0.012     0.100
 2018      -0.097    -0.034     0.048     0.015     0.006     0.003    -0.054     0.020     0.031     0.055    -0.030    -0.106
 2019       0.018    -0.104    -0.071    -0.023     0.012    -0.031     0.030    -0.049     0.039     0.028     0.044     0.051
 2020       0.010    -0.042    -0.009    -0.010    -0.031    -0.067     0.007     0.026    -0.073    -0.068    -0.028    -0.051
 2021      -0.060     0.098     0.056     0.052     0.026     0.018     0.028     0.045     0.056     0.040    -0.023     0.034
 2022       0.032     0.153     0.020     0.059     0.018    -0.039    -0.070     0.099     0.034     0.001    -0.026    -0.029
 2023       0.016    -0.042    -0.052    -0.078    -0.021    -0.028    -0.029     0.054    -0.087    -0.021     0.021
 
 
  STABILITY TEST
 
 
     1. FULL PERIOD
                  FIRST HALF                    SECOND HALF
           Mean(t)          Variance      Mean(t)          Variance
      -0.54E-03(-0.11    )  0.25E-02 -0.14E-02(-0.26    )  0.29E-02
 
      Mean assumed equal to 0
      VR(variance ratio)=  1.2    
 
      MEAN STABILITY IS NOT REJECTED.
      VARIANCE STABILITY IS NOT REJECTED.


 
     2. LAST 10 YEARS
                  FIRST HALF                    SECOND HALF
           Mean(t)          Variance      Mean(t)          Variance
      -0.25E-03(-0.36E-01)  0.28E-02 -0.28E-02(-0.43    )  0.27E-02
 
      Mean assumed equal to 0
      VR(variance ratio)= 0.94    
 
      LAST 10 YEARS MEAN STABILITY IS NOT REJECTED.
      LAST 10 YEARS VARIANCE STABILITY IS NOT REJECTED.


 
  OUT-OF-SAMPLE TEST
  ------------------
      Model re-estimated on Linearized series for first 209 observations.
       18 One-Period-Ahead Forecasts computed with model fixed.
      Comparison between forecast errors (last   18 observations) and residuals (in-sample):

        Mean(Forecast Errors)
            p-value= 0.1804
            Mean of forecast errors can be assumed zero.

        Out-of-Sample MSE is :  0.2419E-02
        In-Sample MSE is :  0.2719E-02
        F( 18,196) is :  0.890E+00
            p-value(%)=59.1632

        Mean and Variance of forecast Errors and In-Sample residuals ARE NOT significantly different.


 TEST-STATISTICS ON RESIDUALS
 ----------------------------


           MEAN=  -0.9758811E-03
        ST.DEV.=   0.3671752E-02
        OF MEAN
        T-VALUE= -0.2658

 NORMALITY TEST=  0.1547        ( CHI-SQUARE(2) )

       SKEWNESS= -0.0608          ( SE =  0.1719 )
       KURTOSIS=  2.9406          ( SE =  0.3438 )

 SUM OF SQUARES=   0.5499503    

  DURBIN-WATSON=  2.0109

 STANDARD ERROR=   0.5352426E-01
 OF RESID.
  MSE OF RESID.=   0.2864847E-02




 AUTOCORRELATIONS
 ----------------
      0.0028  -0.0201  -0.0411  -0.0517   0.0223   0.2246   0.0631  -0.0135  -0.1488  -0.0566  -0.0855   0.0309
 SE   0.0702   0.0702   0.0702   0.0702   0.0702   0.0702   0.0702   0.0702   0.0702   0.0702   0.0702   0.0702
 Q      0.00     0.09     0.44     0.99     1.10    11.76    12.60    12.64    17.39    18.08    19.67    19.88
 PV    -1.00    -1.00     0.51     0.61     0.78     0.02     0.03     0.05     0.02     0.02     0.02     0.03
      0.1065  -0.1270  -0.1682   0.0054  -0.0537   0.0852   0.0731  -0.0297  -0.1088  -0.0280  -0.0283  -0.1038
 SE   0.0702   0.0702   0.0702   0.0702   0.0702   0.0702   0.0702   0.0702   0.0702   0.0702   0.0702   0.0702
 Q     22.36    25.91    32.17    32.18    32.82    34.46    35.66    35.86    38.57    38.75    38.94    41.44
 PV     0.02     0.01     0.00     0.00     0.00     0.00     0.01     0.01     0.01     0.01     0.01     0.01
      0.1067  -0.0047  -0.1415  -0.0475   0.0179  -0.0592   0.0450  -0.0582  -0.0098  -0.0479   0.0929  -0.0310
 SE   0.0702   0.0702   0.0702   0.0702   0.0702   0.0702   0.0702   0.0702   0.0702   0.0702   0.0702   0.0702
 Q     44.11    44.11    48.84    49.38    49.46    50.30    50.79    51.61    51.64    52.20    54.34    54.58
 PV     0.01     0.01     0.00     0.00     0.01     0.01     0.01     0.01     0.01     0.01     0.01     0.01

  LJUNG-BOX Q VALUE OF ORDER  24 IS     41.44 AND IF RESIDUALS ARE RANDOM IT SHOULD BE DISTRIBUTED AS CHI-SQUARE(22)
  p-value= 0.0073
  THE PIERCE QS VALUE IS      0.21 AND IF RESIDUALS ARE RANDOM IT SHOULD BE DISTRIBUTED AS CHI-SQUARE(2)

 APPROXIMATE TEST OF RUNS ON RESIDUALS
 -------------------------------------
  NUM.DATA= 203
   NUM.(+)= 102
   NUM.(-)= 101
  NUM.RUNS=  88
   T-VALUE= -1.9701


  NON-PARAMETRIC TEST FOR RESIDUAL SEASONALITY (FRIEDMAN) SEAS_NP =     11.14
    ASYMP. DISTRIBUTED AS CHI-SQUARE(11)
    p-value= 0.4313



 SQUARED RESIDUALS:
 ------------------




 AUTOCORRELATIONS
 ----------------
      0.0705  -0.0369  -0.0114  -0.0320  -0.0061   0.0393  -0.0545  -0.0093  -0.0990  -0.0509  -0.0428   0.0601
 SE   0.0702   0.0702   0.0702   0.0702   0.0702   0.0702   0.0702   0.0702   0.0702   0.0702   0.0702   0.0702
 Q      1.02     1.30     1.33     1.54     1.55     1.88     2.51     2.53     4.63     5.19     5.58     6.37
 PV    -1.00    -1.00     0.25     0.46     0.67     0.76     0.78     0.87     0.71     0.74     0.78     0.78
     -0.0069   0.0081  -0.0282  -0.0266   0.0429   0.0605  -0.0133  -0.0798   0.0139  -0.0871   0.0384  -0.0019
 SE   0.0702   0.0702   0.0702   0.0702   0.0702   0.0702   0.0702   0.0702   0.0702   0.0702   0.0702   0.0702
 Q      6.38     6.39     6.57     6.73     7.14     7.96     8.00     9.45     9.49    11.24    11.58    11.58
 PV     0.85     0.89     0.92     0.94     0.95     0.95     0.97     0.95     0.96     0.94     0.95     0.97
     -0.0149   0.0970   0.0444  -0.0920  -0.0170  -0.0238  -0.0869  -0.0625   0.0636  -0.0804  -0.0186   0.0685
 SE   0.0702   0.0702   0.0702   0.0702   0.0702   0.0702   0.0702   0.0702   0.0702   0.0702   0.0702   0.0702
 Q     11.63    13.84    14.31    16.32    16.39    16.53    18.35    19.31    20.30    21.89    21.97    23.14
 PV     0.98     0.95     0.96     0.93     0.95     0.96     0.94     0.93     0.93     0.91     0.93     0.92

  McLEOD-LI Q VALUE OF ORDER  24 IS     11.58 AND IF RESIDUALS ARE RANDOM IT SHOULD BE DISTRIBUTED AS CHI-SQUARE(24)
  p-value= 0.9842
 
 
 
SPECTRAL DIAGNOSTICS
 --------------------
 
A. SEASONAL SPECTRAL PEAKS
 
                           Frequency (cycles per year)
                     One    Two   Three  Four   Five    Six  
 Original series      --     -T     AT     aT     aT     aT
 Linearized series    -T     aT     AT     AT     AT     aT
 Residuals            --     A-     --     --     --     --
 
 AT : peaks detected in AR(30) and using Tukey spectrum  estimator
 A- : only peaks detected in AR(30) spectrum estimator
 -T : only peaks detected using Tukey spectrum estimator
 -- : No peaks detected in AR(30) nor using Tukey spectrum estimator
 
 
 
B. STOCHASTIC SEASONALITY: SPECTRAL EVIDENCE
 
 1 :  SERIES CONTAINS SEASONALITY THAT CAN BE RELIABLY EXTRACTED.
 0 :  SEASONALITY IS NOT PRESENT IN THE SERIES OR IS TOO WEAK TO BE RELIABLY CAPTURED.
 
 ORIGINAL SERIES :   1
 LINEARIZED SERIES : 1
 RESIDUALS :         0
 
 
 
C. TRADING DAY EFFECT: SPECTRAL EVIDENCE
 
 1 :  TRADING DAY EFFECT DETECTED
 0 :  NO TRADING DAY EFFECT DETECTED
 
 LINEARIZED SERIES : 0
 RESIDUALS :         0
 
 
OVERALL TEST FOR IDENTIFIABLE SEASONALITY 
----------------------------------------- 
 
  AUTOCORRELATION FUNCTION EVIDENCE : YES
  NON-PARAMETRIC EVIDENCE           : YES
  F-TEST                            :  - 
  SPECTRAL EVIDENCE                 : YES
 
IDENTIFIABLE SEASONALITY FOUND IN SERIES
 
 
OVERALL TEST FOR RESIDUALS SEASONALITY 
----------------------------------------- 
 
  AUTOCORRELATION FUNCTION EVIDENCE : NO 
  NON-PARAMETRIC EVIDENCE           : NO 
  F-TEST                            : NO 
  SPECTRAL EVIDENCE                 : NO 
 
NO IDENTIFIABLE SEASONALITY FOUND IN RESIDUALS
 
 
ARIMA MODEL : ACCEPTABLE FIT
----------------------------
  Point estimation is acceptable. Variance variablility/Non-Normality likely to have a mild effect  on some interferences
 
QUALITY ARIMA MODEL TESTS
----------------------------------------

  Mean in residuals                      :GOOD        
  Autocorrelation in residuals           :ACCEPTABLE  
  Normality of residuals                 :GOOD        
  Skewness of residuals                  :GOOD        
  Kurtosis of residuals                  :GOOD        
  Randomness of residual sign            :GOOD        
  Instability of residual mean           :GOOD        
  Instability of residual variance       :GOOD        
  Seasonality in residuals               :GOOD        
  Trading day in residuals               :GOOD        
  Out-of-sample forecast errors          :GOOD        
  Number of outliers                     :GOOD        
 


 LINEAR SERIES


 YEAR        JAN       FEB       MAR       APR       MAY       JUN       JUL       AUG       SEP       OCT       NOV       DEC 

 2005      64.153    68.843    64.988    50.599    52.301    64.510    93.889    46.773    63.569    60.584    59.019    57.505
 2006      71.911    75.301    75.687    60.238    63.250    76.229   101.050    52.251    71.462    71.293    65.159    61.539
 2007      74.372    76.908    74.970    58.847    69.142    86.648   104.776    57.402    77.127    73.006    72.303    65.413
 2008      84.332    88.086    81.677    60.875    65.207    83.168   113.443    55.047    75.580    70.443    71.313    61.309
 2009      81.250    77.278    80.246    53.143    64.208    80.051   117.607    57.755    77.172    66.030    66.056    61.569
 2010      79.535    77.024    80.887    55.061    62.024    75.861   103.584    58.283    78.330    69.118    70.215    66.599
 2011      90.888    88.099    93.612    69.594    79.602    91.291   125.792    66.987    91.826    83.966    82.676    84.000
 2012      94.829    94.220    96.067    73.835    89.283    98.907   127.921    70.507    95.572    89.177    88.808    86.612
 2013      99.192    95.449   106.305    78.267    93.879   106.335   135.120    77.377   105.949    98.076    96.143    93.300
 2014     109.068   102.698   107.649    87.220    94.765   110.037   141.117    74.533   106.396    99.527   101.490    92.000
 2015     108.470   105.920   111.856    94.302   102.761   108.105   129.317    70.158    93.977    95.438    93.654    80.596
 2016     100.274    96.835    96.465    83.766    93.781    98.511   122.655    68.943    95.346    97.559    97.807    89.400
 2017      95.818   102.094   108.077    90.898   105.125   112.655   129.765    65.324   106.661   104.690   102.653   102.920
 2018     101.855   104.209   115.312    97.307   110.993   118.787   133.251    72.267   113.227   117.420   110.565    96.697
 2019     105.849    97.161   101.214    85.396    99.258   102.530   122.256    61.617   100.967   104.556   103.855    97.800
 2020     104.322    95.449   101.293    84.856    95.260    94.203   113.733    60.031    88.860    87.429    85.115    75.815
 2021      77.609    81.220    88.234    76.691    87.808    89.658   109.507    59.376    94.474    96.659    91.040    85.904
 2022      91.279   105.400   110.143    99.633   113.529   110.474   126.311    76.275   119.792   120.353   112.245   102.000
 2023     110.551   115.284   117.051    97.250   111.481   108.402   124.119    76.081   107.576   109.417   105.818


  AUTOCORRELATION FUNCTION TEST FOR SEASONALITY IN LINEARIZEDSERIES QS =   402.73  ASIMPTOTICALLY DISTRIBUTED AS CHI-SQUARE(2)
    p-value= 0.0000


  NON-PARAMETRIC TEST FOR SEASONALITY IN LINEARIZED SERIES (FRIEDMAN) SEAS_NP =    180.09
    ASYMP. DISTRIBUTED AS CHI-SQUARE(11)
    p-value= 0.0000


TOTAL OUTLIER EFFECT FACTORS


 YEAR        JAN       FEB       MAR       APR       MAY       JUN       JUL       AUG       SEP       OCT       NOV       DEC 

 2005      91.992    91.992    91.992    91.992    91.992    91.992    91.992    91.992    91.992    91.992    91.992    91.992
 2006      91.992    91.992    91.992    91.992    91.992    91.992    91.992   105.368   101.163    98.320    96.377    95.040
 2007      94.116    93.474    93.027    92.715    92.498    92.346    92.240    92.165    92.114    92.077    92.052    92.034
 2008      92.022    92.013    92.007    92.002    91.999    91.997    91.996    91.995    91.994    91.994    91.993    91.993
 2009     109.964   109.963    79.199    79.199    79.199    79.199    79.199    89.787    79.199    79.199    79.198    79.198
 2010     100.000   100.000   100.000   100.000   100.000   100.000   100.000   100.000   100.000   100.000   100.000   100.000
 2011     100.000   100.000   100.000   100.000   100.000   100.000   100.000   100.000   100.000   100.000   100.000   100.000
 2012     100.000   100.000   100.000   100.000   100.000   100.000   100.000   100.000   100.000   100.000   100.000   100.000
 2013     100.000   100.000   100.000   100.000   100.000   100.000   100.000   100.000   100.000   100.000   100.000   100.000
 2014     100.000   100.000   100.000   100.000   100.000   100.000   100.000   100.000   100.000   100.000   100.000   100.000
 2015     100.000   100.000   100.000   100.000   100.000   100.000   100.000   100.000   100.000   100.000   100.000   100.000
 2016     100.000   100.000   100.000   100.000   100.000   100.000   100.000   100.000   100.000   100.000   100.000   100.000
 2017     100.000   100.000   100.000   100.000   100.000   100.000   100.000   100.000   100.000   100.000   100.000   100.000
 2018     100.000   100.000   100.000   100.000   100.000   100.000   100.000   100.000   100.000   100.000   100.000   100.000
 2019     100.000   100.000   100.000   100.000   100.000   100.000   100.000   100.000   100.000   100.000   100.000   100.000
 2020     100.000   100.000    66.719    15.615    59.042    87.040    90.741   110.265   107.079   104.905   103.408   102.374
 2021     101.656   101.156   100.808   100.565   100.395   100.276   100.193   100.135   100.095   100.066   100.046   100.032
 2022     100.023   100.016   100.011   100.008   100.005   100.004   100.003   100.002   100.001   100.001   100.001   100.000
 2023     100.000   100.000   100.000   100.000   100.000   100.000   100.000   100.000   100.000   100.000   100.000


TOTAL TRADING DAY - EASTER - LEAP YEAR EFFECT FACTORS


 YEAR        JAN       FEB       MAR       APR       MAY       JUN       JUL       AUG       SEP       OCT       NOV       DEC 

 2005     100.000   100.000    98.458   101.566   100.000   100.000   100.000   100.000   100.000   100.000   100.000   100.000
 2006     100.000   100.000   101.566    98.458   100.000   100.000   100.000   100.000   100.000   100.000   100.000   100.000
 2007     100.000   100.000   101.566    98.458   100.000   100.000   100.000   100.000   100.000   100.000   100.000   100.000
 2008     100.000   100.000    98.458   101.566   100.000   100.000   100.000   100.000   100.000   100.000   100.000   100.000
 2009     100.000   100.000   101.566    98.458   100.000   100.000   100.000   100.000   100.000   100.000   100.000   100.000
 2010     100.000   100.000   100.000   100.000   100.000   100.000   100.000   100.000   100.000   100.000   100.000   100.000
 2011     100.000   100.000   101.566    98.458   100.000   100.000   100.000   100.000   100.000   100.000   100.000   100.000
 2012     100.000   100.000   101.566    98.458   100.000   100.000   100.000   100.000   100.000   100.000   100.000   100.000
 2013     100.000   100.000    98.458   101.566   100.000   100.000   100.000   100.000   100.000   100.000   100.000   100.000
 2014     100.000   100.000   101.566    98.458   100.000   100.000   100.000   100.000   100.000   100.000   100.000   100.000
 2015     100.000   100.000   100.519    99.483   100.000   100.000   100.000   100.000   100.000   100.000   100.000   100.000
 2016     100.000   100.000    98.458   101.566   100.000   100.000   100.000   100.000   100.000   100.000   100.000   100.000
 2017     100.000   100.000   101.566    98.458   100.000   100.000   100.000   100.000   100.000   100.000   100.000   100.000
 2018     100.000   100.000    98.458   101.566   100.000   100.000   100.000   100.000   100.000   100.000   100.000   100.000
 2019     100.000   100.000   101.566    98.458   100.000   100.000   100.000   100.000   100.000   100.000   100.000   100.000
 2020     100.000   100.000   101.566    98.458   100.000   100.000   100.000   100.000   100.000   100.000   100.000   100.000
 2021     100.000   100.000   100.000   100.000   100.000   100.000   100.000   100.000   100.000   100.000   100.000   100.000
 2022     100.000   100.000   101.566    98.458   100.000   100.000   100.000   100.000   100.000   100.000   100.000   100.000
 2023     100.000   100.000   101.566    98.458   100.000   100.000   100.000   100.000   100.000   100.000   100.000


TOTAL REGRESSION EFFECT FACTORS


 YEAR        JAN       FEB       MAR       APR       MAY       JUN       JUL       AUG       SEP       OCT       NOV       DEC 

 2005      97.262    99.320   100.234   100.262   102.259   101.105    95.634   102.259   102.259    95.634   101.117   100.000
 2006     101.129    99.320   104.219    92.741   102.259   101.105    95.634   102.259    98.349    99.436   101.117    92.499
 2007     105.150    99.320   100.234    96.428   102.259   101.105    99.436   102.259    94.589   103.390   101.117    96.176
 2008     105.150   103.269    92.716   104.248    98.349    97.240   103.390    94.589   102.259   103.390    97.251   100.000
 2009      97.262    99.320   100.234   104.248    94.589   101.105   103.390    98.349   102.259    99.436   101.117   103.976
 2010      93.543    99.320   104.219   104.248    98.349   101.105    99.436   102.259   102.259    95.634   101.117   108.109
 2011      97.262    99.320   100.234   100.262   102.259   101.105    95.634   102.259   102.259    95.634   101.117   100.000
 2012     101.129   103.269   100.234    96.428   102.259   101.105    99.436   102.259    94.589   103.390   101.117    96.176
 2013     105.150    99.320    96.402   100.262   102.259    97.240   103.390    98.349    98.349   103.390    97.251   100.000
 2014     101.129    99.320    96.402   100.262    98.349    97.240   103.390    94.589   102.259   103.390    97.251   100.000
 2015      97.262    99.320   100.234   104.248    94.589   101.105   103.390    98.349   102.259    99.436   101.117   103.976
 2016      93.543   103.269   100.234   100.262   102.259   101.105    95.634   102.259   102.259    95.634   101.117   100.000
 2017     101.129    99.320   104.219    92.741   102.259   101.105    95.634   102.259    98.349    99.436   101.117    92.499
 2018     105.150    99.320   100.234    96.428   102.259   101.105    99.436   102.259    94.589   103.390   101.117    96.176
 2019     105.150    99.320    96.402   100.262   102.259    97.240   103.390    98.349    98.349   103.390    97.251   100.000
 2020     101.129    99.320   100.234   104.248    94.589   101.105   103.390    98.349   102.259    99.436   101.117   103.976
 2021      93.543    99.320   104.219   104.248    98.349   101.105    99.436   102.259   102.259    95.634   101.117   108.109
 2022      97.262    99.320   104.219    96.428   102.259   101.105    95.634   102.259   102.259    95.634   101.117   100.000
 2023     101.129    99.320   104.219    92.741   102.259   101.105    95.634   102.259    98.349    99.436   101.117
 
 
 
 FORECAST FUNCTION OF ORIGINAL SERIES: 
  
ORIGIN: 227 PERIODS AHEAD: 24
  
 OBS    DATE         FORECAST          STD ERROR        FORECAST          STD ERROR   
                        (SERIES IN LOGS)                     (SERIES IN LEVELS)       
 228  Dec-2023       4.48960          0.528732E-01       89.0855           4.71352    
 229  Jan-2024       4.68765          0.633998E-01       108.598           6.89199    
 230  Feb-2024       4.72953          0.726713E-01       113.242           8.24032    
 231  Mar-2024       4.67577          0.816224E-01       107.315           8.77390    
 232  Apr-2024       4.58560          0.889887E-01       98.0624           8.74375    
 233  May-2024       4.72425          0.952994E-01       112.646           10.7596    
 234  Jun-2024       4.65271          0.101778           104.869           10.7010    
 235  Jul-2024       4.85736          0.107898           128.684           13.9252    
 236  Aug-2024       4.29429          0.113549           73.2798           8.34771    
 237  Sep-2024       4.68059          0.118971           107.833           12.8746    
 238  Oct-2024       4.74426          0.124231           114.923           14.3322    
 239  Nov-2024       4.63914          0.129228           103.455           13.4253    
 240  Dec-2024       4.57545          0.145938           97.0717           14.2423    
 241  Jan-2025       4.65654          0.156869           105.272           16.6160    
 242  Feb-2025       4.69842          0.167096           109.774           18.4716    
 243  Mar-2025       4.71472          0.176844           111.577           19.8870    
 244  Apr-2025       4.56241          0.185911           95.8146           17.9681    
 245  May-2025       4.69315          0.194604           109.197           21.4529    
 246  Jun-2025       4.66060          0.202938           105.699           21.6731    
 247  Jul-2025       4.86524          0.210972           129.702           27.6707    
 248  Aug-2025       4.26318          0.218704           71.0355           15.7234    
 249  Sep-2025       4.72746          0.226073           113.008           25.8779    
 250  Oct-2025       4.75214          0.233307           115.832           27.3964    
 251  Nov-2025       4.64702          0.240303           104.274           25.4234    
