
                                        PROGRAM TRAMO+

             (based on program TRAMO, Victor Gomez and Agustin Maravall©,1996)

         Developed at the Bank of Spain by Gianluca Caporello and Agustin Maravall,
         with programming support from Domingo Pérez Cañete and Roberto López Pavón.

                 VERSION: 1.0 (Revision: 942  Build: 2017/09/25 09:39:13)


 SERIES TITLE=DIVID20                                                                         

 INPUT PARAMETERS
   lam= 0   imean= 0   ireg= 5   ieast= 3   seats= 2   tabtablet='xo,xi,xl,re,me,td,ee,to,ls,reg'   int2=227   rsa= 0   modelsumm= 1   va=   3.742
 
  WARNING :
    Remember to define the regression variable name in the first line of the external regression file.
   Name : NOT DEFINED.
   Reglist01
    Iuser=-1   Nser= 1   Ilong= 312
 
   Name : NOT DEFINED.
   Reglist02
    Iuser= 2   Nser= 4   Ilong=   0
 
   Fixed Outliers:
   #Observ. Type
      48     LS
      47     TC
     184     TC
     183     TC
 

 NUMBER OF OBSERVATIONS: 227


 ORIGINAL SERIES 

 YEAR        JAN       FEB       MAR       APR       MAY       JUN       JUL       AUG       SEP       OCT       NOV       DEC 

 2005      97.700   106.800   117.900   115.600   119.100   114.700   116.400    79.600   127.500   122.800   115.700    98.400
 2006     110.000   115.800   129.000   115.300   130.900   123.900   128.100    86.200   125.400   130.300   115.500    98.700
 2007     114.500   114.400   130.600   119.600   131.700   126.700   128.900    87.300   121.800   129.900   119.300    94.100
 2008     122.300   128.900   133.500   129.100   133.700   132.000   139.200    82.800   129.100   121.000   100.300    73.400
 2009      84.400    93.100   107.300    96.100   100.300   107.500   108.300    66.900   110.800   100.900   101.500    81.700
 2010      93.800   103.700   124.300   116.700   120.800   120.500   119.700    74.200   123.200   114.600   111.900    97.400
 2011     105.100   117.300   132.200   124.400   128.900   124.700   122.800    79.900   124.900   115.100   110.200    95.100
 2012     102.700   111.100   128.300   110.600   120.600   117.300   119.500    80.100   115.200   116.200   110.900    90.800
 2013     102.400   103.500   114.000   107.300   118.800   113.100   118.000    72.200   112.600   111.600   100.700    91.900
 2014     100.200   101.600   114.900   105.900   109.800   110.900   111.700    66.900   111.900   105.700    94.900    83.400
 2015      91.400    98.900   112.200   106.200   106.500   109.300   114.300    65.100   110.700   103.500    97.400    84.400
 2016      87.700   100.900   106.700   104.100   108.000   104.800   101.600    66.500   104.600   100.000   100.600    87.000
 2017      97.200   107.100   124.500    99.800   116.300   112.400   112.100    72.000   107.900   107.300   103.900    87.600
 2018     104.700   105.300   118.900   107.100   119.000   114.400   112.000    72.700   109.400   113.700   102.100    84.200
 2019     102.200   103.300   114.900   104.500   113.200   109.800   116.000    68.700   107.700   110.900    96.000    81.800
 2020      99.900   103.400   104.100    75.500    87.700    97.100   107.200    68.500   108.400   109.500   104.000    88.700
 2021     102.100   113.500   133.200   128.500   131.600   128.000   132.300    89.300   138.300   141.700   147.800   126.600
 2022     143.800   153.300   182.400   162.500   176.300   168.700   163.800   116.400   167.500   151.900   148.100   118.000
 2023     136.400   142.800   163.400   124.900   141.400   136.600   131.400    91.200   136.100   134.500   129.900

DATES OF EASTER DURING THE REQUESTED TIME SPAN 

 YEAR MONTH  DAY 

   2005   MARCH   27
   2006   APRIL   16
   2007   APRIL    8
   2008   MARCH   23
   2009   APRIL   12
   2010   APRIL    4
   2011   APRIL   24
   2012   APRIL    8
   2013   MARCH   31
   2014   APRIL   20
   2015   APRIL    5
   2016   MARCH   27
   2017   APRIL   16
   2018   APRIL    1
   2019   APRIL   21
   2020   APRIL   12
   2021   APRIL    4
   2022   APRIL   17
   2023   APRIL    9
   2024   MARCH   31
   2025   APRIL   20
   2026   APRIL    5


 MODEL PARAMETERS            
 ----------------
  MQ= 12         IMEAN=  0      LAM=  0      D=  1       BD=  1
  P=  0          BP=  0         Q=  1        BQ=  1      IREG=  5
  ITRAD=  0      SMPDAY=  0     IEAST=  3      IDUR=  6     M= 36       IQM= 24
  INCON=  0      NBACK=  0      NPRED= 24    INTERP=  2  INIT=  0
  IFILT=  2      IROOT=  2    INIC=  0    ICONCE=  1
  ICDET=  1      IATIP=  0      IMVX=  0     IDIF=  0    PG=  0
  AIO=  2        INT1=  1       INT2= 227    RSA=  0     SEATS=  2
  VA= 3.74       TOL=  0.100E-03             PC=  0.120E+00
  NOADMISS= 1    STOCHTD 0    BIAS= 1
  THLIM=  0.000  BTHLIM=  0.000   RMOD=  0.500



TH =        -0.10

BTH =        -0.10

WARNING: When adjusting for degrees of freedom in
 order to compute white-noise residuals, the Housholder
 transformation contains an element of arbitrariness 
 that, when multiple regressors are entered, may produce
 a slight variation in results when the order in which
 regressors are entered changes



NUMBER OF INITIAL OBS. =  13

Log-Level pretest : LOGS are Selected
 DIFFERENCED TRANSFORMED SERIES

 YEAR        JAN       FEB       MAR       APR       MAY       JUN       JUL       AUG       SEP       OCT       NOV       DEC 

 2006                -0.038     0.009    -0.093     0.097    -0.017     0.019    -0.016    -0.096     0.076    -0.061     0.005
 2007       0.037    -0.052     0.024     0.024    -0.031     0.016    -0.016     0.006    -0.042     0.026     0.035    -0.080
 2008       0.114     0.053    -0.097     0.054    -0.061     0.026     0.036    -0.130     0.111    -0.129    -0.103    -0.075
 2009      -0.122     0.046     0.107    -0.077     0.008     0.082    -0.046     0.038     0.060    -0.029     0.194     0.095
 2010      -0.002     0.002     0.039     0.047    -0.008    -0.072    -0.014     0.003     0.003     0.021    -0.030     0.078
 2011      -0.062     0.009    -0.062     0.002     0.001    -0.031    -0.009     0.048    -0.060    -0.009    -0.020    -0.009
 2012       0.001    -0.031     0.024    -0.088     0.051     0.005     0.034     0.030    -0.083     0.090    -0.003    -0.053
 2013       0.043    -0.068    -0.047     0.088     0.015    -0.021     0.024    -0.091     0.081    -0.018    -0.056     0.109
 2014      -0.034     0.003     0.026    -0.021    -0.066     0.059    -0.035    -0.021     0.070    -0.048    -0.005    -0.038
 2015       0.005     0.065     0.003     0.027    -0.033     0.016     0.038    -0.050     0.016    -0.010     0.047    -0.014
 2016      -0.053     0.061    -0.070     0.030     0.034    -0.056    -0.076     0.139    -0.078     0.022     0.067    -0.002
 2017       0.073    -0.043     0.095    -0.196     0.116    -0.004     0.028    -0.019    -0.048     0.039    -0.038    -0.025
 2018       0.067    -0.091    -0.029     0.117    -0.048    -0.005    -0.019     0.011     0.004     0.044    -0.075    -0.022
 2019       0.015     0.005    -0.015     0.010    -0.025     0.009     0.076    -0.092     0.041    -0.009    -0.037     0.033
 2020       0.006     0.024    -0.100    -0.226     0.070     0.132     0.044     0.076     0.009    -0.019     0.093     0.001
 2021      -0.059     0.071     0.153     0.285    -0.126    -0.130    -0.066     0.055    -0.022     0.014     0.094     0.004
 2022      -0.013    -0.042     0.014    -0.080     0.058    -0.016    -0.063     0.051    -0.073    -0.122    -0.067    -0.072
 2023       0.018    -0.018    -0.039    -0.153     0.043     0.010    -0.009    -0.024     0.036     0.086    -0.009




 AUTOCORRELATIONS
 ----------------
     -0.1943   0.0639   0.0990   0.0461   0.0801   0.0349  -0.0139  -0.0204  -0.0362   0.0866  -0.0841  -0.2614
 SE   0.0684   0.0709   0.0712   0.0718   0.0719   0.0724   0.0724   0.0724   0.0725   0.0726   0.0730   0.0735
      0.1358  -0.2357   0.0953  -0.0653  -0.0766  -0.0542   0.0525  -0.0068  -0.0731   0.1538  -0.0949  -0.0715
 SE   0.0777   0.0788   0.0820   0.0826   0.0828   0.0831   0.0833   0.0835   0.0835   0.0838   0.0851   0.0856
      0.0556  -0.0049  -0.0515   0.0147  -0.0467   0.0086  -0.0250   0.0480  -0.0784  -0.0379   0.1600  -0.2296
 SE   0.0858   0.0860   0.0860   0.0861   0.0862   0.0863   0.0863   0.0863   0.0864   0.0868   0.0868   0.0882


 PARTIAL AUTOCORRELATIONS
 ---------------------
     -0.1943   0.0271   0.1210   0.0902   0.0996   0.0532  -0.0234  -0.0632  -0.0810   0.0613  -0.0454  -0.3004
 SE   0.0684   0.0684   0.0684   0.0684   0.0684   0.0684   0.0684   0.0684   0.0684   0.0684   0.0684   0.0684
      0.0283  -0.1808   0.0805   0.0198  -0.0039  -0.0475   0.0605   0.0164  -0.0707   0.2074  -0.1202  -0.1787
 SE   0.0684   0.0684   0.0684   0.0684   0.0684   0.0684   0.0684   0.0684   0.0684   0.0684   0.0684   0.0684
     -0.0258  -0.1117   0.0254  -0.0431  -0.0412  -0.0348   0.0413   0.0163  -0.0222   0.0791   0.0363  -0.2169
 SE   0.0684   0.0684   0.0684   0.0684   0.0684   0.0684   0.0684   0.0684   0.0684   0.0684   0.0684   0.0684
  
 ARIMA MODEL ESTIMATION 
  
 METHOD OF ESTIMATION: EXACT MAXIMUM LIKELIHOOD           
  
 PARAMETER      ESTIMATE           STD ERROR      T RATIO   LAG  
  
 TH1         -0.27271           0.66288E-01       -4.11      1
 BTH         -0.80637           0.40748E-01      -19.79     12
  
 
 REGULAR MA INVERSE ROOTS ARE 
 NO.     REAL P.     IMAG.P.     MODULUS    ARGUMENT      PERIOD
  1      0.27271       0.0000      0.27271       0.0000            -  
 
 SEASONAL MA INVERSE ROOTS ARE 
 NO.     REAL P.     IMAG.P.     MODULUS    ARGUMENT      PERIOD
  1      0.80637       0.0000      0.80637       0.0000            -  
  
 CORRELATIONS OF THE ESTIMATES 
  
  1.000   -0.125
 -0.125    1.000
  
 AIC 
    -822.224
  
 BIC 
     -6.6135
  
 FINAL VALUE OF OBJECTIVE FUNCTION: 
               0.24937    
  
 RADETN:    1.03006854381331     
 ITERATIONS:            6
  
  NUMBER OF FUNCTION EVALUATIONS:           20
  

 ESTIMATES OF REGRESSION PARAMETERS 
 CONCENTRATED OUT OF THE LIKELIHOOD 

 PARAMETER           VALUE          ST. ERROR     T VALUE
 REG      1          0.22793E-01    (     0.00185)   12.33
 EAST     1         -0.21656E-01    (     0.00822)   -2.63
 OUT 1 ( 48)        -0.19124        (     0.03145)   -6.08   LS    (12 2008)
 OUT 2 ( 47)        -0.10477        (     0.03067)   -3.42   TC    (11 2008)
 OUT 3 (184)        -0.27996        (     0.03095)   -9.05   TC    ( 4 2020)
 OUT 4 (183)        -0.13879        (     0.03062)   -4.53   TC    ( 3 2020)

 VAR-CORRELATION MATRIX OF ESTIMATORS 

   0.342E-05
   0.169E+00   0.676E-04
  -0.110E-01  -0.963E-03   0.989E-03
   0.874E-01   0.138E-01   0.930E-01   0.940E-03
  -0.949E-01  -0.149E+00   0.185E-03  -0.975E-02   0.958E-03
   0.202E-01   0.790E-01  -0.460E-03  -0.175E-03  -0.943E-01   0.938E-03


 VARIANCES ARE IN THE MAIN DIAGONAL; 
 OFF-DIAGONAL ELEMENTS ARE CORRELATIONS. 



ACF DIFFERENCED SERIES




 AUTOCORRELATIONS
 ----------------
     -0.2224   0.0534   0.0761   0.0247   0.0885   0.0474  -0.0144  -0.0218  -0.0268   0.0787  -0.0313  -0.2894
 SE   0.0684   0.0717   0.0718   0.0722   0.0723   0.0728   0.0729   0.0729   0.0730   0.0730   0.0734   0.0735
      0.1627  -0.2245   0.1024  -0.0404  -0.0731  -0.0667   0.0394  -0.0123  -0.0475   0.1527  -0.1248  -0.0549
 SE   0.0786   0.0802   0.0831   0.0836   0.0837   0.0840   0.0843   0.0844   0.0844   0.0845   0.0858   0.0866
      0.0426   0.0155  -0.0736   0.0113  -0.0459   0.0070  -0.0163   0.0526  -0.0978  -0.0384   0.1493  -0.2084
 SE   0.0868   0.0869   0.0869   0.0872   0.0872   0.0873   0.0873   0.0873   0.0875   0.0880   0.0881   0.0892
  
  
  NUMBER OF WHITE NOISE RESIDUALS          208
  
 WHITE NOISE RESIDUALS
  

 YEAR        JAN       FEB       MAR       APR       MAY       JUN       JUL       AUG       SEP       OCT       NOV       DEC 

 2006                                                                            -0.009    -0.060     0.007    -0.028     0.032
 2007      -0.014    -0.036     0.017    -0.006     0.004     0.008    -0.024     0.012    -0.046    -0.017     0.031    -0.061
 2008       0.094     0.031     0.020    -0.077     0.010     0.032    -0.018    -0.050    -0.028    -0.089     0.023    -0.004
 2009       0.002     0.012     0.017    -0.051     0.012     0.056    -0.029    -0.028     0.061    -0.050     0.062    -0.053
 2010       0.051     0.018     0.053     0.026     0.012    -0.001    -0.023    -0.061     0.061     0.010     0.010     0.004
 2011      -0.010     0.032    -0.003     0.032    -0.042    -0.022    -0.010    -0.020    -0.004    -0.015    -0.018     0.032
 2012      -0.066    -0.021     0.032    -0.030    -0.020    -0.009     0.006     0.040    -0.026    -0.019     0.026     0.007
 2013      -0.059    -0.041    -0.007    -0.033     0.041     0.010    -0.012    -0.018     0.001    -0.004    -0.010     0.060
 2014      -0.021    -0.045    -0.004    -0.004    -0.025     0.028    -0.040    -0.021     0.024    -0.022    -0.018     0.008
 2015       0.000     0.011    -0.003     0.009     0.002    -0.001     0.022    -0.075     0.042     0.001    -0.008    -0.006
 2016      -0.011     0.021    -0.032     0.023    -0.014    -0.015    -0.016     0.001    -0.004     0.035     0.047     0.030
 2017       0.005     0.046     0.010    -0.056     0.017    -0.008     0.016    -0.010    -0.032     0.015     0.019     0.039
 2018       0.007    -0.031     0.005    -0.018     0.018    -0.011    -0.029     0.014     0.007     0.019    -0.036    -0.027
 2019       0.028    -0.014    -0.007    -0.010    -0.008     0.017     0.014    -0.025    -0.009     0.025    -0.040    -0.038
 2020       0.070     0.003     0.014     0.009     0.023     0.006     0.021     0.020    -0.037     0.019     0.002    -0.030
 2021       0.059     0.024     0.017     0.055     0.005    -0.027     0.019     0.064     0.011     0.083     0.103    -0.005
 2022       0.046     0.005     0.016     0.034    -0.018    -0.021    -0.023     0.070    -0.059    -0.074    -0.022    -0.059
 2023      -0.030    -0.009    -0.030    -0.116    -0.034    -0.012    -0.025     0.030     0.006    -0.005     0.011
 
 
  STABILITY TEST
 
 
     1. FULL PERIOD
                  FIRST HALF                    SECOND HALF
           Mean(t)          Variance      Mean(t)          Variance
      -0.39E-02( -1.2    )  0.11E-02  0.16E-02( 0.50    )  0.11E-02
 
      Mean assumed equal to 0
      VR(variance ratio)= 0.99    
 
      MEAN STABILITY IS NOT REJECTED.
      VARIANCE STABILITY IS NOT REJECTED.


 
     2. LAST 10 YEARS
                  FIRST HALF                    SECOND HALF
           Mean(t)          Variance      Mean(t)          Variance
       0.36E-03( 0.11    )  0.66E-03  0.13E-02( 0.27    )  0.14E-02
 
      Mean assumed equal to 0
      VR(variance ratio)=  2.2    
 
      LAST 10 YEARS MEAN STABILITY IS NOT REJECTED.
      LAST 10 YEARS VARIANCE STABILITY IS REJECTED.


 
  OUT-OF-SAMPLE TEST
  ------------------
      Model re-estimated on Linearized series for first 209 observations.
       18 One-Period-Ahead Forecasts computed with model fixed.
      Comparison between forecast errors (last   18 observations) and residuals (in-sample):

        Mean(Forecast Errors)
            p-value= 0.0001
            Mean of forecast errors cannot be assumed zero.

        Out-of-Sample MSE is :  0.2583E-02
        In-Sample MSE is :  0.1035E-02
        F( 18,196) is :  0.249E+01
            p-value(%)= 0.1090

        Mean and Variance of forecast Errors and In-Sample residuals ARE significantly different


 TEST-STATISTICS ON RESIDUALS
 ----------------------------


           MEAN=  -0.1109121E-02
        ST.DEV.=   0.2321134E-02
        OF MEAN
        T-VALUE= -0.4778

 NORMALITY TEST=   4.219        ( CHI-SQUARE(2) )

       SKEWNESS=  0.0094          ( SE =  0.1698 )
       KURTOSIS=  3.6975          ( SE =  0.3397 )

 SUM OF SQUARES=   0.2129864    

  DURBIN-WATSON=  2.2559

 STANDARD ERROR=   0.3377679E-01
 OF RESID.
  MSE OF RESID.=   0.1140871E-02




 AUTOCORRELATIONS
 ----------------
     -0.0300   0.0582   0.1631   0.0246   0.0757   0.0959   0.0478  -0.0651   0.0346   0.1309  -0.2219   0.1793
 SE   0.0693   0.0693   0.0693   0.0693   0.0693   0.0693   0.0693   0.0693   0.0693   0.0693   0.0693   0.0693
 Q      0.19     0.91     6.58     6.70     7.94     9.92    10.42    11.35    11.61    15.39    26.31    33.47
 PV    -1.00    -1.00     0.01     0.04     0.05     0.04     0.06     0.08     0.11     0.05     0.00     0.00
      0.0012  -0.2162   0.0580  -0.0881  -0.1163  -0.0843   0.0066  -0.0509  -0.0669   0.1734  -0.1874  -0.0411
 SE   0.0693   0.0693   0.0693   0.0693   0.0693   0.0693   0.0693   0.0693   0.0693   0.0693   0.0693   0.0693
 Q     33.47    43.99    44.76    46.52    49.61    51.25    51.26    51.86    52.91    59.96    68.26    68.66
 PV     0.00     0.00     0.00     0.00     0.00     0.00     0.00     0.00     0.00     0.00     0.00     0.00
      0.0610  -0.0978   0.0111  -0.0643  -0.0708   0.0113  -0.0154   0.0147  -0.0877   0.0128  -0.0042  -0.1447
 SE   0.0693   0.0693   0.0693   0.0693   0.0693   0.0693   0.0693   0.0693   0.0693   0.0693   0.0693   0.0693
 Q     69.55    71.84    71.87    72.88    74.10    74.13    74.19    74.24    76.16    76.21    76.21    81.52
 PV     0.00     0.00     0.00     0.00     0.00     0.00     0.00     0.00     0.00     0.00     0.00     0.00

  LJUNG-BOX Q VALUE OF ORDER  24 IS     68.66 AND IF RESIDUALS ARE RANDOM IT SHOULD BE DISTRIBUTED AS CHI-SQUARE(22)
  p-value= 0.0000
  THE PIERCE QS VALUE IS      7.16 AND IF RESIDUALS ARE RANDOM IT SHOULD BE DISTRIBUTED AS CHI-SQUARE(2)

 APPROXIMATE TEST OF RUNS ON RESIDUALS
 -------------------------------------
  NUM.DATA= 208
   NUM.(+)= 104
   NUM.(-)= 104
  NUM.RUNS= 100
   T-VALUE= -0.6951


  NON-PARAMETRIC TEST FOR RESIDUAL SEASONALITY (FRIEDMAN) SEAS_NP =      3.42
    ASYMP. DISTRIBUTED AS CHI-SQUARE(11)
    p-value= 0.9840



 SQUARED RESIDUALS:
 ------------------




 AUTOCORRELATIONS
 ----------------
      0.1283   0.0462   0.0532   0.0271  -0.0720   0.0613   0.0435   0.0447   0.1130   0.0642   0.0515   0.0295
 SE   0.0693   0.0693   0.0693   0.0693   0.0693   0.0693   0.0693   0.0693   0.0693   0.0693   0.0693   0.0693
 Q      3.48     3.93     4.53     4.69     5.80     6.62     7.03     7.47    10.27    11.18    11.77    11.96
 PV    -1.00    -1.00     0.03     0.10     0.12     0.16     0.22     0.28     0.17     0.19     0.23     0.29
      0.0132   0.0213   0.0212  -0.0030   0.1934   0.0905  -0.0041   0.0896   0.0413   0.0483   0.0497   0.0378
 SE   0.0693   0.0693   0.0693   0.0693   0.0693   0.0693   0.0693   0.0693   0.0693   0.0693   0.0693   0.0693
 Q     12.00    12.10    12.20    12.21    20.76    22.65    22.65    24.51    24.91    25.46    26.04    26.38
 PV     0.36     0.44     0.51     0.59     0.14     0.12     0.16     0.14     0.16     0.18     0.20     0.24
     -0.0184  -0.0539   0.0050   0.0027  -0.0741  -0.0667   0.0603  -0.0006   0.0376  -0.0527  -0.0217  -0.0366
 SE   0.0693   0.0693   0.0693   0.0693   0.0693   0.0693   0.0693   0.0693   0.0693   0.0693   0.0693   0.0693
 Q     26.46    27.16    27.17    27.17    28.51    29.60    30.50    30.50    30.85    31.55    31.67    32.01
 PV     0.28     0.30     0.35     0.40     0.39     0.38     0.39     0.44     0.47     0.49     0.53     0.57

  McLEOD-LI Q VALUE OF ORDER  24 IS     26.38 AND IF RESIDUALS ARE RANDOM IT SHOULD BE DISTRIBUTED AS CHI-SQUARE(24)
  p-value= 0.3341
 
 
 
SPECTRAL DIAGNOSTICS
 --------------------
 
A. SEASONAL SPECTRAL PEAKS
 
                           Frequency (cycles per year)
                     One    Two   Three  Four   Five    Six  
 Original series      aT     AT     AT     aT     aT     AT
 Linearized series    AT     AT     AT     AT     AT     AT
 Residuals            --     --     --     --     --     --
 
 AT : peaks detected in AR(30) and using Tukey spectrum  estimator
 A- : only peaks detected in AR(30) spectrum estimator
 -T : only peaks detected using Tukey spectrum estimator
 -- : No peaks detected in AR(30) nor using Tukey spectrum estimator
 
 
 
B. STOCHASTIC SEASONALITY: SPECTRAL EVIDENCE
 
 1 :  SERIES CONTAINS SEASONALITY THAT CAN BE RELIABLY EXTRACTED.
 0 :  SEASONALITY IS NOT PRESENT IN THE SERIES OR IS TOO WEAK TO BE RELIABLY CAPTURED.
 
 ORIGINAL SERIES :   1
 LINEARIZED SERIES : 1
 RESIDUALS :         0
 
 
 
C. TRADING DAY EFFECT: SPECTRAL EVIDENCE
 
 1 :  TRADING DAY EFFECT DETECTED
 0 :  NO TRADING DAY EFFECT DETECTED
 
 LINEARIZED SERIES : 0
 RESIDUALS :         0
 
 
OVERALL TEST FOR IDENTIFIABLE SEASONALITY 
----------------------------------------- 
 
  AUTOCORRELATION FUNCTION EVIDENCE : YES
  NON-PARAMETRIC EVIDENCE           : YES
  F-TEST                            :  - 
  SPECTRAL EVIDENCE                 : YES
 
IDENTIFIABLE SEASONALITY FOUND IN SERIES
 
 
OVERALL TEST FOR RESIDUALS SEASONALITY 
----------------------------------------- 
 
  AUTOCORRELATION FUNCTION EVIDENCE : NO 
  NON-PARAMETRIC EVIDENCE           : NO 
  F-TEST                            : NO 
  SPECTRAL EVIDENCE                 : NO 
 
NO IDENTIFIABLE SEASONALITY FOUND IN RESIDUALS
 
 
ARIMA MODEL : POOR FIT
----------------------
 
QUALITY ARIMA MODEL TESTS
----------------------------------------

  Mean in residuals                      :GOOD        
  Autocorrelation in residuals           :POOR        
  Normality of residuals                 :GOOD        
  Skewness of residuals                  :GOOD        
  Kurtosis of residuals                  :GOOD        
  Randomness of residual sign            :GOOD        
  Instability of residual mean           :GOOD        
  Instability of residual variance       :ACCEPTABLE  
  Seasonality in residuals               :GOOD        
  Trading day in residuals               :GOOD        
  Out-of-sample forecast errors          :ACCEPTABLE  
  Number of outliers                     :GOOD        
 


 LINEAR SERIES


 YEAR        JAN       FEB       MAR       APR       MAY       JUN       JUL       AUG       SEP       OCT       NOV       DEC 

 2005      82.014    88.562    98.303    94.306    97.092    94.128    98.681    64.891   103.940   104.107    94.942    81.272
 2006      90.258    96.025   102.882   100.603   106.712   101.678   108.600    70.272   104.585   107.976    94.778    85.322
 2007      91.834    94.865   106.560   102.004   107.364   103.975   106.815    71.168   103.925   105.218    97.896    79.512
 2008      98.089   104.480   116.502   102.945   111.507   110.822   112.751    70.648   105.245    98.009    93.503    78.985
 2009      90.300    96.892   108.700    96.496   104.901   107.737   106.853    67.841   109.686   101.444   100.989    79.940
 2010      97.602   104.166   121.375   113.924   122.002   119.742   120.106    73.241   121.606   117.634   111.178    93.061
 2011     106.821   117.770   130.598   125.563   127.228   123.901   126.047    78.863   123.279   118.144   109.486    95.100
 2012     102.028   109.030   126.745   114.207   119.035   116.548   119.896    79.061   119.009   113.957   110.182    92.893
 2013      99.437   103.914   117.737   105.982   117.258   114.966   115.723    72.906   113.701   109.446   102.355    91.900
 2014      99.544   102.006   116.124   106.890   110.874   112.730   109.544    69.112   110.448   103.660    96.459    83.400
 2015      92.895    99.295   111.643   104.023   110.021   108.600   112.094    65.737   109.264   103.843    96.769    82.498
 2016      91.190    99.020   107.714   102.822   106.599   104.129   104.287    65.637   103.243   102.644    99.949    87.000
 2017      96.564   107.528   120.219   105.431   114.791   111.680   115.064    71.066   108.955   107.655   103.227    91.686
 2018     101.671   105.721   120.030   108.224   117.456   113.667   112.371    71.757   113.017   111.506   101.439    86.141
 2019      99.243   103.713   116.124   105.476   111.731   111.612   113.761    69.372   108.753   108.760    97.577    81.800
 2020      99.246   103.813   118.148   108.608   117.969   116.059   119.648    75.725   113.994   114.846   106.586    88.607
 2021     107.791   115.174   130.993   126.069   133.374   127.506   132.976    88.252   136.625   145.536   146.906   120.995
 2022     146.184   153.935   176.147   167.812   174.021   167.625   168.135   114.892   165.329   155.918   147.142   118.000
 2023     135.508   143.371   157.782   131.947   139.565   135.725   134.875    90.017   137.431   134.945   129.059


  AUTOCORRELATION FUNCTION TEST FOR SEASONALITY IN LINEARIZEDSERIES QS =   410.01  ASIMPTOTICALLY DISTRIBUTED AS CHI-SQUARE(2)
    p-value= 0.0000


  NON-PARAMETRIC TEST FOR SEASONALITY IN LINEARIZED SERIES (FRIEDMAN) SEAS_NP =    187.14
    ASYMP. DISTRIBUTED AS CHI-SQUARE(11)
    p-value= 0.0000


TOTAL OUTLIER EFFECT FACTORS


 YEAR        JAN       FEB       MAR       APR       MAY       JUN       JUL       AUG       SEP       OCT       NOV       DEC 

 2005     121.075   121.075   121.075   121.075   121.075   121.075   121.075   121.075   121.075   121.075   121.075   121.075
 2006     121.075   121.075   121.075   121.075   121.075   121.075   121.075   121.075   121.075   121.075   121.075   121.075
 2007     121.075   121.075   121.075   121.075   121.075   121.075   121.075   121.075   121.075   121.075   121.075   121.075
 2008     121.075   121.075   121.075   121.075   121.075   121.075   121.075   121.075   121.075   121.075   109.032    92.929
 2009      94.996    96.470    97.516    98.255    98.775    99.141    99.398    99.578    99.704    99.793    99.855    99.899
 2010      99.929    99.950    99.965    99.976    99.983    99.988    99.992    99.994    99.996    99.997    99.998    99.999
 2011      99.999    99.999   100.000   100.000   100.000   100.000   100.000   100.000   100.000   100.000   100.000   100.000
 2012     100.000   100.000   100.000   100.000   100.000   100.000   100.000   100.000   100.000   100.000   100.000   100.000
 2013     100.000   100.000   100.000   100.000   100.000   100.000   100.000   100.000   100.000   100.000   100.000   100.000
 2014     100.000   100.000   100.000   100.000   100.000   100.000   100.000   100.000   100.000   100.000   100.000   100.000
 2015     100.000   100.000   100.000   100.000   100.000   100.000   100.000   100.000   100.000   100.000   100.000   100.000
 2016     100.000   100.000   100.000   100.000   100.000   100.000   100.000   100.000   100.000   100.000   100.000   100.000
 2017     100.000   100.000   100.000   100.000   100.000   100.000   100.000   100.000   100.000   100.000   100.000   100.000
 2018     100.000   100.000   100.000   100.000   100.000   100.000   100.000   100.000   100.000   100.000   100.000   100.000
 2019     100.000   100.000   100.000   100.000   100.000   100.000   100.000   100.000   100.000   100.000   100.000   100.000
 2020     100.000   100.000    87.041    68.584    76.799    83.129    87.867    91.343    93.859    95.660    96.942    97.850
 2021      98.490    98.940    99.257    99.479    99.635    99.745    99.821    99.875    99.912    99.939    99.957    99.970
 2022      99.979    99.985    99.990    99.993    99.995    99.996    99.998    99.998    99.999    99.999    99.999   100.000
 2023     100.000   100.000   100.000   100.000   100.000   100.000   100.000   100.000   100.000   100.000   100.000


TOTAL TRADING DAY - EASTER - LEAP YEAR EFFECT FACTORS


 YEAR        JAN       FEB       MAR       APR       MAY       JUN       JUL       AUG       SEP       OCT       NOV       DEC 

 2005     100.000   100.000    98.923   101.089   100.000   100.000   100.000   100.000   100.000   100.000   100.000   100.000
 2006     100.000   100.000   101.089    98.923   100.000   100.000   100.000   100.000   100.000   100.000   100.000   100.000
 2007     100.000   100.000   101.089    98.923   100.000   100.000   100.000   100.000   100.000   100.000   100.000   100.000
 2008     100.000   100.000    98.923   101.089   100.000   100.000   100.000   100.000   100.000   100.000   100.000   100.000
 2009     100.000   100.000   101.089    98.923   100.000   100.000   100.000   100.000   100.000   100.000   100.000   100.000
 2010     100.000   100.000   100.000   100.000   100.000   100.000   100.000   100.000   100.000   100.000   100.000   100.000
 2011     100.000   100.000   101.089    98.923   100.000   100.000   100.000   100.000   100.000   100.000   100.000   100.000
 2012     100.000   100.000   101.089    98.923   100.000   100.000   100.000   100.000   100.000   100.000   100.000   100.000
 2013     100.000   100.000    98.923   101.089   100.000   100.000   100.000   100.000   100.000   100.000   100.000   100.000
 2014     100.000   100.000   101.089    98.923   100.000   100.000   100.000   100.000   100.000   100.000   100.000   100.000
 2015     100.000   100.000   100.362    99.640   100.000   100.000   100.000   100.000   100.000   100.000   100.000   100.000
 2016     100.000   100.000    98.923   101.089   100.000   100.000   100.000   100.000   100.000   100.000   100.000   100.000
 2017     100.000   100.000   101.089    98.923   100.000   100.000   100.000   100.000   100.000   100.000   100.000   100.000
 2018     100.000   100.000    98.923   101.089   100.000   100.000   100.000   100.000   100.000   100.000   100.000   100.000
 2019     100.000   100.000   101.089    98.923   100.000   100.000   100.000   100.000   100.000   100.000   100.000   100.000
 2020     100.000   100.000   101.089    98.923   100.000   100.000   100.000   100.000   100.000   100.000   100.000   100.000
 2021     100.000   100.000   100.000   100.000   100.000   100.000   100.000   100.000   100.000   100.000   100.000   100.000
 2022     100.000   100.000   101.089    98.923   100.000   100.000   100.000   100.000   100.000   100.000   100.000   100.000
 2023     100.000   100.000   101.089    98.923   100.000   100.000   100.000   100.000   100.000   100.000   100.000


TOTAL REGRESSION EFFECT FACTORS


 YEAR        JAN       FEB       MAR       APR       MAY       JUN       JUL       AUG       SEP       OCT       NOV       DEC 

 2005      98.390    99.602   100.137   100.153   101.315   100.645    97.424   101.315   101.315    97.424   100.652   100.000
 2006     100.659    99.602   102.446    95.690   101.315   100.645    97.424   101.315    99.031    99.670   100.652    95.544
 2007     102.979    99.602   100.137    97.896   101.315   100.645    99.670   101.315    96.800   101.968   100.652    97.746
 2008     102.979   101.898    95.674   102.462    99.031    98.377   101.968    96.800   101.315   101.968    98.383   100.000
 2009      98.390    99.602   100.137   102.462    96.800   100.645   101.968    99.031   101.315    99.670   100.652   102.306
 2010      96.173    99.602   102.446   102.462    99.031   100.645    99.670   101.315   101.315    97.424   100.652   104.664
 2011      98.390    99.602   100.137   100.153   101.315   100.645    97.424   101.315   101.315    97.424   100.652   100.000
 2012     100.659   101.898   100.137    97.896   101.315   100.645    99.670   101.315    96.800   101.968   100.652    97.746
 2013     102.979    99.602    97.880   100.153   101.315    98.377   101.968    99.031    99.031   101.968    98.383   100.000
 2014     100.659    99.602    97.880   100.153    99.031    98.377   101.968    96.800   101.315   101.968    98.383   100.000
 2015      98.390    99.602   100.137   102.462    96.800   100.645   101.968    99.031   101.315    99.670   100.652   102.306
 2016      96.173   101.898   100.137   100.153   101.315   100.645    97.424   101.315   101.315    97.424   100.652   100.000
 2017     100.659    99.602   102.446    95.690   101.315   100.645    97.424   101.315    99.031    99.670   100.652    95.544
 2018     102.979    99.602   100.137    97.896   101.315   100.645    99.670   101.315    96.800   101.968   100.652    97.746
 2019     102.979    99.602    97.880   100.153   101.315    98.377   101.968    99.031    99.031   101.968    98.383   100.000
 2020     100.659    99.602   100.137   102.462    96.800   100.645   101.968    99.031   101.315    99.670   100.652   102.306
 2021      96.173    99.602   102.446   102.462    99.031   100.645    99.670   101.315   101.315    97.424   100.652   104.664
 2022      98.390    99.602   102.446    97.896   101.315   100.645    97.424   101.315   101.315    97.424   100.652   100.000
 2023     100.659    99.602   102.446    95.690   101.315   100.645    97.424   101.315    99.031    99.670   100.652
 
 
 
 FORECAST FUNCTION OF ORIGINAL SERIES: 
  
ORIGIN: 227 PERIODS AHEAD: 24
  
 OBS    DATE         FORECAST          STD ERROR        FORECAST          STD ERROR   
                        (SERIES IN LOGS)                     (SERIES IN LEVELS)       
 228  Dec-2023       4.63441          0.324632E-01       102.967           3.34352    
 229  Jan-2024       4.85782          0.398330E-01       128.743           5.13026    
 230  Feb-2024       4.90502          0.461557E-01       134.966           6.23275    
 231  Mar-2024       4.97185          0.521800E-01       144.294           7.53439    
 232  Apr-2024       4.92313          0.571728E-01       137.432           7.86381    
 233  May-2024       4.98210          0.614345E-01       145.781           8.96442    
 234  Jun-2024       4.92723          0.657322E-01       137.996           9.08061    
 235  Jul-2024       4.97563          0.697683E-01       144.839           10.1175    
 236  Aug-2024       4.51127          0.735667E-01       91.0372           6.70638    
 237  Sep-2024       4.93734          0.771872E-01       139.399           10.7759    
 238  Oct-2024       4.95328          0.806666E-01       141.639           11.4441    
 239  Nov-2024       4.86347          0.839881E-01       129.472           10.8933    
 240  Dec-2024       4.70177          0.890440E-01       110.142           9.82697    
 241  Jan-2025       4.85680          0.933161E-01       128.612           12.0277    
 242  Feb-2025       4.90400          0.974028E-01       134.828           13.1638    
 243  Mar-2025       5.01528          0.101439           150.699           15.3262    
 244  Apr-2025       4.92325          0.105173           137.448           14.4958    
 245  May-2025       4.98108          0.108768           145.632           15.8870    
 246  Jun-2025       4.94900          0.112290           141.034           15.8868    
 247  Jul-2025       4.99740          0.115707           148.028           17.1853    
 248  Aug-2025       4.51025          0.119056           90.9444           10.8659    
 249  Sep-2025       4.98191          0.122241           145.753           17.8837    
 250  Oct-2025       4.97505          0.125399           144.756           18.2239    
 251  Nov-2025       4.88524          0.128470           132.322           17.0698    
