
                                        PROGRAM TRAMO+

             (based on program TRAMO, Victor Gomez and Agustin Maravall©,1996)

         Developed at the Bank of Spain by Gianluca Caporello and Agustin Maravall,
         with programming support from Domingo Pérez Cañete and Roberto López Pavón.

                 VERSION: 1.0 (Revision: 942  Build: 2017/09/25 09:39:13)


 SERIES TITLE=DIVIZ32                                                                         

 INPUT PARAMETERS
   lam= 0   imean= 0   ireg=10   seats= 2   tabtablet='xo,xi,xl,re,me,td,ee,to,ls,reg'   int2=227   rsa= 0   modelsumm= 1   va=   3.742
 
  WARNING :
    Remember to define the regression variable name in the first line of the external regression file.
   Name : NOT DEFINED.
   Reglist01
    Iuser=-1   Nser= 1   Ilong= 312
 
   Name : NOT DEFINED.
   Reglist02
    Iuser= 2   Nser= 9   Ilong=   0
 
   Fixed Outliers:
   #Observ. Type
      56     AO
      29     TC
      16     AO
      13     TC
      11     LS
     184     TC
     185     LS
     187     AO
     183     TC
 

 NUMBER OF OBSERVATIONS: 227


 ORIGINAL SERIES 

 YEAR        JAN       FEB       MAR       APR       MAY       JUN       JUL       AUG       SEP       OCT       NOV       DEC 

 2005      68.500    79.900    91.300    85.500    84.200    75.600    79.600    40.600    90.700    98.200   107.500    91.200
 2006      67.500    83.100   105.300    72.400    94.100    89.900    88.800    49.500    97.800   114.500   102.700    82.200
 2007      86.500    94.600   119.100    92.700   120.500   108.600    97.600    52.500    93.800   118.900   107.100    77.500
 2008      83.900    97.900   104.900    92.500    93.600    89.600    88.200    42.100    93.200    91.500    86.300    66.700
 2009      71.100    82.900    93.200    75.100    74.900    80.600    84.800    31.600    85.600    93.400    89.200    69.400
 2010      67.000    82.000    98.900    84.900    92.500    87.800    90.300    49.500    93.700    99.800    99.400    81.000
 2011      79.700    91.600   106.500    93.200   108.300    90.100    84.800    55.500   100.400    96.500    95.600    81.600
 2012      74.200    90.200   104.500    92.500    91.000    85.400    86.600    54.900    94.000   105.200   104.000    86.600
 2013      80.900    87.600   102.900    86.700    94.300    92.500    94.500    52.500   114.100   104.100   108.100    97.300
 2014      79.800    90.200   106.800    96.600    93.200    99.000   101.100    49.700   104.300   103.800    98.400    95.900
 2015      84.300    98.100   110.300   104.600   106.600   101.400   106.400    54.000   111.400   116.200   111.300    95.500
 2016      85.800   110.600   105.400   106.300   115.400   110.300   116.500    62.600   123.800   120.300   123.400    97.300
 2017      87.900    95.000   111.400    88.000   110.100   103.600   104.100    68.900   116.300   121.600   123.400   100.200
 2018      93.400   104.900   113.500    93.000   111.800   114.000   116.500    73.600   120.600   133.500   126.900   101.900
 2019     104.100   114.500   125.700   107.500   122.800   119.800   125.700    76.100   131.000   146.800   135.000   108.000
 2020     108.400   113.900   102.100    45.000    80.800   108.500   155.300    80.200   152.900   158.200   153.600   137.000
 2021     113.900   143.100   157.100   152.500   146.400   154.300   165.700    79.200   142.600   180.800   184.700   147.100
 2022     140.200   163.500   184.900   163.700   188.300   179.200   185.600   107.700   197.300   193.600   195.300   144.200
 2023     152.700   175.200   197.800   162.400   197.500   183.600   185.000   109.700   203.100   204.100   209.400


 MODEL PARAMETERS            
 ----------------
  MQ= 12         IMEAN=  0      LAM=  0      D=  1       BD=  1
  P=  0          BP=  0         Q=  1        BQ=  1      IREG= 10
  ITRAD=  0      SMPDAY=  0     IEAST=  0      IDUR=  6     M= 36       IQM= 24
  INCON=  0      NBACK=  0      NPRED= 24    INTERP=  2  INIT=  0
  IFILT=  2      IROOT=  2    INIC=  0    ICONCE=  1
  ICDET=  1      IATIP=  0      IMVX=  0     IDIF=  0    PG=  0
  AIO=  2        INT1=  1       INT2= 227    RSA=  0     SEATS=  2
  VA= 3.74       TOL=  0.100E-03             PC=  0.120E+00
  NOADMISS= 1    STOCHTD 0    BIAS= 1
  THLIM=  0.000  BTHLIM=  0.000   RMOD=  0.500



TH =        -0.10

BTH =        -0.10

WARNING: When adjusting for degrees of freedom in
 order to compute white-noise residuals, the Housholder
 transformation contains an element of arbitrariness 
 that, when multiple regressors are entered, may produce
 a slight variation in results when the order in which
 regressors are entered changes



NUMBER OF INITIAL OBS. =  13

Log-Level pretest : LOGS are Selected
 DIFFERENCED TRANSFORMED SERIES

 YEAR        JAN       FEB       MAR       APR       MAY       JUN       JUL       AUG       SEP       OCT       NOV       DEC 

 2006                 0.054     0.103    -0.309     0.277     0.062    -0.064     0.089    -0.123     0.078    -0.199    -0.058
 2007       0.352    -0.118    -0.006     0.124     0.000    -0.058    -0.094    -0.036    -0.101     0.079     0.004    -0.101
 2008       0.028     0.065    -0.161     0.125    -0.250     0.060     0.091    -0.119     0.214    -0.256     0.046     0.066
 2009      -0.015    -0.001     0.048    -0.090    -0.014     0.117     0.067    -0.248     0.202     0.106     0.012     0.007
 2010      -0.099     0.048     0.070     0.063     0.088    -0.125    -0.023     0.386    -0.358    -0.024     0.042     0.046
 2011       0.019    -0.063    -0.037     0.019     0.064    -0.132    -0.089     0.177    -0.045    -0.103    -0.005     0.046
 2012      -0.079     0.056    -0.004     0.011    -0.167     0.120     0.075    -0.032    -0.055     0.152    -0.002    -0.025
 2013       0.027    -0.116     0.014    -0.049     0.100     0.044     0.007    -0.132     0.238    -0.204     0.049     0.078
 2014      -0.130     0.043     0.008     0.071    -0.120     0.080    -0.000    -0.122    -0.035     0.087    -0.091     0.080
 2015       0.069     0.029    -0.052     0.047     0.055    -0.110     0.027     0.032    -0.017     0.047     0.010    -0.127
 2016       0.022     0.102    -0.165     0.062     0.063     0.005     0.007     0.057    -0.042    -0.071     0.069    -0.085
 2017       0.006    -0.176     0.207    -0.244     0.142    -0.016    -0.050     0.208    -0.158     0.073    -0.011     0.029
 2018       0.031     0.038    -0.080     0.037    -0.040     0.080     0.017    -0.047    -0.030     0.057    -0.065    -0.011
 2019       0.092    -0.021     0.015     0.043    -0.051    -0.044     0.026    -0.043     0.049     0.012    -0.033    -0.004
 2020      -0.018    -0.046    -0.203    -0.663     0.452     0.320     0.311    -0.159     0.102    -0.080     0.054     0.109
 2021      -0.188     0.179     0.203     0.790    -0.626    -0.242    -0.287    -0.077    -0.057     0.203     0.051    -0.113
 2022       0.137    -0.074     0.030    -0.092     0.181    -0.102    -0.036     0.194     0.017    -0.256    -0.013    -0.076
 2023       0.105    -0.016    -0.002    -0.075     0.056    -0.023    -0.027     0.022     0.011     0.024     0.017




 AUTOCORRELATIONS
 ----------------
     -0.3705  -0.1151   0.1107   0.0212  -0.1305   0.0332   0.0930  -0.0875   0.0048   0.0923   0.0413  -0.2663
 SE   0.0684   0.0772   0.0780   0.0787   0.0787   0.0797   0.0798   0.0803   0.0807   0.0807   0.0812   0.0813
      0.1372  -0.1384   0.1235  -0.0143  -0.0136   0.0244  -0.0079  -0.0114  -0.1006   0.0855  -0.0228  -0.0773
 SE   0.0853   0.0863   0.0874   0.0882   0.0882   0.0882   0.0882   0.0882   0.0882   0.0888   0.0892   0.0892
      0.0632   0.0113  -0.0572   0.0537   0.0183  -0.1012   0.0790   0.0641  -0.0765   0.0529   0.0305  -0.1132
 SE   0.0895   0.0897   0.0897   0.0899   0.0900   0.0901   0.0906   0.0909   0.0911   0.0914   0.0916   0.0916


 PARTIAL AUTOCORRELATIONS
 ---------------------
     -0.3705  -0.2925  -0.0669   0.0182  -0.1077  -0.0751   0.0404  -0.0240  -0.0114   0.0665   0.1420  -0.1888
 SE   0.0684   0.0684   0.0684   0.0684   0.0684   0.0684   0.0684   0.0684   0.0684   0.0684   0.0684   0.0684
     -0.0697  -0.2706   0.0179   0.0129  -0.0178   0.0071   0.0016  -0.0186  -0.1410  -0.0169   0.0111  -0.1396
 SE   0.0684   0.0684   0.0684   0.0684   0.0684   0.0684   0.0684   0.0684   0.0684   0.0684   0.0684   0.0684
     -0.0690  -0.1847  -0.0502  -0.0148   0.0424  -0.0804   0.0190   0.0765  -0.0769   0.0643   0.0072  -0.1344
 SE   0.0684   0.0684   0.0684   0.0684   0.0684   0.0684   0.0684   0.0684   0.0684   0.0684   0.0684   0.0684
  
 ARIMA MODEL ESTIMATION 
  
 METHOD OF ESTIMATION: EXACT MAXIMUM LIKELIHOOD           
  
 PARAMETER      ESTIMATE           STD ERROR      T RATIO   LAG  
  
 TH1         -0.59141           0.56697E-01      -10.43      1
 BTH         -0.63367           0.54393E-01      -11.65     12
  
 
 REGULAR MA INVERSE ROOTS ARE 
 NO.     REAL P.     IMAG.P.     MODULUS    ARGUMENT      PERIOD
  1      0.59141       0.0000      0.59141       0.0000            -  
 
 SEASONAL MA INVERSE ROOTS ARE 
 NO.     REAL P.     IMAG.P.     MODULUS    ARGUMENT      PERIOD
  1      0.63367       0.0000      0.63367       0.0000            -  
  
 CORRELATIONS OF THE ESTIMATES 
  
  1.000   -0.234
 -0.234    1.000
  
 AIC 
    -563.968
  
 BIC 
     -5.3153
  
 FINAL VALUE OF OBJECTIVE FUNCTION: 
               0.80299    
  
 RADETN:    1.01552471381746     
 ITERATIONS:            3
  
  NUMBER OF FUNCTION EVALUATIONS:           11
  

 ESTIMATES OF REGRESSION PARAMETERS 
 CONCENTRATED OUT OF THE LIKELIHOOD 

 PARAMETER           VALUE          ST. ERROR     T VALUE
 REG      1          0.23135E-01    (     0.00393)    5.89
 OUT 1 ( 56)        -0.30952        (     0.05027)   -6.16   AO    ( 8 2009)
 OUT 2 ( 29)         0.18456        (     0.05084)    3.63   TC    ( 5 2007)
 OUT 3 ( 16)        -0.17193        (     0.05316)   -3.23   AO    ( 4 2006)
 OUT 4 ( 13)        -0.26208        (     0.05572)   -4.70   TC    ( 1 2006)
 OUT 5 ( 11)         0.18952        (     0.05240)    3.62   LS    (11 2005)
 OUT 6 (184)        -0.78168        (     0.05464)  -14.31   TC    ( 4 2020)
 OUT 7 (185)         0.27885        (     0.04816)    5.79   LS    ( 5 2020)
 OUT 8 (187)         0.20212        (     0.05133)    3.94   AO    ( 7 2020)
 OUT 9 (183)        -0.23274        (     0.05544)   -4.20   TC    ( 3 2020)

 VAR-CORRELATION MATRIX OF ESTIMATORS 

   0.154E-04
   0.611E-01   0.253E-02
  -0.788E-01  -0.477E-02   0.258E-02
   0.185E+00   0.733E-02  -0.978E-01   0.283E-02
   0.229E-01  -0.296E-02  -0.329E-01   0.202E-01   0.310E-02
  -0.513E-01  -0.140E-01  -0.189E-01  -0.465E-01  -0.288E+00   0.275E-02
  -0.724E-01  -0.451E-02   0.584E-02  -0.129E-01  -0.171E-02   0.363E-02   0.299E-02
   0.116E+00   0.733E-02  -0.854E-02   0.211E-01   0.244E-02  -0.583E-02  -0.186E+00   0.232E-02
  -0.114E+00  -0.740E-02   0.895E-02  -0.210E-01  -0.261E-02   0.578E-02   0.165E-01  -0.165E+00   0.263E-02
   0.456E-01   0.270E-02  -0.357E-02   0.837E-02   0.105E-02  -0.230E-02  -0.390E+00   0.252E+00  -0.326E-02   0.307E-02


 VARIANCES ARE IN THE MAIN DIAGONAL; 
 OFF-DIAGONAL ELEMENTS ARE CORRELATIONS. 



ACF DIFFERENCED SERIES




 AUTOCORRELATIONS
 ----------------
     -0.3959  -0.0923   0.1046   0.0287  -0.1314   0.0143   0.1196  -0.0966  -0.0188   0.1065   0.0501  -0.3008
 SE   0.0684   0.0783   0.0788   0.0795   0.0795   0.0806   0.0806   0.0814   0.0819   0.0819   0.0826   0.0827
      0.1787  -0.1275   0.0974  -0.0157   0.0006   0.0036   0.0035  -0.0022  -0.0869   0.0812  -0.0362  -0.0647
 SE   0.0877   0.0894   0.0902   0.0907   0.0907   0.0907   0.0907   0.0907   0.0907   0.0911   0.0915   0.0915
      0.0629  -0.0097  -0.0337   0.0492  -0.0003  -0.0559   0.0405   0.0628  -0.0547   0.0385   0.0048  -0.0569
 SE   0.0917   0.0919   0.0919   0.0920   0.0921   0.0921   0.0923   0.0924   0.0926   0.0927   0.0928   0.0928
  
  
  NUMBER OF WHITE NOISE RESIDUALS          204
  
 WHITE NOISE RESIDUALS
  

 YEAR        JAN       FEB       MAR       APR       MAY       JUN       JUL       AUG       SEP       OCT       NOV       DEC 

 2006                                                                                                                    -0.013
 2007       0.013    -0.010     0.071    -0.057     0.016     0.043    -0.070     0.015    -0.086     0.009     0.048    -0.087
 2008       0.013     0.042    -0.017    -0.034     0.014     0.033    -0.030    -0.059     0.010    -0.177    -0.021    -0.067
 2009       0.047     0.022    -0.036    -0.081    -0.020     0.073     0.101     0.072    -0.013     0.007     0.022    -0.014
 2010      -0.007     0.017     0.027     0.064     0.121     0.023     0.050     0.067    -0.021    -0.004     0.028     0.022
 2011       0.033    -0.007    -0.007     0.046     0.097    -0.082    -0.091     0.124    -0.010    -0.103    -0.048     0.068
 2012      -0.096    -0.017     0.008     0.071    -0.103    -0.029     0.008     0.108     0.002    -0.001     0.052     0.090
 2013      -0.052    -0.075    -0.019    -0.065    -0.007     0.084     0.026    -0.004     0.150    -0.093     0.050     0.099
 2014      -0.092    -0.063    -0.013     0.029    -0.060     0.077     0.030    -0.094    -0.040    -0.029    -0.041     0.099
 2015       0.056     0.034    -0.040     0.047     0.080    -0.038     0.018    -0.051    -0.014     0.058    -0.017    -0.059
 2016       0.031     0.075    -0.136     0.049     0.056     0.030     0.096     0.005    -0.006    -0.009     0.008    -0.088
 2017      -0.074    -0.115    -0.021    -0.105     0.051     0.012     0.007     0.180    -0.035     0.003     0.022     0.030
 2018      -0.034    -0.004    -0.030    -0.086     0.004     0.071     0.036     0.109    -0.031     0.007    -0.025    -0.038
 2019       0.059     0.025     0.035    -0.026    -0.009     0.018    -0.014     0.051    -0.027     0.036    -0.007    -0.069
 2020       0.039    -0.052    -0.011     0.013    -0.029     0.049     0.007    -0.013    -0.033    -0.068    -0.084    -0.005
 2021      -0.087     0.022    -0.036     0.086    -0.063    -0.019     0.050    -0.211    -0.108     0.179     0.139    -0.003
 2022       0.097     0.064     0.045     0.054     0.075    -0.020     0.015     0.029     0.046    -0.075    -0.036    -0.104
 2023       0.036     0.033     0.017    -0.015     0.054    -0.033    -0.027     0.015     0.062    -0.052     0.015
 
 
  STABILITY TEST
 
 
     1. FULL PERIOD
                  FIRST HALF                    SECOND HALF
           Mean(t)          Variance      Mean(t)          Variance
       0.27E-02( 0.45    )  0.36E-02  0.15E-02( 0.24    )  0.38E-02
 
      Mean assumed equal to 0
      VR(variance ratio)=  1.0    
 
      MEAN STABILITY IS NOT REJECTED.
      VARIANCE STABILITY IS NOT REJECTED.


 
     2. LAST 10 YEARS
                  FIRST HALF                    SECOND HALF
           Mean(t)          Variance      Mean(t)          Variance
       0.15E-02( 0.18    )  0.39E-02  0.11E-02( 0.14    )  0.38E-02
 
      Mean assumed equal to 0
      VR(variance ratio)= 0.98    
 
      LAST 10 YEARS MEAN STABILITY IS NOT REJECTED.
      LAST 10 YEARS VARIANCE STABILITY IS NOT REJECTED.


 
  OUT-OF-SAMPLE TEST
  ------------------
      Model re-estimated on Linearized series for first 209 observations.
       18 One-Period-Ahead Forecasts computed with model fixed.
      Comparison between forecast errors (last   18 observations) and residuals (in-sample):

        Mean(Forecast Errors)
            p-value= 0.8011
            Mean of forecast errors can be assumed zero.

        Out-of-Sample MSE is :  0.2170E-02
        In-Sample MSE is :  0.3809E-02
        F( 18,196) is :  0.570E+00
            p-value(%)=91.8156

        Mean and Variance of forecast Errors and In-Sample residuals ARE NOT significantly different.


 TEST-STATISTICS ON RESIDUALS
 ----------------------------


           MEAN=   0.2094584E-02
        ST.DEV.=   0.4277168E-02
        OF MEAN
        T-VALUE=  0.4897

 NORMALITY TEST=   3.129        ( CHI-SQUARE(2) )

       SKEWNESS= -0.0858          ( SE =  0.1715 )
       KURTOSIS=  3.5819          ( SE =  0.3430 )

 SUM OF SQUARES=   0.7517210    

  DURBIN-WATSON=  1.9817

 STANDARD ERROR=   0.6208527E-01
 OF RESID.
  MSE OF RESID.=   0.3854580E-02




 AUTOCORRELATIONS
 ----------------
      0.0226  -0.0794   0.1281  -0.0067  -0.1412  -0.0252   0.0269  -0.0918  -0.0179   0.0446  -0.0792   0.0874
 SE   0.0700   0.0700   0.0700   0.0700   0.0700   0.0700   0.0700   0.0700   0.0700   0.0700   0.0700   0.0700
 Q      0.11     1.42     4.85     4.86     9.07     9.20     9.36    11.16    11.23    11.66    13.03    14.70
 PV    -1.00    -1.00     0.03     0.09     0.03     0.06     0.10     0.08     0.13     0.17     0.16     0.14
      0.0360  -0.1592   0.0987   0.0367  -0.0802  -0.0385   0.0284  -0.0922  -0.1295   0.0412  -0.0956  -0.0999
 SE   0.0700   0.0700   0.0700   0.0700   0.0700   0.0700   0.0700   0.0700   0.0700   0.0700   0.0700   0.0700
 Q     14.99    20.59    22.76    23.06    24.51    24.84    25.03    26.97    30.82    31.21    33.33    35.66
 PV     0.18     0.06     0.04     0.06     0.06     0.07     0.09     0.08     0.04     0.05     0.04     0.03
      0.0505  -0.0386  -0.0263   0.0417  -0.0107  -0.0513   0.0525   0.0710  -0.0330   0.0436   0.0312  -0.1016
 SE   0.0700   0.0700   0.0700   0.0700   0.0700   0.0700   0.0700   0.0700   0.0700   0.0700   0.0700   0.0700
 Q     36.26    36.62    36.78    37.19    37.22    37.86    38.53    39.76    40.03    40.50    40.74    43.32
 PV     0.04     0.05     0.06     0.07     0.09     0.10     0.11     0.11     0.13     0.14     0.17     0.13

  LJUNG-BOX Q VALUE OF ORDER  24 IS     35.66 AND IF RESIDUALS ARE RANDOM IT SHOULD BE DISTRIBUTED AS CHI-SQUARE(22)
  p-value= 0.0330
  THE PIERCE QS VALUE IS      1.67 AND IF RESIDUALS ARE RANDOM IT SHOULD BE DISTRIBUTED AS CHI-SQUARE(2)

 APPROXIMATE TEST OF RUNS ON RESIDUALS
 -------------------------------------
  NUM.DATA= 204
   NUM.(+)= 102
   NUM.(-)= 102
  NUM.RUNS= 104
   T-VALUE=  0.1404


  NON-PARAMETRIC TEST FOR RESIDUAL SEASONALITY (FRIEDMAN) SEAS_NP =     11.31
    ASYMP. DISTRIBUTED AS CHI-SQUARE(11)
    p-value= 0.4179



 SQUARED RESIDUALS:
 ------------------




 AUTOCORRELATIONS
 ----------------
      0.0951   0.1605   0.1216   0.0320  -0.0436  -0.0222  -0.0194  -0.0467   0.0373   0.0062  -0.0412  -0.0004
 SE   0.0700   0.0700   0.0700   0.0700   0.0700   0.0700   0.0700   0.0700   0.0700   0.0700   0.0700   0.0700
 Q      1.87     7.23    10.32    10.53    10.94    11.04    11.12    11.59    11.89    11.90    12.27    12.27
 PV    -1.00    -1.00     0.00     0.01     0.01     0.03     0.05     0.07     0.10     0.16     0.20     0.27
      0.0240  -0.0257  -0.0692   0.0071  -0.0447  -0.0680  -0.0525  -0.0475  -0.1083  -0.1208  -0.0741  -0.0700
 SE   0.0700   0.0700   0.0700   0.0700   0.0700   0.0700   0.0700   0.0700   0.0700   0.0700   0.0700   0.0700
 Q     12.39    12.54    13.60    13.61    14.06    15.11    15.74    16.25    18.95    22.31    23.59    24.73
 PV     0.33     0.40     0.40     0.48     0.52     0.52     0.54     0.58     0.46     0.32     0.31     0.31
     -0.0047  -0.0637  -0.0365  -0.0071  -0.0121  -0.0144  -0.0324   0.0148  -0.0458   0.0117  -0.1197   0.0525
 SE   0.0700   0.0700   0.0700   0.0700   0.0700   0.0700   0.0700   0.0700   0.0700   0.0700   0.0700   0.0700
 Q     24.74    25.70    26.01    26.02    26.06    26.11    26.37    26.42    26.93    26.97    30.53    31.22
 PV     0.36     0.37     0.41     0.46     0.52     0.57     0.61     0.65     0.68     0.72     0.59     0.60

  McLEOD-LI Q VALUE OF ORDER  24 IS     24.73 AND IF RESIDUALS ARE RANDOM IT SHOULD BE DISTRIBUTED AS CHI-SQUARE(24)
  p-value= 0.4204
 
 
 
SPECTRAL DIAGNOSTICS
 --------------------
 
A. SEASONAL SPECTRAL PEAKS
 
                           Frequency (cycles per year)
                     One    Two   Three  Four   Five    Six  
 Original series      -t     AT     AT     AT     AT     AT
 Linearized series    -T     AT     AT     AT     AT     aT
 Residuals            a-     --     --     --     --     --
 
 AT : peaks detected in AR(30) and using Tukey spectrum  estimator
 A- : only peaks detected in AR(30) spectrum estimator
 -T : only peaks detected using Tukey spectrum estimator
 -- : No peaks detected in AR(30) nor using Tukey spectrum estimator
 
 
 
B. STOCHASTIC SEASONALITY: SPECTRAL EVIDENCE
 
 1 :  SERIES CONTAINS SEASONALITY THAT CAN BE RELIABLY EXTRACTED.
 0 :  SEASONALITY IS NOT PRESENT IN THE SERIES OR IS TOO WEAK TO BE RELIABLY CAPTURED.
 
 ORIGINAL SERIES :   1
 LINEARIZED SERIES : 1
 RESIDUALS :         0
 
 
 
C. TRADING DAY EFFECT: SPECTRAL EVIDENCE
 
 1 :  TRADING DAY EFFECT DETECTED
 0 :  NO TRADING DAY EFFECT DETECTED
 
 LINEARIZED SERIES : 0
 RESIDUALS :         0
 
 
OVERALL TEST FOR IDENTIFIABLE SEASONALITY 
----------------------------------------- 
 
  AUTOCORRELATION FUNCTION EVIDENCE : YES
  NON-PARAMETRIC EVIDENCE           : YES
  F-TEST                            :  - 
  SPECTRAL EVIDENCE                 : YES
 
IDENTIFIABLE SEASONALITY FOUND IN SERIES
 
 
OVERALL TEST FOR RESIDUALS SEASONALITY 
----------------------------------------- 
 
  AUTOCORRELATION FUNCTION EVIDENCE : NO 
  NON-PARAMETRIC EVIDENCE           : NO 
  F-TEST                            : NO 
  SPECTRAL EVIDENCE                 : NO 
 
NO IDENTIFIABLE SEASONALITY FOUND IN RESIDUALS
 
 
ARIMA MODEL : GOOD FIT
----------------------

ALL TEST ARE PASSED
 
QUALITY ARIMA MODEL TESTS
----------------------------------------

  Mean in residuals                      :GOOD        
  Autocorrelation in residuals           :GOOD        
  Normality of residuals                 :GOOD        
  Skewness of residuals                  :GOOD        
  Kurtosis of residuals                  :GOOD        
  Randomness of residual sign            :GOOD        
  Instability of residual mean           :GOOD        
  Instability of residual variance       :GOOD        
  Seasonality in residuals               :GOOD        
  Trading day in residuals               :GOOD        
  Out-of-sample forecast errors          :GOOD        
  Number of outliers                     :GOOD        
 


 LINEAR SERIES


 YEAR        JAN       FEB       MAR       APR       MAY       JUN       JUL       AUG       SEP       OCT       NOV       DEC 

 2005     111.238   128.149   145.639   136.365   132.728   119.977   130.565    64.000   142.975   161.074   141.139   120.531
 2006     115.168   132.476   154.402   130.008   130.696   123.356   124.283    65.967   132.524   153.447   135.839   114.372
 2007     111.366   125.851   157.465   125.342   130.785   125.388   118.282    64.290   122.600   149.378   137.608   103.248
 2008     106.494   126.002   144.250   118.836   124.613   120.186   114.141    57.457   121.478   118.508   115.923    88.133
 2009      95.513   109.995   122.994    96.828   102.307   105.826   109.875    57.477   111.639   123.852   117.112    89.622
 2010      92.125   108.811   127.541   109.469   123.462   115.283   119.742    64.558   122.204   135.437   130.505   102.210
 2011     107.082   121.551   140.556   122.983   141.245   118.303   115.081    72.383   130.942   130.959   125.516   107.843
 2012      97.412   116.955   137.917   124.916   118.683   112.131   114.836    71.601   128.401   136.310   136.544   117.130
 2013     103.779   116.243   138.983   114.406   122.987   124.296   122.446    70.073   152.293   134.885   145.249   128.593
 2014     104.764   119.693   144.251   127.470   124.397   133.031   130.998    67.889   136.029   134.496   132.215   126.742
 2015     113.262   130.176   145.571   134.870   145.612   133.140   137.865    72.075   145.288   154.087   146.128   123.327
 2016     117.975   143.407   139.104   140.269   150.505   144.826   158.101    81.643   161.461   163.257   162.015   128.593
 2017     115.398   126.062   143.661   121.621   143.593   136.028   141.273    89.860   155.229   161.248   162.015   138.697
 2018     119.814   139.199   149.795   125.592   145.810   149.684   154.485    95.989   164.736   172.979   166.610   137.824
 2019     133.540   151.938   169.779   141.853   160.156   160.981   162.872   101.573   174.850   190.212   181.393   142.734
 2020     142.311   151.142   170.060   149.220   161.775   171.242   171.993   101.616   176.847   177.389   164.935   141.359
 2021     123.106   147.566   156.184   150.740   149.213   154.282   167.004    78.403   141.032   185.939   183.684   140.555
 2022     142.604   164.224   180.467   167.302   185.844   178.050   190.594   106.286   194.708   198.801   194.019   144.202
 2023     151.687   175.912   193.009   169.828   194.899   182.406   189.966   108.255   205.116   204.786   208.024


  AUTOCORRELATION FUNCTION TEST FOR SEASONALITY IN LINEARIZEDSERIES QS =   371.52  ASIMPTOTICALLY DISTRIBUTED AS CHI-SQUARE(2)
    p-value= 0.0000


  NON-PARAMETRIC TEST FOR SEASONALITY IN LINEARIZED SERIES (FRIEDMAN) SEAS_NP =    175.53
    ASYMP. DISTRIBUTED AS CHI-SQUARE(11)
    p-value= 0.0000


TOTAL OUTLIER EFFECT FACTORS


 YEAR        JAN       FEB       MAR       APR       MAY       JUN       JUL       AUG       SEP       OCT       NOV       DEC 

 2005      62.602    62.602    62.602    62.602    62.602    62.602    62.602    62.602    62.602    62.602    75.665    75.665
 2006      58.221    62.983    66.546    58.236    71.051    72.405    73.368    74.050    74.531    74.869    75.107    75.274
 2007      75.391    75.473    75.531    75.571    90.923    86.048    82.792    80.586    79.077    78.038    77.318    76.819
 2008      76.471    76.228    76.059    75.941    75.858    75.800    75.760    75.731    75.712    75.698    75.688    75.681
 2009      75.676    75.673    75.671    75.669    75.668    75.667    75.667    55.524    75.666    75.666    75.666    75.666
 2010      75.665    75.665    75.665    75.665    75.665    75.665    75.665    75.665    75.665    75.665    75.665    75.665
 2011      75.665    75.665    75.665    75.665    75.665    75.665    75.665    75.665    75.665    75.665    75.665    75.665
 2012      75.665    75.665    75.665    75.665    75.665    75.665    75.665    75.665    75.665    75.665    75.665    75.665
 2013      75.665    75.665    75.665    75.665    75.665    75.665    75.665    75.665    75.665    75.665    75.665    75.665
 2014      75.665    75.665    75.665    75.665    75.665    75.665    75.665    75.665    75.665    75.665    75.665    75.665
 2015      75.665    75.665    75.665    75.665    75.665    75.665    75.665    75.665    75.665    75.665    75.665    75.665
 2016      75.665    75.665    75.665    75.665    75.665    75.665    75.665    75.665    75.665    75.665    75.665    75.665
 2017      75.665    75.665    75.665    75.665    75.665    75.665    75.665    75.665    75.665    75.665    75.665    75.665
 2018      75.665    75.665    75.665    75.665    75.665    75.665    75.665    75.665    75.665    75.665    75.665    75.665
 2019      75.665    75.665    75.665    75.665    75.665    75.665    75.665    75.665    75.665    75.665    75.665    75.665
 2020      75.665    75.665    59.954    29.421    51.622    62.949    88.526    79.708    85.320    89.482    92.516    94.700
 2021      96.260    97.367    98.150    98.701    99.089    99.361    99.553    99.687    99.780    99.846    99.892    99.925
 2022      99.947    99.963    99.974    99.982    99.987    99.991    99.994    99.996    99.997    99.998    99.999    99.999
 2023      99.999    99.999   100.000   100.000   100.000   100.000   100.000   100.000   100.000   100.000   100.000


TOTAL REGRESSION EFFECT FACTORS


 YEAR        JAN       FEB       MAR       APR       MAY       JUN       JUL       AUG       SEP       OCT       NOV       DEC 

 2005      98.366    99.596   100.139   100.155   101.334   100.655    97.386   101.334   101.334    97.386   100.662   100.000
 2006     100.669    99.596   102.483    95.626   101.334   100.655    97.386   101.334    99.017    99.665   100.662    95.478
 2007     103.025    99.596   100.139    97.865   101.334   100.655    99.665   101.334    96.753   101.998   100.662    97.713
 2008     103.025   101.927    95.611   102.499    99.017    98.353   101.998    96.753   101.334   101.998    98.359   100.000
 2009      98.366    99.596   100.139   102.499    96.753   100.655   101.998    99.017   101.334    99.665   100.662   102.340
 2010      96.117    99.596   102.483   102.499    99.017   100.655    99.665   101.334   101.334    97.386   100.662   104.736
 2011      98.366    99.596   100.139   100.155   101.334   100.655    97.386   101.334   101.334    97.386   100.662   100.000
 2012     100.669   101.927   100.139    97.865   101.334   100.655    99.665   101.334    96.753   101.998   100.662    97.713
 2013     103.025    99.596    97.849   100.155   101.334    98.353   101.998    99.017    99.017   101.998    98.359   100.000
 2014     100.669    99.596    97.849   100.155    99.017    98.353   101.998    96.753   101.334   101.998    98.359   100.000
 2015      98.366    99.596   100.139   102.499    96.753   100.655   101.998    99.017   101.334    99.665   100.662   102.340
 2016      96.117   101.927   100.139   100.155   101.334   100.655    97.386   101.334   101.334    97.386   100.662   100.000
 2017     100.669    99.596   102.483    95.626   101.334   100.655    97.386   101.334    99.017    99.665   100.662    95.478
 2018     103.025    99.596   100.139    97.865   101.334   100.655    99.665   101.334    96.753   101.998   100.662    97.713
 2019     103.025    99.596    97.849   100.155   101.334    98.353   101.998    99.017    99.017   101.998    98.359   100.000
 2020     100.669    99.596   100.139   102.499    96.753   100.655   101.998    99.017   101.334    99.665   100.662   102.340
 2021      96.117    99.596   102.483   102.499    99.017   100.655    99.665   101.334   101.334    97.386   100.662   104.736
 2022      98.366    99.596   102.483    97.865   101.334   100.655    97.386   101.334   101.334    97.386   100.662   100.000
 2023     100.669    99.596   102.483    95.626   101.334   100.655    97.386   101.334    99.017    99.665   100.662
 
 
 
 FORECAST FUNCTION OF ORIGINAL SERIES: 
  
ORIGIN: 227 PERIODS AHEAD: 24
  
 OBS    DATE         FORECAST          STD ERROR        FORECAST          STD ERROR   
                        (SERIES IN LOGS)                     (SERIES IN LEVELS)       
 228  Dec-2023       5.03811          0.618225E-01       154.178           9.54081    
 229  Jan-2024       5.10201          0.661416E-01       164.352           10.8824    
 230  Feb-2024       5.23249          0.705590E-01       187.258           13.2292    
 231  Mar-2024       5.28270          0.752347E-01       196.901           14.8348    
 232  Apr-2024       5.19996          0.789340E-01       181.264           14.3302    
 233  May-2024       5.31142          0.827975E-01       202.637           16.8067    
 234  Jun-2024       5.25606          0.865499E-01       191.724           16.6248    
 235  Jul-2024       5.33951          0.902024E-01       208.411           18.8375    
 236  Aug-2024       4.72580          0.934292E-01       112.821           10.5638    
 237  Sep-2024       5.33192          0.966519E-01       206.835           20.0378    
 238  Oct-2024       5.41507          0.998773E-01       224.768           22.5053    
 239  Nov-2024       5.36551          0.102944           213.901           22.0783    
 240  Dec-2024       5.13463          0.113236           169.802           19.2895    
 241  Jan-2025       5.12913          0.118221           168.870           20.0339    
 242  Feb-2025       5.25961          0.123028           192.406           23.7612    
 243  Mar-2025       5.33296          0.128014           207.049           26.6141    
 244  Apr-2025       5.25021          0.132172           190.606           25.3032    
 245  May-2025       5.33854          0.136716           208.208           28.5988    
 246  Jun-2025       5.30631          0.140921           201.605           28.5521    
 247  Jul-2025       5.38977          0.144995           219.153           31.9439    
 248  Aug-2025       4.75292          0.149083           115.923           17.3785    
 249  Sep-2025       5.40531          0.152694           222.585           34.1864    
 250  Oct-2025       5.46532          0.156490           236.352           37.2142    
 251  Nov-2025       5.41577          0.160188           224.925           36.2627    
